[0.021s] Invoking command in '/home/theda/dev_ws/src/autoronto_interview/build/autoronto_interview': CMAKE_PREFIX_PATH=${CMAKE_PREFIX_PATH}:/opt/ros/humble /usr/bin/cmake --build /home/theda/dev_ws/src/autoronto_interview/build/autoronto_interview -- -j4 -l4
[0.072s] [35m[1mConsolidate compiler generated dependencies of target solution[0m
[0.101s] [ 50%] [32mBuilding CXX object CMakeFiles/solution.dir/src/solution.cpp.o[0m
[3.911s] [01m[K/home/theda/dev_ws/src/autoronto_interview/src/solution.cpp:[m[K In member function ‘[01m[Kvoid Solution::timer_callback()[m[K’:
[3.911s] [01m[K/home/theda/dev_ws/src/autoronto_interview/src/solution.cpp:74:26:[m[K [01;31m[Kerror: [m[K‘[01m[Kindices[m[K’ was not declared in this scope; did you mean ‘[01m[Knice[m[K’?
[3.911s]    74 |         solution.data = {[01;31m[Kindices[m[K.first, indices.second};   // can we return the pair directly?
[3.912s]       |                          [01;31m[K^~~~~~~[m[K
[3.912s]       |                          [32m[Knice[m[K
[3.912s] [01m[K/home/theda/dev_ws/src/autoronto_interview/src/solution.cpp:74:55:[m[K [01;31m[Kerror: [m[Kno match for ‘[01m[Koperator=[m[K’ (operand types are ‘[01m[Kstd_msgs::msg::Int8MultiArray_<std::allocator<void> >::_data_type[m[K’ {aka ‘[01m[Kstd::vector<signed char, std::allocator<signed char> >[m[K’} and ‘[01m[K<brace-enclosed initializer list>[m[K’)
[3.913s]    74 |         solution.data = {indices.first, indices.second[01;31m[K}[m[K;   // can we return the pair directly?
[3.913s]       |                                                       [01;31m[K^[m[K
[3.913s] In file included from [01m[K/usr/include/c++/11/vector:72[m[K,
[3.914s]                  from [01m[K/usr/include/c++/11/functional:62[m[K,
[3.914s]                  from [01m[K/home/theda/dev_ws/src/autoronto_interview/src/solution.cpp:6[m[K:
[3.914s] [01m[K/usr/include/c++/11/bits/vector.tcc:198:5:[m[K [01;36m[Knote: [m[Kcandidate: ‘[01m[Kstd::vector<_Tp, _Alloc>& std::vector<_Tp, _Alloc>::operator=(const std::vector<_Tp, _Alloc>&) [with _Tp = signed char; _Alloc = std::allocator<signed char>][m[K’
[3.915s]   198 |     [01;36m[Kvector<_Tp, _Alloc>[m[K::
[3.915s]       |     [01;36m[K^~~~~~~~~~~~~~~~~~~[m[K
[3.915s] [01m[K/usr/include/c++/11/bits/vector.tcc:199:42:[m[K [01;36m[Knote: [m[K  no known conversion for argument 1 from ‘[01m[K<brace-enclosed initializer list>[m[K’ to ‘[01m[Kconst std::vector<signed char, std::allocator<signed char> >&[m[K’
[3.916s]   199 |     operator=([01;36m[Kconst vector<_Tp, _Alloc>& __x[m[K)
[3.916s]       |               [01;36m[K~~~~~~~~~~~~~~~~~~~~~~~~~~~^~~[m[K
[3.916s] In file included from [01m[K/usr/include/c++/11/vector:67[m[K,
[3.917s]                  from [01m[K/usr/include/c++/11/functional:62[m[K,
[3.917s]                  from [01m[K/home/theda/dev_ws/src/autoronto_interview/src/solution.cpp:6[m[K:
[3.917s] [01m[K/usr/include/c++/11/bits/stl_vector.h:709:7:[m[K [01;36m[Knote: [m[Kcandidate: ‘[01m[Kstd::vector<_Tp, _Alloc>& std::vector<_Tp, _Alloc>::operator=(std::vector<_Tp, _Alloc>&&) [with _Tp = signed char; _Alloc = std::allocator<signed char>][m[K’
[3.917s]   709 |       [01;36m[Koperator[m[K=(vector&& __x) noexcept(_Alloc_traits::_S_nothrow_move())
[3.917s]       |       [01;36m[K^~~~~~~~[m[K
[3.917s] [01m[K/usr/include/c++/11/bits/stl_vector.h:709:26:[m[K [01;36m[Knote: [m[K  no known conversion for argument 1 from ‘[01m[K<brace-enclosed initializer list>[m[K’ to ‘[01m[Kstd::vector<signed char, std::allocator<signed char> >&&[m[K’
[3.918s]   709 |       operator=([01;36m[Kvector&& __x[m[K) noexcept(_Alloc_traits::_S_nothrow_move())
[3.918s]       |                 [01;36m[K~~~~~~~~~^~~[m[K
[3.918s] [01m[K/usr/include/c++/11/bits/stl_vector.h:730:7:[m[K [01;36m[Knote: [m[Kcandidate: ‘[01m[Kstd::vector<_Tp, _Alloc>& std::vector<_Tp, _Alloc>::operator=(std::initializer_list<_Tp>) [with _Tp = signed char; _Alloc = std::allocator<signed char>][m[K’
[3.919s]   730 |       [01;36m[Koperator[m[K=(initializer_list<value_type> __l)
[3.919s]       |       [01;36m[K^~~~~~~~[m[K
[3.919s] [01m[K/usr/include/c++/11/bits/stl_vector.h:730:46:[m[K [01;36m[Knote: [m[K  no known conversion for argument 1 from ‘[01m[K<brace-enclosed initializer list>[m[K’ to ‘[01m[Kstd::initializer_list<signed char>[m[K’
[3.919s]   730 |       operator=([01;36m[Kinitializer_list<value_type> __l[m[K)
[3.920s]       |                 [01;36m[K~~~~~~~~~~~~~~~~~~~~~~~~~~~~~^~~[m[K
[3.921s] [01m[K/home/theda/dev_ws/src/autoronto_interview/src/solution.cpp:76:18:[m[K [01;31m[Kerror: [m[K‘[01m[Kstruct std_msgs::msg::Int8MultiArray_<std::allocator<void> >[m[K’ has no member named ‘[01m[Kdim[m[K’
[3.921s]    76 |         solution.[01;31m[Kdim[m[K = {{"length", 2, 2}};  // is this the right name?
[3.922s]       |                  [01;31m[K^~~[m[K
[9.163s] gmake[2]: *** [CMakeFiles/solution.dir/build.make:76: CMakeFiles/solution.dir/src/solution.cpp.o] Error 1
[9.164s] gmake[1]: *** [CMakeFiles/Makefile2:137: CMakeFiles/solution.dir/all] Error 2
[9.164s] gmake: *** [Makefile:146: all] Error 2
[9.167s] Invoked command in '/home/theda/dev_ws/src/autoronto_interview/build/autoronto_interview' returned '2': CMAKE_PREFIX_PATH=${CMAKE_PREFIX_PATH}:/opt/ros/humble /usr/bin/cmake --build /home/theda/dev_ws/src/autoronto_interview/build/autoronto_interview -- -j4 -l4
