[0.019s] Invoking command in '/home/theda/dev_ws/src/autoronto_interview/build/autoronto_interview': CMAKE_PREFIX_PATH=${CMAKE_PREFIX_PATH}:/opt/ros/humble /usr/bin/cmake --build /home/theda/dev_ws/src/autoronto_interview/build/autoronto_interview -- -j4 -l4
[0.059s] [35m[1mConsolidate compiler generated dependencies of target davidchus_test[0m
[0.073s] [ 50%] Built target solution
[0.080s] [ 75%] [32mBuilding CXX object CMakeFiles/davidchus_test.dir/src/test.cpp.o[0m
[12.082s] [100%] [32m[1mLinking CXX executable davidchus_test[0m
[12.734s] [100%] Built target davidchus_test
[12.745s] Invoked command in '/home/theda/dev_ws/src/autoronto_interview/build/autoronto_interview' returned '0': CMAKE_PREFIX_PATH=${CMAKE_PREFIX_PATH}:/opt/ros/humble /usr/bin/cmake --build /home/theda/dev_ws/src/autoronto_interview/build/autoronto_interview -- -j4 -l4
[12.782s] Invoking command in '/home/theda/dev_ws/src/autoronto_interview/build/autoronto_interview': CMAKE_PREFIX_PATH=${CMAKE_PREFIX_PATH}:/opt/ros/humble /usr/bin/cmake --install /home/theda/dev_ws/src/autoronto_interview/build/autoronto_interview
[12.789s] -- Install configuration: ""
[12.790s] -- Up-to-date: /home/theda/dev_ws/src/autoronto_interview/install/autoronto_interview/lib/autoronto_interview/solution
[12.791s] -- Installing: /home/theda/dev_ws/src/autoronto_interview/install/autoronto_interview/lib/autoronto_interview/davidchus_test
[12.797s] -- Set runtime path of "/home/theda/dev_ws/src/autoronto_interview/install/autoronto_interview/lib/autoronto_interview/davidchus_test" to ""
[12.797s] -- Up-to-date: /home/theda/dev_ws/src/autoronto_interview/install/autoronto_interview/share/ament_index/resource_index/package_run_dependencies/autoronto_interview
[12.797s] -- Up-to-date: /home/theda/dev_ws/src/autoronto_interview/install/autoronto_interview/share/ament_index/resource_index/parent_prefix_path/autoronto_interview
[12.797s] -- Up-to-date: /home/theda/dev_ws/src/autoronto_interview/install/autoronto_interview/share/autoronto_interview/environment/ament_prefix_path.sh
[12.798s] -- Up-to-date: /home/theda/dev_ws/src/autoronto_interview/install/autoronto_interview/share/autoronto_interview/environment/ament_prefix_path.dsv
[12.798s] -- Up-to-date: /home/theda/dev_ws/src/autoronto_interview/install/autoronto_interview/share/autoronto_interview/environment/path.sh
[12.799s] -- Up-to-date: /home/theda/dev_ws/src/autoronto_interview/install/autoronto_interview/share/autoronto_interview/environment/path.dsv
[12.799s] -- Up-to-date: /home/theda/dev_ws/src/autoronto_interview/install/autoronto_interview/share/autoronto_interview/local_setup.bash
[12.799s] -- Up-to-date: /home/theda/dev_ws/src/autoronto_interview/install/autoronto_interview/share/autoronto_interview/local_setup.sh
[12.799s] -- Up-to-date: /home/theda/dev_ws/src/autoronto_interview/install/autoronto_interview/share/autoronto_interview/local_setup.zsh
[12.799s] -- Up-to-date: /home/theda/dev_ws/src/autoronto_interview/install/autoronto_interview/share/autoronto_interview/local_setup.dsv
[12.801s] -- Installing: /home/theda/dev_ws/src/autoronto_interview/install/autoronto_interview/share/autoronto_interview/package.dsv
[12.802s] -- Up-to-date: /home/theda/dev_ws/src/autoronto_interview/install/autoronto_interview/share/ament_index/resource_index/packages/autoronto_interview
[12.802s] -- Up-to-date: /home/theda/dev_ws/src/autoronto_interview/install/autoronto_interview/share/autoronto_interview/cmake/autoronto_interviewConfig.cmake
[12.804s] -- Up-to-date: /home/theda/dev_ws/src/autoronto_interview/install/autoronto_interview/share/autoronto_interview/cmake/autoronto_interviewConfig-version.cmake
[12.807s] -- Up-to-date: /home/theda/dev_ws/src/autoronto_interview/install/autoronto_interview/share/autoronto_interview/package.xml
[12.807s] Invoked command in '/home/theda/dev_ws/src/autoronto_interview/build/autoronto_interview' returned '0': CMAKE_PREFIX_PATH=${CMAKE_PREFIX_PATH}:/opt/ros/humble /usr/bin/cmake --install /home/theda/dev_ws/src/autoronto_interview/build/autoronto_interview
