[0.018s] Invoking command in '/home/theda/dev_ws/src/autoronto_interview/build/autoronto_interview': CMAKE_PREFIX_PATH=/opt/ros/humble /usr/bin/cmake --build /home/theda/dev_ws/src/autoronto_interview/build/autoronto_interview -- -j4 -l4
[0.071s] [35m[1mConsolidate compiler generated dependencies of target solution[0m
[0.104s] [100%] Built target solution
[0.140s] Invoked command in '/home/theda/dev_ws/src/autoronto_interview/build/autoronto_interview' returned '0': CMAKE_PREFIX_PATH=/opt/ros/humble /usr/bin/cmake --build /home/theda/dev_ws/src/autoronto_interview/build/autoronto_interview -- -j4 -l4
[0.216s] Invoking command in '/home/theda/dev_ws/src/autoronto_interview/build/autoronto_interview': CMAKE_PREFIX_PATH=/opt/ros/humble /usr/bin/cmake --install /home/theda/dev_ws/src/autoronto_interview/build/autoronto_interview
[0.233s] -- Install configuration: ""
[0.233s] -- Up-to-date: /home/theda/dev_ws/src/autoronto_interview/install/autoronto_interview/lib/autoronto_interview/solution
[0.233s] -- Up-to-date: /home/theda/dev_ws/src/autoronto_interview/install/autoronto_interview/share/ament_index/resource_index/package_run_dependencies/autoronto_interview
[0.234s] -- Up-to-date: /home/theda/dev_ws/src/autoronto_interview/install/autoronto_interview/share/ament_index/resource_index/parent_prefix_path/autoronto_interview
[0.234s] -- Up-to-date: /home/theda/dev_ws/src/autoronto_interview/install/autoronto_interview/share/autoronto_interview/environment/ament_prefix_path.sh
[0.234s] -- Up-to-date: /home/theda/dev_ws/src/autoronto_interview/install/autoronto_interview/share/autoronto_interview/environment/ament_prefix_path.dsv
[0.234s] -- Up-to-date: /home/theda/dev_ws/src/autoronto_interview/install/autoronto_interview/share/autoronto_interview/environment/path.sh
[0.235s] -- Up-to-date: /home/theda/dev_ws/src/autoronto_interview/install/autoronto_interview/share/autoronto_interview/environment/path.dsv
[0.235s] -- Up-to-date: /home/theda/dev_ws/src/autoronto_interview/install/autoronto_interview/share/autoronto_interview/local_setup.bash
[0.236s] -- Up-to-date: /home/theda/dev_ws/src/autoronto_interview/install/autoronto_interview/share/autoronto_interview/local_setup.sh
[0.236s] -- Up-to-date: /home/theda/dev_ws/src/autoronto_interview/install/autoronto_interview/share/autoronto_interview/local_setup.zsh
[0.237s] -- Up-to-date: /home/theda/dev_ws/src/autoronto_interview/install/autoronto_interview/share/autoronto_interview/local_setup.dsv
[0.238s] -- Installing: /home/theda/dev_ws/src/autoronto_interview/install/autoronto_interview/share/autoronto_interview/package.dsv
[0.241s] -- Up-to-date: /home/theda/dev_ws/src/autoronto_interview/install/autoronto_interview/share/ament_index/resource_index/packages/autoronto_interview
[0.242s] -- Up-to-date: /home/theda/dev_ws/src/autoronto_interview/install/autoronto_interview/share/autoronto_interview/cmake/autoronto_interviewConfig.cmake
[0.245s] -- Up-to-date: /home/theda/dev_ws/src/autoronto_interview/install/autoronto_interview/share/autoronto_interview/cmake/autoronto_interviewConfig-version.cmake
[0.247s] -- Up-to-date: /home/theda/dev_ws/src/autoronto_interview/install/autoronto_interview/share/autoronto_interview/package.xml
[0.248s] Invoked command in '/home/theda/dev_ws/src/autoronto_interview/build/autoronto_interview' returned '0': CMAKE_PREFIX_PATH=/opt/ros/humble /usr/bin/cmake --install /home/theda/dev_ws/src/autoronto_interview/build/autoronto_interview
