[0.023s] Invoking command in '/home/theda/dev_ws/src/autoronto_interview/build/autoronto_interview': CMAKE_PREFIX_PATH=${CMAKE_PREFIX_PATH}:/opt/ros/humble /usr/bin/cmake --build /home/theda/dev_ws/src/autoronto_interview/build/autoronto_interview -- -j4 -l4
[0.089s] [ 50%] [32mBuilding CXX object CMakeFiles/solution.dir/src/solution.cpp.o[0m
[3.362s] [01m[K/home/theda/dev_ws/src/autoronto_interview/src/solution.cpp:42:31:[m[K [01;31m[Kerror: [m[K‘[01m[Kstd_msg[m[K’ does not name a type
[3.363s]    42 |     void input_callback(const [01;31m[Kstd_msg[m[K::msg::Int8MultiArray &input) {
[3.363s]       |                               [01;31m[K^~~~~~~[m[K
[3.363s] [01m[K/home/theda/dev_ws/src/autoronto_interview/src/solution.cpp:42:43:[m[K [01;31m[Kerror: [m[Kexpected unqualified-id before ‘[01m[K::[m[K’ token
[3.364s]    42 |     void input_callback(const std_msg::msg[01;31m[K::[m[KInt8MultiArray &input) {
[3.364s]       |                                           [01;31m[K^~[m[K
[3.364s] [01m[K/home/theda/dev_ws/src/autoronto_interview/src/solution.cpp:42:43:[m[K [01;31m[Kerror: [m[Kexpected ‘[01m[K)[m[K’ before ‘[01m[K::[m[K’ token
[3.365s]    42 |     void input_callback[34m[K([m[Kconst std_msg::msg[01;31m[K:[m[K[32m[K:[m[KInt8MultiArray &input) {
[3.365s]       |                        [34m[K~[m[K                  [01;31m[K^[m[K[32m[K~[m[K
[3.365s]       |                                           [32m[K)[m[K
[3.365s] [01m[K/home/theda/dev_ws/src/autoronto_interview/src/solution.cpp:42:40:[m[K [01;31m[Kerror: [m[Kexpected ‘[01m[K;[m[K’ at end of member declaration
[3.366s]    42 |     void input_callback(const std_msg::[01;31m[Kmsg[m[K::Int8MultiArray &input) {
[3.366s]       |                                        [01;31m[K^~~[m[K
[3.366s]       |                                           [32m[K;[m[K
[3.368s] [01m[K/home/theda/dev_ws/src/autoronto_interview/src/solution.cpp:42:45:[m[K [01;31m[Kerror: [m[K‘[01m[KInt8MultiArray[m[K’ in namespace ‘[01m[K::[m[K’ does not name a type
[3.368s]    42 |     void input_callback(const std_msg::msg::[01;31m[KInt8MultiArray[m[K &input) {
[3.368s]       |                                             [01;31m[K^~~~~~~~~~~~~~[m[K
[3.371s] [01m[K/home/theda/dev_ws/src/autoronto_interview/src/solution.cpp:49:32:[m[K [01;31m[Kerror: [m[K‘[01m[Kstd_msg[m[K’ does not name a type
[3.371s]    49 |     void target_callback(const [01;31m[Kstd_msg[m[K::msg::Int8 &target) {
[3.372s]       |                                [01;31m[K^~~~~~~[m[K
[3.372s] [01m[K/home/theda/dev_ws/src/autoronto_interview/src/solution.cpp:49:44:[m[K [01;31m[Kerror: [m[Kexpected unqualified-id before ‘[01m[K::[m[K’ token
[3.372s]    49 |     void target_callback(const std_msg::msg[01;31m[K::[m[KInt8 &target) {
[3.372s]       |                                            [01;31m[K^~[m[K
[3.373s] [01m[K/home/theda/dev_ws/src/autoronto_interview/src/solution.cpp:49:44:[m[K [01;31m[Kerror: [m[Kexpected ‘[01m[K)[m[K’ before ‘[01m[K::[m[K’ token
[3.373s]    49 |     void target_callback[34m[K([m[Kconst std_msg::msg[01;31m[K:[m[K[32m[K:[m[KInt8 &target) {
[3.373s]       |                         [34m[K~[m[K                  [01;31m[K^[m[K[32m[K~[m[K
[3.373s]       |                                            [32m[K)[m[K
[3.374s] [01m[K/home/theda/dev_ws/src/autoronto_interview/src/solution.cpp:49:41:[m[K [01;31m[Kerror: [m[Kexpected ‘[01m[K;[m[K’ at end of member declaration
[3.374s]    49 |     void target_callback(const std_msg::[01;31m[Kmsg[m[K::Int8 &target) {
[3.374s]       |                                         [01;31m[K^~~[m[K
[3.375s]       |                                            [32m[K;[m[K
[3.375s] [01m[K/home/theda/dev_ws/src/autoronto_interview/src/solution.cpp:49:46:[m[K [01;31m[Kerror: [m[K‘[01m[KInt8[m[K’ in namespace ‘[01m[K::[m[K’ does not name a type
[3.375s]    49 |     void target_callback(const std_msg::msg::[01;31m[KInt8[m[K &target) {
[3.375s]       |                                              [01;31m[K^~~~[m[K
[3.396s] [01m[K/home/theda/dev_ws/src/autoronto_interview/src/solution.cpp:[m[K In constructor ‘[01m[KSolution::Solution()[m[K’:
[3.396s] [01m[K/home/theda/dev_ws/src/autoronto_interview/src/solution.cpp:27:9:[m[K [01;31m[Kerror: [m[K‘[01m[Kinput_subscription_[m[K’ was not declared in this scope; did you mean ‘[01m[Kcreate_subscription[m[K’?
[3.396s]    27 |         [01;31m[Kinput_subscription_[m[K = this->create_subscription<std_msgs::msg::Int8MultiArray>(
[3.396s]       |         [01;31m[K^~~~~~~~~~~~~~~~~~~[m[K
[3.397s]       |         [32m[Kcreate_subscription[m[K
[3.397s] [01m[K/home/theda/dev_ws/src/autoronto_interview/src/solution.cpp:28:70:[m[K [01;31m[Kerror: [m[K‘[01m[K_1[m[K’ was not declared in this scope; did you mean ‘[01m[Kstd::placeholders::_1[m[K’?
[3.398s]    28 |             "/input", 10, std::bind(&Solution::input_callback, this, [01;31m[K_1[m[K));
[3.398s]       |                                                                      [01;31m[K^~[m[K
[3.399s]       |                                                                      [32m[Kstd::placeholders::_1[m[K
[3.399s] In file included from [01m[K/home/theda/dev_ws/src/autoronto_interview/src/solution.cpp:6[m[K:
[3.399s] [01m[K/usr/include/c++/11/functional:225:34:[m[K [01;36m[Knote: [m[K‘[01m[Kstd::placeholders::_1[m[K’ declared here
[3.399s]   225 |     extern const _Placeholder<1> [01;36m[K_1[m[K;
[3.399s]       |                                  [01;36m[K^~[m[K
[3.408s] [01m[K/home/theda/dev_ws/src/autoronto_interview/src/solution.cpp:29:9:[m[K [01;31m[Kerror: [m[K‘[01m[Ktarget_subscription_[m[K’ was not declared in this scope; did you mean ‘[01m[Kcreate_subscription[m[K’?
[3.408s]    29 |         [01;31m[Ktarget_subscription_[m[K = this->create_subscription<std_msgs::msg::Int8>(
[3.408s]       |         [01;31m[K^~~~~~~~~~~~~~~~~~~~[m[K
[3.409s]       |         [32m[Kcreate_subscription[m[K
[3.432s] [01m[K/home/theda/dev_ws/src/autoronto_interview/src/solution.cpp:[m[K In member function ‘[01m[Kvoid Solution::timer_callback()[m[K’:
[3.432s] [01m[K/home/theda/dev_ws/src/autoronto_interview/src/solution.cpp:73:26:[m[K [01;31m[Kerror: [m[K‘[01m[Kindices[m[K’ was not declared in this scope; did you mean ‘[01m[Knice[m[K’?
[3.433s]    73 |         solution.data = {[01;31m[Kindices[m[K.first, indices.second};   // can we return the pair directly?
[3.433s]       |                          [01;31m[K^~~~~~~[m[K
[3.434s]       |                          [32m[Knice[m[K
[3.434s] [01m[K/home/theda/dev_ws/src/autoronto_interview/src/solution.cpp:73:55:[m[K [01;31m[Kerror: [m[Kno match for ‘[01m[Koperator=[m[K’ (operand types are ‘[01m[Kstd_msgs::msg::Int8MultiArray_<std::allocator<void> >::_data_type[m[K’ {aka ‘[01m[Kstd::vector<signed char, std::allocator<signed char> >[m[K’} and ‘[01m[K<brace-enclosed initializer list>[m[K’)
[3.435s]    73 |         solution.data = {indices.first, indices.second[01;31m[K}[m[K;   // can we return the pair directly?
[3.435s]       |                                                       [01;31m[K^[m[K
[3.435s] In file included from [01m[K/usr/include/c++/11/vector:72[m[K,
[3.436s]                  from [01m[K/usr/include/c++/11/functional:62[m[K,
[3.436s]                  from [01m[K/home/theda/dev_ws/src/autoronto_interview/src/solution.cpp:6[m[K:
[3.436s] [01m[K/usr/include/c++/11/bits/vector.tcc:198:5:[m[K [01;36m[Knote: [m[Kcandidate: ‘[01m[Kstd::vector<_Tp, _Alloc>& std::vector<_Tp, _Alloc>::operator=(const std::vector<_Tp, _Alloc>&) [with _Tp = signed char; _Alloc = std::allocator<signed char>][m[K’
[3.437s]   198 |     [01;36m[Kvector<_Tp, _Alloc>[m[K::
[3.437s]       |     [01;36m[K^~~~~~~~~~~~~~~~~~~[m[K
[3.437s] [01m[K/usr/include/c++/11/bits/vector.tcc:199:42:[m[K [01;36m[Knote: [m[K  no known conversion for argument 1 from ‘[01m[K<brace-enclosed initializer list>[m[K’ to ‘[01m[Kconst std::vector<signed char, std::allocator<signed char> >&[m[K’
[3.437s]   199 |     operator=([01;36m[Kconst vector<_Tp, _Alloc>& __x[m[K)
[3.438s]       |               [01;36m[K~~~~~~~~~~~~~~~~~~~~~~~~~~~^~~[m[K
[3.438s] In file included from [01m[K/usr/include/c++/11/vector:67[m[K,
[3.439s]                  from [01m[K/usr/include/c++/11/functional:62[m[K,
[3.440s]                  from [01m[K/home/theda/dev_ws/src/autoronto_interview/src/solution.cpp:6[m[K:
[3.441s] [01m[K/usr/include/c++/11/bits/stl_vector.h:709:7:[m[K [01;36m[Knote: [m[Kcandidate: ‘[01m[Kstd::vector<_Tp, _Alloc>& std::vector<_Tp, _Alloc>::operator=(std::vector<_Tp, _Alloc>&&) [with _Tp = signed char; _Alloc = std::allocator<signed char>][m[K’
[3.449s]   709 |       [01;36m[Koperator[m[K=(vector&& __x) noexcept(_Alloc_traits::_S_nothrow_move())
[3.449s]       |       [01;36m[K^~~~~~~~[m[K
[3.449s] [01m[K/usr/include/c++/11/bits/stl_vector.h:709:26:[m[K [01;36m[Knote: [m[K  no known conversion for argument 1 from ‘[01m[K<brace-enclosed initializer list>[m[K’ to ‘[01m[Kstd::vector<signed char, std::allocator<signed char> >&&[m[K’
[3.450s]   709 |       operator=([01;36m[Kvector&& __x[m[K) noexcept(_Alloc_traits::_S_nothrow_move())
[3.450s]       |                 [01;36m[K~~~~~~~~~^~~[m[K
[3.450s] [01m[K/usr/include/c++/11/bits/stl_vector.h:730:7:[m[K [01;36m[Knote: [m[Kcandidate: ‘[01m[Kstd::vector<_Tp, _Alloc>& std::vector<_Tp, _Alloc>::operator=(std::initializer_list<_Tp>) [with _Tp = signed char; _Alloc = std::allocator<signed char>][m[K’
[3.451s]   730 |       [01;36m[Koperator[m[K=(initializer_list<value_type> __l)
[3.451s]       |       [01;36m[K^~~~~~~~[m[K
[3.451s] [01m[K/usr/include/c++/11/bits/stl_vector.h:730:46:[m[K [01;36m[Knote: [m[K  no known conversion for argument 1 from ‘[01m[K<brace-enclosed initializer list>[m[K’ to ‘[01m[Kstd::initializer_list<signed char>[m[K’
[3.452s]   730 |       operator=([01;36m[Kinitializer_list<value_type> __l[m[K)
[3.452s]       |                 [01;36m[K~~~~~~~~~~~~~~~~~~~~~~~~~~~~~^~~[m[K
[3.452s] [01m[K/home/theda/dev_ws/src/autoronto_interview/src/solution.cpp:75:18:[m[K [01;31m[Kerror: [m[K‘[01m[Kstruct std_msgs::msg::Int8MultiArray_<std::allocator<void> >[m[K’ has no member named ‘[01m[Kdim[m[K’
[3.453s]    75 |         solution.[01;31m[Kdim[m[K = {{"length", 2, 2}};  // is this the right name?
[3.453s]       |                  [01;31m[K^~~[m[K
[4.936s] gmake[2]: *** [CMakeFiles/solution.dir/build.make:76: CMakeFiles/solution.dir/src/solution.cpp.o] Error 1
[4.936s] gmake[1]: *** [CMakeFiles/Makefile2:137: CMakeFiles/solution.dir/all] Error 2
[4.937s] gmake: *** [Makefile:146: all] Error 2
[4.939s] Invoked command in '/home/theda/dev_ws/src/autoronto_interview/build/autoronto_interview' returned '2': CMAKE_PREFIX_PATH=${CMAKE_PREFIX_PATH}:/opt/ros/humble /usr/bin/cmake --build /home/theda/dev_ws/src/autoronto_interview/build/autoronto_interview -- -j4 -l4
