[01m[K/home/theda/dev_ws/src/autoronto_interview/src/solution.cpp:48:71:[m[K [01;31m[Kerror: [m[Kmacro "assert" passed 3 arguments, but takes just 1
   48 |                 ivec2str(input_).c_str(), ivec2str(input.data).c_str()[01;31m[K)[m[K;
      |                                                                       [01;31m[K^[m[K
In file included from [01m[K/usr/include/c++/11/cassert:44[m[K,
                 from [01m[K/home/theda/dev_ws/src/autoronto_interview/src/ivec2str.hpp:4[m[K,
                 from [01m[K/home/theda/dev_ws/src/autoronto_interview/src/solution.cpp:15[m[K:
[01m[K/usr/include/assert.h:92:[m[K [01;36m[Knote: [m[Kmacro "assert" defined here
   92 | #  define assert(expr)                                                  \
      | 
[01m[K/home/theda/dev_ws/src/autoronto_interview/src/solution.cpp:57:28:[m[K [01;31m[Kerror: [m[Kmacro "assert" passed 3 arguments, but takes just 1
   57 |                 target.data[01;31m[K)[m[K;
      |                            [01;31m[K^[m[K
In file included from [01m[K/usr/include/c++/11/cassert:44[m[K,
                 from [01m[K/home/theda/dev_ws/src/autoronto_interview/src/ivec2str.hpp:4[m[K,
                 from [01m[K/home/theda/dev_ws/src/autoronto_interview/src/solution.cpp:15[m[K:
[01m[K/usr/include/assert.h:92:[m[K [01;36m[Knote: [m[Kmacro "assert" defined here
   92 | #  define assert(expr)                                                  \
      | 
In file included from [01m[K/opt/ros/humble/include/rclcpp/rclcpp/logging.hpp:24[m[K,
                 from [01m[K/opt/ros/humble/include/rclcpp/rclcpp/client.hpp:40[m[K,
                 from [01m[K/opt/ros/humble/include/rclcpp/rclcpp/callback_group.hpp:23[m[K,
                 from [01m[K/opt/ros/humble/include/rclcpp/rclcpp/any_executable.hpp:20[m[K,
                 from [01m[K/opt/ros/humble/include/rclcpp/rclcpp/memory_strategy.hpp:25[m[K,
                 from [01m[K/opt/ros/humble/include/rclcpp/rclcpp/memory_strategies.hpp:18[m[K,
                 from [01m[K/opt/ros/humble/include/rclcpp/rclcpp/executor_options.hpp:20[m[K,
                 from [01m[K/opt/ros/humble/include/rclcpp/rclcpp/executor.hpp:37[m[K,
                 from [01m[K/opt/ros/humble/include/rclcpp/rclcpp/executors/multi_threaded_executor.hpp:25[m[K,
                 from [01m[K/opt/ros/humble/include/rclcpp/rclcpp/executors.hpp:21[m[K,
                 from [01m[K/opt/ros/humble/include/rclcpp/rclcpp/rclcpp.hpp:155[m[K,
                 from [01m[K/home/theda/dev_ws/src/autoronto_interview/src/solution.cpp:10[m[K:
[01m[K/home/theda/dev_ws/src/autoronto_interview/src/solution.cpp:[m[K In member function ‘[01m[Kvoid Solution::input_callback(const Int8MultiArray&)[m[K’:
[01m[K/home/theda/dev_ws/src/autoronto_interview/src/solution.cpp:46:32:[m[K [01;31m[Kerror: [m[Kbinding reference of type ‘[01m[Kstd::vector<signed char, std::allocator<signed char> >&[m[K’ to ‘[01m[Kconst _data_type[m[K’ {aka ‘[01m[Kconst std::vector<signed char, std::allocator<signed char> >[m[K’} discards qualifiers
   46 |                 ivec2str([01;31m[Kinput.data[m[K).c_str());
      |                          [01;31m[K~~~~~~^~~~[m[K
In file included from [01m[K/home/theda/dev_ws/src/autoronto_interview/src/solution.cpp:15[m[K:
[01m[K/home/theda/dev_ws/src/autoronto_interview/src/ivec2str.hpp:11:48:[m[K [01;36m[Knote: [m[K  initializing argument 1 of ‘[01m[Kstd::string ivec2str(std::vector<signed char, std::allocator<signed char> >&)[m[K’
   11 | std::string ivec2str([01;36m[Kstd::vector<std::int8_t> &input[m[K) {
      |                      [01;36m[K~~~~~~~~~~~~~~~~~~~~~~~~~~^~~~~[m[K
[01m[K/home/theda/dev_ws/src/autoronto_interview/src/solution.cpp:47:9:[m[K [01;31m[Kerror: [m[K‘[01m[Kassert[m[K’ was not declared in this scope
   47 |         [01;31m[Kassert[m[K(!input_is_valid_ && "clobbering input %s with %s!",
      |         [01;31m[K^~~~~~[m[K
[01m[K/home/theda/dev_ws/src/autoronto_interview/src/solution.cpp:16:1:[m[K [01;36m[Knote: [m[K‘[01m[Kassert[m[K’ is defined in header ‘[01m[K<cassert>[m[K’; did you forget to ‘[01m[K#include <cassert>[m[K’?
   15 | #include "ivec2str.hpp"
  +++ |+[32m[K#include <cassert>[m[K
   16 | 
[01m[K/home/theda/dev_ws/src/autoronto_interview/src/solution.cpp:[m[K In member function ‘[01m[Kvoid Solution::target_callback(const Int8&)[m[K’:
[01m[K/home/theda/dev_ws/src/autoronto_interview/src/solution.cpp:56:9:[m[K [01;31m[Kerror: [m[K‘[01m[Kassert[m[K’ was not declared in this scope
   56 |         [01;31m[Kassert[m[K(!target_is_valid_ && "clobbering target %d with %d!", target_,
      |         [01;31m[K^~~~~~[m[K
[01m[K/home/theda/dev_ws/src/autoronto_interview/src/solution.cpp:56:9:[m[K [01;36m[Knote: [m[K‘[01m[Kassert[m[K’ is defined in header ‘[01m[K<cassert>[m[K’; did you forget to ‘[01m[K#include <cassert>[m[K’?
gmake[2]: *** [CMakeFiles/solution.dir/build.make:76: CMakeFiles/solution.dir/src/solution.cpp.o] Error 1
gmake[1]: *** [CMakeFiles/Makefile2:137: CMakeFiles/solution.dir/all] Error 2
gmake: *** [Makefile:146: all] Error 2
