[0.353s] DEBUG:colcon:Command line arguments: ['/usr/bin/colcon', 'build', '--packages-select', 'autoronto_interview']
[0.353s] DEBUG:colcon:Parsed command line arguments: Namespace(log_base=None, log_level=None, verb_name='build', build_base='build', install_base='install', merge_install=False, symlink_install=False, test_result_base=None, continue_on_error=False, executor='parallel', parallel_workers=4, event_handlers=None, ignore_user_meta=False, metas=['./colcon.meta'], base_paths=['.'], packages_ignore=None, packages_ignore_regex=None, paths=None, packages_up_to=None, packages_up_to_regex=None, packages_above=None, packages_above_and_dependencies=None, packages_above_depth=None, packages_select_by_dep=None, packages_skip_by_dep=None, packages_skip_up_to=None, packages_select_build_failed=False, packages_skip_build_finished=False, packages_select_test_failures=False, packages_skip_test_passed=False, packages_select=['autoronto_interview'], packages_skip=None, packages_select_regex=None, packages_skip_regex=None, packages_start=None, packages_end=None, allow_overriding=[], cmake_args=None, cmake_target=None, cmake_target_skip_unavailable=False, cmake_clean_cache=False, cmake_clean_first=False, cmake_force_configure=False, ament_cmake_args=None, catkin_cmake_args=None, catkin_skip_building_tests=False, verb_parser=<colcon_defaults.argument_parser.defaults.DefaultArgumentsDecorator object at 0x7fed4f9a7a30>, verb_extension=<colcon_core.verb.build.BuildVerb object at 0x7fed5029a920>, main=<bound method BuildVerb.main of <colcon_core.verb.build.BuildVerb object at 0x7fed5029a920>>)
[0.378s] Level 1:colcon.colcon_core.package_discovery:discover_packages(colcon_meta) check parameters
[0.379s] Level 1:colcon.colcon_core.package_discovery:discover_packages(recursive) check parameters
[0.379s] Level 1:colcon.colcon_core.package_discovery:discover_packages(ignore) check parameters
[0.379s] Level 1:colcon.colcon_core.package_discovery:discover_packages(path) check parameters
[0.379s] Level 1:colcon.colcon_core.package_discovery:discover_packages(colcon_meta) discover
[0.379s] Level 1:colcon.colcon_core.package_discovery:discover_packages(recursive) discover
[0.379s] INFO:colcon.colcon_core.package_discovery:Crawling recursively for packages in '/home/theda/dev_ws/src/autoronto_interview'
[0.379s] Level 1:colcon.colcon_core.package_identification:_identify(.) by extensions ['ignore', 'ignore_ament_install']
[0.379s] Level 1:colcon.colcon_core.package_identification:_identify(.) by extension 'ignore'
[0.380s] Level 1:colcon.colcon_core.package_identification:_identify(.) by extension 'ignore_ament_install'
[0.380s] Level 1:colcon.colcon_core.package_identification:_identify(.) by extensions ['colcon_pkg']
[0.380s] Level 1:colcon.colcon_core.package_identification:_identify(.) by extension 'colcon_pkg'
[0.380s] Level 1:colcon.colcon_core.package_identification:_identify(.) by extensions ['colcon_meta']
[0.380s] Level 1:colcon.colcon_core.package_identification:_identify(.) by extension 'colcon_meta'
[0.380s] Level 1:colcon.colcon_core.package_identification:_identify(.) by extensions ['ros']
[0.380s] Level 1:colcon.colcon_core.package_identification:_identify(.) by extension 'ros'
[0.395s] DEBUG:colcon.colcon_core.package_identification:Package '.' with type 'ros.ament_cmake' and name 'autoronto_interview'
[0.395s] Level 1:colcon.colcon_core.package_discovery:discover_packages(recursive) using defaults
[0.395s] Level 1:colcon.colcon_core.package_discovery:discover_packages(ignore) discover
[0.395s] Level 1:colcon.colcon_core.package_discovery:discover_packages(ignore) using defaults
[0.395s] Level 1:colcon.colcon_core.package_discovery:discover_packages(path) discover
[0.395s] Level 1:colcon.colcon_core.package_discovery:discover_packages(path) using defaults
[0.431s] Level 1:colcon.colcon_core.package_discovery:discover_packages(prefix_path) check parameters
[0.432s] Level 1:colcon.colcon_core.package_discovery:discover_packages(prefix_path) discover
[0.434s] DEBUG:colcon.colcon_installed_package_information.package_discovery:Found 1 installed packages in /home/theda/dev_ws/src/autoronto_interview/install
[0.436s] DEBUG:colcon.colcon_installed_package_information.package_discovery:Found 180 installed packages in /opt/ros/humble
[0.437s] Level 1:colcon.colcon_core.package_discovery:discover_packages(prefix_path) using defaults
[0.477s] Level 5:colcon.colcon_core.verb:set package 'autoronto_interview' build argument 'cmake_args' from command line to 'None'
[0.477s] Level 5:colcon.colcon_core.verb:set package 'autoronto_interview' build argument 'cmake_target' from command line to 'None'
[0.477s] Level 5:colcon.colcon_core.verb:set package 'autoronto_interview' build argument 'cmake_target_skip_unavailable' from command line to 'False'
[0.477s] Level 5:colcon.colcon_core.verb:set package 'autoronto_interview' build argument 'cmake_clean_cache' from command line to 'False'
[0.477s] Level 5:colcon.colcon_core.verb:set package 'autoronto_interview' build argument 'cmake_clean_first' from command line to 'False'
[0.477s] Level 5:colcon.colcon_core.verb:set package 'autoronto_interview' build argument 'cmake_force_configure' from command line to 'False'
[0.477s] Level 5:colcon.colcon_core.verb:set package 'autoronto_interview' build argument 'ament_cmake_args' from command line to 'None'
[0.477s] Level 5:colcon.colcon_core.verb:set package 'autoronto_interview' build argument 'catkin_cmake_args' from command line to 'None'
[0.477s] Level 5:colcon.colcon_core.verb:set package 'autoronto_interview' build argument 'catkin_skip_building_tests' from command line to 'False'
[0.477s] DEBUG:colcon.colcon_core.verb:Building package 'autoronto_interview' with the following arguments: {'ament_cmake_args': None, 'build_base': '/home/theda/dev_ws/src/autoronto_interview/build/autoronto_interview', 'catkin_cmake_args': None, 'catkin_skip_building_tests': False, 'cmake_args': None, 'cmake_clean_cache': False, 'cmake_clean_first': False, 'cmake_force_configure': False, 'cmake_target': None, 'cmake_target_skip_unavailable': False, 'install_base': '/home/theda/dev_ws/src/autoronto_interview/install/autoronto_interview', 'merge_install': False, 'path': '/home/theda/dev_ws/src/autoronto_interview', 'symlink_install': False, 'test_result_base': None}
[0.478s] INFO:colcon.colcon_core.executor:Executing jobs using 'parallel' executor
[0.483s] DEBUG:colcon.colcon_parallel_executor.executor.parallel:run_until_complete
[0.483s] INFO:colcon.colcon_ros.task.ament_cmake.build:Building ROS package in '/home/theda/dev_ws/src/autoronto_interview' with build type 'ament_cmake'
[0.484s] INFO:colcon.colcon_cmake.task.cmake.build:Building CMake package in '/home/theda/dev_ws/src/autoronto_interview'
[0.492s] INFO:colcon.colcon_core.plugin_system:Skipping extension 'colcon_core.shell.bat': Not used on non-Windows systems
[0.492s] INFO:colcon.colcon_core.shell:Skip shell extension 'powershell' for command environment: Not usable outside of PowerShell
[0.492s] DEBUG:colcon.colcon_core.shell:Skip shell extension 'dsv' for command environment
[0.509s] DEBUG:colcon.colcon_core.event_handler.log_command:Invoking command in '/home/theda/dev_ws/src/autoronto_interview/build/autoronto_interview': CMAKE_PREFIX_PATH=${CMAKE_PREFIX_PATH}:/opt/ros/humble /usr/bin/cmake --build /home/theda/dev_ws/src/autoronto_interview/build/autoronto_interview -- -j4 -l4
[18.576s] DEBUG:colcon.colcon_core.event_handler.log_command:Invoked command in '/home/theda/dev_ws/src/autoronto_interview/build/autoronto_interview' returned '0': CMAKE_PREFIX_PATH=${CMAKE_PREFIX_PATH}:/opt/ros/humble /usr/bin/cmake --build /home/theda/dev_ws/src/autoronto_interview/build/autoronto_interview -- -j4 -l4
[18.627s] DEBUG:colcon.colcon_core.event_handler.log_command:Invoking command in '/home/theda/dev_ws/src/autoronto_interview/build/autoronto_interview': CMAKE_PREFIX_PATH=${CMAKE_PREFIX_PATH}:/opt/ros/humble /usr/bin/cmake --install /home/theda/dev_ws/src/autoronto_interview/build/autoronto_interview
[18.655s] Level 1:colcon.colcon_core.environment:create_environment_scripts_only(autoronto_interview)
[18.661s] DEBUG:colcon.colcon_core.event_handler.log_command:Invoked command in '/home/theda/dev_ws/src/autoronto_interview/build/autoronto_interview' returned '0': CMAKE_PREFIX_PATH=${CMAKE_PREFIX_PATH}:/opt/ros/humble /usr/bin/cmake --install /home/theda/dev_ws/src/autoronto_interview/build/autoronto_interview
[18.668s] Level 1:colcon.colcon_core.environment:checking '/home/theda/dev_ws/src/autoronto_interview/install/autoronto_interview' for CMake module files
[18.669s] Level 1:colcon.colcon_core.environment:checking '/home/theda/dev_ws/src/autoronto_interview/install/autoronto_interview' for CMake config files
[18.669s] Level 1:colcon.colcon_core.shell:create_environment_hook('autoronto_interview', 'cmake_prefix_path')
[18.671s] INFO:colcon.colcon_core.shell:Creating environment hook '/home/theda/dev_ws/src/autoronto_interview/install/autoronto_interview/share/autoronto_interview/hook/cmake_prefix_path.ps1'
[18.673s] INFO:colcon.colcon_core.shell:Creating environment descriptor '/home/theda/dev_ws/src/autoronto_interview/install/autoronto_interview/share/autoronto_interview/hook/cmake_prefix_path.dsv'
[18.675s] INFO:colcon.colcon_core.shell:Creating environment hook '/home/theda/dev_ws/src/autoronto_interview/install/autoronto_interview/share/autoronto_interview/hook/cmake_prefix_path.sh'
[18.677s] Level 1:colcon.colcon_core.environment:checking '/home/theda/dev_ws/src/autoronto_interview/install/autoronto_interview/lib'
[18.678s] Level 1:colcon.colcon_core.environment:checking '/home/theda/dev_ws/src/autoronto_interview/install/autoronto_interview/bin'
[18.678s] Level 1:colcon.colcon_core.environment:checking '/home/theda/dev_ws/src/autoronto_interview/install/autoronto_interview/lib/pkgconfig/autoronto_interview.pc'
[18.678s] Level 1:colcon.colcon_core.environment:checking '/home/theda/dev_ws/src/autoronto_interview/install/autoronto_interview/lib/python3.10/site-packages'
[18.679s] Level 1:colcon.colcon_core.environment:checking '/home/theda/dev_ws/src/autoronto_interview/install/autoronto_interview/bin'
[18.681s] INFO:colcon.colcon_core.shell:Creating package script '/home/theda/dev_ws/src/autoronto_interview/install/autoronto_interview/share/autoronto_interview/package.ps1'
[18.688s] INFO:colcon.colcon_core.shell:Creating package descriptor '/home/theda/dev_ws/src/autoronto_interview/install/autoronto_interview/share/autoronto_interview/package.dsv'
[18.691s] INFO:colcon.colcon_core.shell:Creating package script '/home/theda/dev_ws/src/autoronto_interview/install/autoronto_interview/share/autoronto_interview/package.sh'
[18.694s] INFO:colcon.colcon_core.shell:Creating package script '/home/theda/dev_ws/src/autoronto_interview/install/autoronto_interview/share/autoronto_interview/package.bash'
[18.696s] INFO:colcon.colcon_core.shell:Creating package script '/home/theda/dev_ws/src/autoronto_interview/install/autoronto_interview/share/autoronto_interview/package.zsh'
[18.698s] Level 1:colcon.colcon_core.environment:create_file_with_runtime_dependencies(/home/theda/dev_ws/src/autoronto_interview/install/autoronto_interview/share/colcon-core/packages/autoronto_interview)
[18.730s] Level 1:colcon.colcon_core.environment:create_environment_scripts_only(autoronto_interview)
[18.749s] Level 1:colcon.colcon_core.environment:checking '/home/theda/dev_ws/src/autoronto_interview/install/autoronto_interview' for CMake module files
[18.751s] Level 1:colcon.colcon_core.environment:checking '/home/theda/dev_ws/src/autoronto_interview/install/autoronto_interview' for CMake config files
[18.751s] Level 1:colcon.colcon_core.shell:create_environment_hook('autoronto_interview', 'cmake_prefix_path')
[18.754s] INFO:colcon.colcon_core.shell:Creating environment hook '/home/theda/dev_ws/src/autoronto_interview/install/autoronto_interview/share/autoronto_interview/hook/cmake_prefix_path.ps1'
[18.754s] INFO:colcon.colcon_core.shell:Creating environment descriptor '/home/theda/dev_ws/src/autoronto_interview/install/autoronto_interview/share/autoronto_interview/hook/cmake_prefix_path.dsv'
[18.755s] INFO:colcon.colcon_core.shell:Creating environment hook '/home/theda/dev_ws/src/autoronto_interview/install/autoronto_interview/share/autoronto_interview/hook/cmake_prefix_path.sh'
[18.757s] Level 1:colcon.colcon_core.environment:checking '/home/theda/dev_ws/src/autoronto_interview/install/autoronto_interview/lib'
[18.758s] Level 1:colcon.colcon_core.environment:checking '/home/theda/dev_ws/src/autoronto_interview/install/autoronto_interview/bin'
[18.758s] Level 1:colcon.colcon_core.environment:checking '/home/theda/dev_ws/src/autoronto_interview/install/autoronto_interview/lib/pkgconfig/autoronto_interview.pc'
[18.758s] Level 1:colcon.colcon_core.environment:checking '/home/theda/dev_ws/src/autoronto_interview/install/autoronto_interview/lib/python3.10/site-packages'
[18.759s] Level 1:colcon.colcon_core.environment:checking '/home/theda/dev_ws/src/autoronto_interview/install/autoronto_interview/bin'
[18.761s] INFO:colcon.colcon_core.shell:Creating package script '/home/theda/dev_ws/src/autoronto_interview/install/autoronto_interview/share/autoronto_interview/package.ps1'
[18.762s] INFO:colcon.colcon_core.shell:Creating package descriptor '/home/theda/dev_ws/src/autoronto_interview/install/autoronto_interview/share/autoronto_interview/package.dsv'
[18.763s] INFO:colcon.colcon_core.shell:Creating package script '/home/theda/dev_ws/src/autoronto_interview/install/autoronto_interview/share/autoronto_interview/package.sh'
[18.764s] INFO:colcon.colcon_core.shell:Creating package script '/home/theda/dev_ws/src/autoronto_interview/install/autoronto_interview/share/autoronto_interview/package.bash'
[18.765s] INFO:colcon.colcon_core.shell:Creating package script '/home/theda/dev_ws/src/autoronto_interview/install/autoronto_interview/share/autoronto_interview/package.zsh'
[18.765s] Level 1:colcon.colcon_core.environment:create_file_with_runtime_dependencies(/home/theda/dev_ws/src/autoronto_interview/install/autoronto_interview/share/colcon-core/packages/autoronto_interview)
[18.766s] DEBUG:colcon.colcon_parallel_executor.executor.parallel:closing loop
[18.767s] DEBUG:colcon.colcon_parallel_executor.executor.parallel:loop closed
[18.767s] DEBUG:colcon.colcon_parallel_executor.executor.parallel:run_until_complete finished with '0'
[18.768s] DEBUG:colcon.colcon_core.event_reactor:joining thread
[18.820s] INFO:colcon.colcon_core.plugin_system:Skipping extension 'colcon_notification.desktop_notification.notify_send': Could not find 'notify-send'
[18.820s] INFO:colcon.colcon_core.plugin_system:Skipping extension 'colcon_notification.desktop_notification.terminal_notifier': Not used on non-Darwin systems
[18.820s] INFO:colcon.colcon_core.plugin_system:Skipping extension 'colcon_notification.desktop_notification.win32': Not used on non-Windows systems
[18.821s] INFO:colcon.colcon_notification.desktop_notification:Sending desktop notification using 'notify2'
[18.821s] DEBUG:colcon.colcon_notification.desktop_notification.notify2:Failed to initialize notify2: org.freedesktop.DBus.Error.NotSupported: Unable to autolaunch a dbus-daemon without a $DISPLAY for X11
[18.821s] DEBUG:colcon.colcon_core.event_reactor:joined thread
[18.823s] INFO:colcon.colcon_core.shell:Creating prefix script '/home/theda/dev_ws/src/autoronto_interview/install/local_setup.ps1'
[18.826s] INFO:colcon.colcon_core.shell:Creating prefix util module '/home/theda/dev_ws/src/autoronto_interview/install/_local_setup_util_ps1.py'
[18.829s] INFO:colcon.colcon_core.shell:Creating prefix chain script '/home/theda/dev_ws/src/autoronto_interview/install/setup.ps1'
[18.832s] INFO:colcon.colcon_core.shell:Creating prefix script '/home/theda/dev_ws/src/autoronto_interview/install/local_setup.sh'
[18.834s] INFO:colcon.colcon_core.shell:Creating prefix util module '/home/theda/dev_ws/src/autoronto_interview/install/_local_setup_util_sh.py'
[18.836s] INFO:colcon.colcon_core.shell:Creating prefix chain script '/home/theda/dev_ws/src/autoronto_interview/install/setup.sh'
[18.841s] INFO:colcon.colcon_core.shell:Creating prefix script '/home/theda/dev_ws/src/autoronto_interview/install/local_setup.bash'
[18.843s] INFO:colcon.colcon_core.shell:Creating prefix chain script '/home/theda/dev_ws/src/autoronto_interview/install/setup.bash'
[18.846s] INFO:colcon.colcon_core.shell:Creating prefix script '/home/theda/dev_ws/src/autoronto_interview/install/local_setup.zsh'
[18.847s] INFO:colcon.colcon_core.shell:Creating prefix chain script '/home/theda/dev_ws/src/autoronto_interview/install/setup.zsh'
