[0.026s] Invoking command in '/home/theda/dev_ws/src/autoronto_interview/build/autoronto_interview': CMAKE_PREFIX_PATH=${CMAKE_PREFIX_PATH}:/opt/ros/humble /usr/bin/cmake --build /home/theda/dev_ws/src/autoronto_interview/build/autoronto_interview -- -j4 -l4
[0.083s] [ 75%] [32mBuilding CXX object CMakeFiles/davidchus_test.dir/src/test.cpp.o[0m
[0.083s] [ 75%] Built target solution
[6.973s] [100%] [32m[1mLinking CXX executable davidchus_test[0m
[7.333s] [100%] Built target davidchus_test
[7.345s] Invoked command in '/home/theda/dev_ws/src/autoronto_interview/build/autoronto_interview' returned '0': CMAKE_PREFIX_PATH=${CMAKE_PREFIX_PATH}:/opt/ros/humble /usr/bin/cmake --build /home/theda/dev_ws/src/autoronto_interview/build/autoronto_interview -- -j4 -l4
[7.383s] Invoking command in '/home/theda/dev_ws/src/autoronto_interview/build/autoronto_interview': CMAKE_PREFIX_PATH=${CMAKE_PREFIX_PATH}:/opt/ros/humble /usr/bin/cmake --install /home/theda/dev_ws/src/autoronto_interview/build/autoronto_interview
[7.389s] -- Install configuration: ""
[7.389s] -- Up-to-date: /home/theda/dev_ws/src/autoronto_interview/install/autoronto_interview/lib/autoronto_interview/solution
[7.390s] -- Installing: /home/theda/dev_ws/src/autoronto_interview/install/autoronto_interview/lib/autoronto_interview/davidchus_test
[7.392s] -- Set runtime path of "/home/theda/dev_ws/src/autoronto_interview/install/autoronto_interview/lib/autoronto_interview/davidchus_test" to ""
[7.392s] -- Up-to-date: /home/theda/dev_ws/src/autoronto_interview/install/autoronto_interview/share/ament_index/resource_index/package_run_dependencies/autoronto_interview
[7.393s] -- Up-to-date: /home/theda/dev_ws/src/autoronto_interview/install/autoronto_interview/share/ament_index/resource_index/parent_prefix_path/autoronto_interview
[7.393s] -- Up-to-date: /home/theda/dev_ws/src/autoronto_interview/install/autoronto_interview/share/autoronto_interview/environment/ament_prefix_path.sh
[7.393s] -- Up-to-date: /home/theda/dev_ws/src/autoronto_interview/install/autoronto_interview/share/autoronto_interview/environment/ament_prefix_path.dsv
[7.393s] -- Up-to-date: /home/theda/dev_ws/src/autoronto_interview/install/autoronto_interview/share/autoronto_interview/environment/path.sh
[7.394s] -- Up-to-date: /home/theda/dev_ws/src/autoronto_interview/install/autoronto_interview/share/autoronto_interview/environment/path.dsv
[7.394s] -- Up-to-date: /home/theda/dev_ws/src/autoronto_interview/install/autoronto_interview/share/autoronto_interview/local_setup.bash
[7.394s] -- Up-to-date: /home/theda/dev_ws/src/autoronto_interview/install/autoronto_interview/share/autoronto_interview/local_setup.sh
[7.394s] -- Up-to-date: /home/theda/dev_ws/src/autoronto_interview/install/autoronto_interview/share/autoronto_interview/local_setup.zsh
[7.394s] -- Up-to-date: /home/theda/dev_ws/src/autoronto_interview/install/autoronto_interview/share/autoronto_interview/local_setup.dsv
[7.395s] -- Installing: /home/theda/dev_ws/src/autoronto_interview/install/autoronto_interview/share/autoronto_interview/package.dsv
[7.395s] -- Up-to-date: /home/theda/dev_ws/src/autoronto_interview/install/autoronto_interview/share/ament_index/resource_index/packages/autoronto_interview
[7.396s] -- Up-to-date: /home/theda/dev_ws/src/autoronto_interview/install/autoronto_interview/share/autoronto_interview/cmake/autoronto_interviewConfig.cmake
[7.398s] -- Up-to-date: /home/theda/dev_ws/src/autoronto_interview/install/autoronto_interview/share/autoronto_interview/cmake/autoronto_interviewConfig-version.cmake
[7.398s] -- Up-to-date: /home/theda/dev_ws/src/autoronto_interview/install/autoronto_interview/share/autoronto_interview/package.xml
[7.399s] Invoked command in '/home/theda/dev_ws/src/autoronto_interview/build/autoronto_interview' returned '0': CMAKE_PREFIX_PATH=${CMAKE_PREFIX_PATH}:/opt/ros/humble /usr/bin/cmake --install /home/theda/dev_ws/src/autoronto_interview/build/autoronto_interview
