[0.022s] Invoking command in '/home/theda/dev_ws/src/autoronto_interview/build/autoronto_interview': CMAKE_PREFIX_PATH=/opt/ros/humble /usr/bin/cmake --build /home/theda/dev_ws/src/autoronto_interview/build/autoronto_interview -- -j4 -l4
[0.070s] [35m[1mConsolidate compiler generated dependencies of target davidchus_test[0m
[0.086s] [ 50%] Built target solution
[0.093s] [ 75%] [32mBuilding CXX object CMakeFiles/davidchus_test.dir/src/test.cpp.o[0m
[3.439s] [01m[K/home/theda/dev_ws/src/autoronto_interview/src/test.cpp:[m[K In constructor ‘[01m[KTest::Test()[m[K’:
[3.439s] [01m[K/home/theda/dev_ws/src/autoronto_interview/src/test.cpp:24:13:[m[K [01;31m[Kerror: [m[Kunable to find numeric literal operator ‘[01m[Koperator""ms[m[K’
[3.440s]    24 |             [01;31m[K1000ms[m[K, std::bind(&Test::timer_callback, this));
[3.440s]       |             [01;31m[K^~~~~~[m[K
[3.445s] [01m[K/home/theda/dev_ws/src/autoronto_interview/src/test.cpp:[m[K In member function ‘[01m[Kvoid Test::timer_callback()[m[K’:
[3.446s] [01m[K/home/theda/dev_ws/src/autoronto_interview/src/test.cpp:30:30:[m[K [01;31m[Kerror: [m[Kcannot convert ‘[01m[Kstd::size_t[m[K’ {aka ‘[01m[Klong unsigned int[m[K’} to ‘[01m[Kstd::vector<signed char, std::allocator<signed char> >[m[K’
[3.446s]    30 |         input_timer_callback([01;31m[Kiteration[m[K);
[3.446s]       |                              [01;31m[K^~~~~~~~~[m[K
[3.447s]       |                              [01;31m[K|[m[K
[3.447s]       |                              [01;31m[Kstd::size_t {aka long unsigned int}[m[K
[3.447s] [01m[K/home/theda/dev_ws/src/autoronto_interview/src/test.cpp:37:62:[m[K [01;36m[Knote: [m[K  initializing argument 1 of ‘[01m[Kvoid Test::input_timer_callback(std::vector<signed char, std::allocator<signed char> >)[m[K’
[3.447s]    37 |     void input_timer_callback([01;36m[Kconst std::vector<std::int8_t> input_vec[m[K) {
[3.448s]       |                               [01;36m[K~~~~~~~~~~~~~~~~~~~~~~~~~~~~~~~^~~~~~~~~[m[K
[4.913s] gmake[2]: *** [CMakeFiles/davidchus_test.dir/build.make:76: CMakeFiles/davidchus_test.dir/src/test.cpp.o] Error 1
[4.914s] gmake[1]: *** [CMakeFiles/Makefile2:165: CMakeFiles/davidchus_test.dir/all] Error 2
[4.914s] gmake: *** [Makefile:146: all] Error 2
[4.916s] Invoked command in '/home/theda/dev_ws/src/autoronto_interview/build/autoronto_interview' returned '2': CMAKE_PREFIX_PATH=/opt/ros/humble /usr/bin/cmake --build /home/theda/dev_ws/src/autoronto_interview/build/autoronto_interview -- -j4 -l4
