[0.017s] Invoking command in '/home/theda/dev_ws/src/autoronto_interview/build/autoronto_interview': CMAKE_PREFIX_PATH=/opt/ros/humble /usr/bin/cmake /home/theda/dev_ws/src/autoronto_interview -DCMAKE_INSTALL_PREFIX=/home/theda/dev_ws/src/autoronto_interview/install/autoronto_interview
[0.181s] -- The C compiler identification is GNU 11.2.0
[0.675s] -- The CXX compiler identification is GNU 11.2.0
[1.045s] -- Detecting C compiler ABI info
[1.207s] -- Detecting C compiler ABI info - done
[1.221s] -- Check for working C compiler: /usr/bin/cc - skipped
[1.221s] -- Detecting C compile features
[1.222s] -- Detecting C compile features - done
[1.226s] -- Detecting CXX compiler ABI info
[1.397s] -- Detecting CXX compiler ABI info - done
[1.408s] -- Check for working CXX compiler: /usr/bin/c++ - skipped
[1.409s] -- Detecting CXX compile features
[1.413s] -- Detecting CXX compile features - done
[1.416s] -- Found ament_cmake: 1.3.2 (/opt/ros/humble/share/ament_cmake/cmake)
[1.622s] -- Found Python3: /usr/bin/python3.10 (found version "3.10.4") found components: Interpreter 
[1.719s] -- Found rclcpp: 16.0.1 (/opt/ros/humble/share/rclcpp/cmake)
[1.887s] -- Found rosidl_generator_c: 3.1.3 (/opt/ros/humble/share/rosidl_generator_c/cmake)
[1.892s] -- Found rosidl_adapter: 3.1.3 (/opt/ros/humble/share/rosidl_adapter/cmake)
[1.900s] -- Found rosidl_generator_cpp: 3.1.3 (/opt/ros/humble/share/rosidl_generator_cpp/cmake)
[1.920s] -- Using all available rosidl_typesupport_c: rosidl_typesupport_fastrtps_c;rosidl_typesupport_introspection_c
[1.943s] -- Using all available rosidl_typesupport_cpp: rosidl_typesupport_fastrtps_cpp;rosidl_typesupport_introspection_cpp
[2.025s] -- Found rmw_implementation_cmake: 6.1.0 (/opt/ros/humble/share/rmw_implementation_cmake/cmake)
[2.027s] -- Found rmw_fastrtps_cpp: 6.2.1 (/opt/ros/humble/share/rmw_fastrtps_cpp/cmake)
[3.342s] -- Found OpenSSL: /usr/lib/x86_64-linux-gnu/libcrypto.so (found version "3.0.2")  
[4.576s] -- Found FastRTPS: /opt/ros/humble/include  
[7.673s] -- Using RMW implementation 'rmw_fastrtps_cpp' as default
[8.011s] -- Found ament_lint_auto: 0.12.4 (/opt/ros/humble/share/ament_lint_auto/cmake)
[8.118s] -- Added test 'cppcheck' to perform static code analysis on C / C++ code
[8.118s] -- Configured cppcheck include dirs: 
[8.118s] -- Configured cppcheck exclude dirs and/or files: 
[8.121s] -- Added test 'lint_cmake' to check CMake code style
[8.126s] -- Added test 'uncrustify' to check C / C++ code style
[8.126s] -- Configured uncrustify additional arguments: 
[8.127s] -- Added test 'xmllint' to check XML markup files
[8.129s] -- Configuring done
[8.133s] [31mCMake Error at CMakeLists.txt:17 (add_executable):
[8.134s]   Cannot find source file:
[8.134s] 
[8.134s]     src/publisher_member_function.cpp
[8.135s] 
[8.135s]   Tried extensions .c .C .c++ .cc .cpp .cxx .cu .mpp .m .M .mm .ixx .cppm .h
[8.135s]   .hh .h++ .hm .hpp .hxx .in .txx .f .F .for .f77 .f90 .f95 .f03 .hip .ispc
[8.135s] 
[8.136s] [0m
[8.137s] [31mCMake Error at CMakeLists.txt:17 (add_executable):
[8.137s]   No SOURCES given to target: solution
[8.137s] 
[8.137s] [0m
[8.137s] [0mCMake Generate step failed.  Build files cannot be regenerated correctly.[0m
[8.151s] Invoked command in '/home/theda/dev_ws/src/autoronto_interview/build/autoronto_interview' returned '1': CMAKE_PREFIX_PATH=/opt/ros/humble /usr/bin/cmake /home/theda/dev_ws/src/autoronto_interview -DCMAKE_INSTALL_PREFIX=/home/theda/dev_ws/src/autoronto_interview/install/autoronto_interview
