[35m[1mConsolidate compiler generated dependencies of target davidchus_test[0m
[ 50%] Built target solution
[ 75%] [32mBuilding CXX object CMakeFiles/davidchus_test.dir/src/test.cpp.o[0m
[01m[K/home/theda/dev_ws/src/autoronto_interview/src/test.cpp:[m[K In constructor ‘[01m[KTest::Test()[m[K’:
[01m[K/home/theda/dev_ws/src/autoronto_interview/src/test.cpp:31:47:[m[K [01;31m[Kerror: [m[K‘[01m[Kinput_callback[m[K’ is not a member of ‘[01m[KTest[m[K’
   31 |             "/solution", 10, std::bind(&Test::[01;31m[Kinput_callback[m[K, this, _1));
      |                                               [01;31m[K^~~~~~~~~~~~~~[m[K
In file included from [01m[K/opt/ros/humble/include/rclcpp/rclcpp/logging.hpp:24[m[K,
                 from [01m[K/opt/ros/humble/include/rclcpp/rclcpp/client.hpp:40[m[K,
                 from [01m[K/opt/ros/humble/include/rclcpp/rclcpp/callback_group.hpp:23[m[K,
                 from [01m[K/opt/ros/humble/include/rclcpp/rclcpp/any_executable.hpp:20[m[K,
                 from [01m[K/opt/ros/humble/include/rclcpp/rclcpp/memory_strategy.hpp:25[m[K,
                 from [01m[K/opt/ros/humble/include/rclcpp/rclcpp/memory_strategies.hpp:18[m[K,
                 from [01m[K/opt/ros/humble/include/rclcpp/rclcpp/executor_options.hpp:20[m[K,
                 from [01m[K/opt/ros/humble/include/rclcpp/rclcpp/executor.hpp:37[m[K,
                 from [01m[K/opt/ros/humble/include/rclcpp/rclcpp/executors/multi_threaded_executor.hpp:25[m[K,
                 from [01m[K/opt/ros/humble/include/rclcpp/rclcpp/executors.hpp:21[m[K,
                 from [01m[K/opt/ros/humble/include/rclcpp/rclcpp/rclcpp.hpp:155[m[K,
                 from [01m[K/home/theda/dev_ws/src/autoronto_interview/src/test.cpp:10[m[K:
[01m[K/home/theda/dev_ws/src/autoronto_interview/src/test.cpp:[m[K In member function ‘[01m[Kvoid Test::solution_callback(const Int8MultiArray&)[m[K’:
[01m[K/home/theda/dev_ws/src/autoronto_interview/src/test.cpp:72:41:[m[K [01;35m[Kwarning: [m[Kformat ‘[01m[K%s[m[K’ expects argument of type ‘[01m[Kchar*[m[K’, but argument 5 has type ‘[01m[Kstd::string[m[K’ {aka ‘[01m[Kstd::__cxx11::basic_string<char>[m[K’} [[01;35m[K]8;;https://gcc.gnu.org/onlinedocs/gcc/Warning-Options.html#index-Wformat=-Wformat=]8;;[m[K]
   72 |         RCLCPP_INFO(this->get_logger(), [01;35m[K"Subscribing to '/solution': %s"[m[K,
      |                                         [01;35m[K^~~~~~~~~~~~~~~~~~~~~~~~~~~~~~~~[m[K
   73 |                 [32m[Kivec2str(solution.data)[m[K);
      |                 [32m[K~~~~~~~~~~~~~~~~~~~~~~~[m[K  
      |                         [32m[K|[m[K
      |                         [32m[Kstd::string {aka std::__cxx11::basic_string<char>}[m[K
[01m[K/home/theda/dev_ws/src/autoronto_interview/src/test.cpp:72:71:[m[K [01;36m[Knote: [m[Kformat string is defined here
   72 |         RCLCPP_INFO(this->get_logger(), "Subscribing to '/solution': [01;36m[K%s[m[K",
      |                                                                      [01;36m[K~^[m[K
      |                                                                       [01;36m[K|[m[K
      |                                                                       [01;36m[Kchar*[m[K
[01m[K/home/theda/dev_ws/src/autoronto_interview/src/test.cpp:75:43:[m[K [01;31m[Kerror: [m[Kno match for ‘[01m[Koperator=[m[K’ (operand types are ‘[01m[Krclcpp::Subscription<std_msgs::msg::Int8MultiArray_<std::allocator<void> > >::SharedPtr[m[K’ {aka ‘[01m[Kstd::shared_ptr<rclcpp::Subscription<std_msgs::msg::Int8MultiArray_<std::allocator<void> > > >[m[K’} and ‘[01m[Kconst _data_type[m[K’ {aka ‘[01m[Kconst std::vector<signed char, std::allocator<signed char> >[m[K’})
   75 |         solution_subscription_ = solution.[01;31m[Kdata[m[K;
      |                                           [01;31m[K^~~~[m[K
In file included from [01m[K/usr/include/c++/11/memory:77[m[K,
                 from [01m[K/home/theda/dev_ws/src/autoronto_interview/src/test.cpp:7[m[K:
[01m[K/usr/include/c++/11/bits/shared_ptr.h:363:9:[m[K [01;36m[Knote: [m[Kcandidate: ‘[01m[Ktemplate<class _Yp> std::shared_ptr<_Tp>::_Assignable<const std::shared_ptr<_Yp>&> std::shared_ptr<_Tp>::operator=(const std::shared_ptr<_Yp>&) [with _Yp = _Yp; _Tp = rclcpp::Subscription<std_msgs::msg::Int8MultiArray_<std::allocator<void> > >][m[K’
  363 |         [01;36m[Koperator[m[K=(const shared_ptr<_Yp>& __r) noexcept
      |         [01;36m[K^~~~~~~~[m[K
[01m[K/usr/include/c++/11/bits/shared_ptr.h:363:9:[m[K [01;36m[Knote: [m[K  template argument deduction/substitution failed:
[01m[K/home/theda/dev_ws/src/autoronto_interview/src/test.cpp:75:43:[m[K [01;36m[Knote: [m[K  ‘[01m[Kconst _data_type[m[K’ {aka ‘[01m[Kconst std::vector<signed char, std::allocator<signed char> >[m[K’} is not derived from ‘[01m[Kconst std::shared_ptr<_Tp>[m[K’
   75 |         solution_subscription_ = solution.[01;36m[Kdata[m[K;
      |                                           [01;36m[K^~~~[m[K
In file included from [01m[K/usr/include/c++/11/memory:77[m[K,
                 from [01m[K/home/theda/dev_ws/src/autoronto_interview/src/test.cpp:7[m[K:
[01m[K/usr/include/c++/11/bits/shared_ptr.h:374:9:[m[K [01;36m[Knote: [m[Kcandidate: ‘[01m[Ktemplate<class _Yp> std::shared_ptr<_Tp>::_Assignable<std::auto_ptr<_Up> > std::shared_ptr<_Tp>::operator=(std::auto_ptr<_Up>&&) [with _Yp = _Yp; _Tp = rclcpp::Subscription<std_msgs::msg::Int8MultiArray_<std::allocator<void> > >][m[K’
  374 |         [01;36m[Koperator[m[K=(auto_ptr<_Yp>&& __r)
      |         [01;36m[K^~~~~~~~[m[K
[01m[K/usr/include/c++/11/bits/shared_ptr.h:374:9:[m[K [01;36m[Knote: [m[K  template argument deduction/substitution failed:
[01m[K/home/theda/dev_ws/src/autoronto_interview/src/test.cpp:75:43:[m[K [01;36m[Knote: [m[K  types ‘[01m[Kstd::auto_ptr<_Up>[m[K’ and ‘[01m[Kconst _data_type[m[K’ {aka ‘[01m[Kconst std::vector<signed char, std::allocator<signed char> >[m[K’} have incompatible cv-qualifiers
   75 |         solution_subscription_ = solution.[01;36m[Kdata[m[K;
      |                                           [01;36m[K^~~~[m[K
In file included from [01m[K/usr/include/c++/11/memory:77[m[K,
                 from [01m[K/home/theda/dev_ws/src/autoronto_interview/src/test.cpp:7[m[K:
[01m[K/usr/include/c++/11/bits/shared_ptr.h:391:9:[m[K [01;36m[Knote: [m[Kcandidate: ‘[01m[Ktemplate<class _Yp> std::shared_ptr<_Tp>::_Assignable<std::shared_ptr<_Yp> > std::shared_ptr<_Tp>::operator=(std::shared_ptr<_Yp>&&) [with _Yp = _Yp; _Tp = rclcpp::Subscription<std_msgs::msg::Int8MultiArray_<std::allocator<void> > >][m[K’
  391 |         [01;36m[Koperator[m[K=(shared_ptr<_Yp>&& __r) noexcept
      |         [01;36m[K^~~~~~~~[m[K
[01m[K/usr/include/c++/11/bits/shared_ptr.h:391:9:[m[K [01;36m[Knote: [m[K  template argument deduction/substitution failed:
[01m[K/home/theda/dev_ws/src/autoronto_interview/src/test.cpp:75:43:[m[K [01;36m[Knote: [m[K  types ‘[01m[Kstd::shared_ptr<_Tp>[m[K’ and ‘[01m[Kconst _data_type[m[K’ {aka ‘[01m[Kconst std::vector<signed char, std::allocator<signed char> >[m[K’} have incompatible cv-qualifiers
   75 |         solution_subscription_ = solution.[01;36m[Kdata[m[K;
      |                                           [01;36m[K^~~~[m[K
In file included from [01m[K/usr/include/c++/11/memory:77[m[K,
                 from [01m[K/home/theda/dev_ws/src/autoronto_interview/src/test.cpp:7[m[K:
[01m[K/usr/include/c++/11/bits/shared_ptr.h:399:9:[m[K [01;36m[Knote: [m[Kcandidate: ‘[01m[Ktemplate<class _Yp, class _Del> std::shared_ptr<_Tp>::_Assignable<std::unique_ptr<_Up, _Ep> > std::shared_ptr<_Tp>::operator=(std::unique_ptr<_Up, _Ep>&&) [with _Yp = _Yp; _Del = _Del; _Tp = rclcpp::Subscription<std_msgs::msg::Int8MultiArray_<std::allocator<void> > >][m[K’
  399 |         [01;36m[Koperator[m[K=(unique_ptr<_Yp, _Del>&& __r)
      |         [01;36m[K^~~~~~~~[m[K
[01m[K/usr/include/c++/11/bits/shared_ptr.h:399:9:[m[K [01;36m[Knote: [m[K  template argument deduction/substitution failed:
[01m[K/home/theda/dev_ws/src/autoronto_interview/src/test.cpp:75:43:[m[K [01;36m[Knote: [m[K  types ‘[01m[Kstd::unique_ptr<_Tp, _Dp>[m[K’ and ‘[01m[Kconst _data_type[m[K’ {aka ‘[01m[Kconst std::vector<signed char, std::allocator<signed char> >[m[K’} have incompatible cv-qualifiers
   75 |         solution_subscription_ = solution.[01;36m[Kdata[m[K;
      |                                           [01;36m[K^~~~[m[K
In file included from [01m[K/usr/include/c++/11/memory:77[m[K,
                 from [01m[K/home/theda/dev_ws/src/autoronto_interview/src/test.cpp:7[m[K:
[01m[K/usr/include/c++/11/bits/shared_ptr.h:359:19:[m[K [01;36m[Knote: [m[Kcandidate: ‘[01m[Kstd::shared_ptr<_Tp>& std::shared_ptr<_Tp>::operator=(const std::shared_ptr<_Tp>&) [with _Tp = rclcpp::Subscription<std_msgs::msg::Int8MultiArray_<std::allocator<void> > >][m[K’
  359 |       shared_ptr& [01;36m[Koperator[m[K=(const shared_ptr&) noexcept = default;
      |                   [01;36m[K^~~~~~~~[m[K
[01m[K/usr/include/c++/11/bits/shared_ptr.h:359:29:[m[K [01;36m[Knote: [m[K  no known conversion for argument 1 from ‘[01m[Kconst _data_type[m[K’ {aka ‘[01m[Kconst std::vector<signed char, std::allocator<signed char> >[m[K’} to ‘[01m[Kconst std::shared_ptr<rclcpp::Subscription<std_msgs::msg::Int8MultiArray_<std::allocator<void> > > >&[m[K’
  359 |       shared_ptr& operator=([01;36m[Kconst shared_ptr&[m[K) noexcept = default;
      |                             [01;36m[K^~~~~~~~~~~~~~~~~[m[K
[01m[K/usr/include/c++/11/bits/shared_ptr.h:383:7:[m[K [01;36m[Knote: [m[Kcandidate: ‘[01m[Kstd::shared_ptr<_Tp>& std::shared_ptr<_Tp>::operator=(std::shared_ptr<_Tp>&&) [with _Tp = rclcpp::Subscription<std_msgs::msg::Int8MultiArray_<std::allocator<void> > >][m[K’
  383 |       [01;36m[Koperator[m[K=(shared_ptr&& __r) noexcept
      |       [01;36m[K^~~~~~~~[m[K
[01m[K/usr/include/c++/11/bits/shared_ptr.h:383:30:[m[K [01;36m[Knote: [m[K  no known conversion for argument 1 from ‘[01m[Kconst _data_type[m[K’ {aka ‘[01m[Kconst std::vector<signed char, std::allocator<signed char> >[m[K’} to ‘[01m[Kstd::shared_ptr<rclcpp::Subscription<std_msgs::msg::Int8MultiArray_<std::allocator<void> > > >&&[m[K’
  383 |       operator=([01;36m[Kshared_ptr&& __r[m[K) noexcept
      |                 [01;36m[K~~~~~~~~~~~~~^~~[m[K
gmake[2]: *** [CMakeFiles/davidchus_test.dir/build.make:76: CMakeFiles/davidchus_test.dir/src/test.cpp.o] Error 1
gmake[1]: *** [CMakeFiles/Makefile2:165: CMakeFiles/davidchus_test.dir/all] Error 2
gmake: *** [Makefile:146: all] Error 2
