[ 50%] [32mBuilding CXX object CMakeFiles/solution.dir/src/solution.cpp.o[0m
[ 50%] [32mBuilding CXX object CMakeFiles/davidchus_test.dir/src/test.cpp.o[0m
In file included from [01m[K/home/theda/dev_ws/src/autoronto_interview/src/solution.cpp:16[m[K:
[01m[K/home/theda/dev_ws/src/autoronto_interview/src/ivec2str.hpp:[m[K In function ‘[01m[Kvoid test_ivec2str()[m[K’:
[01m[K/home/theda/dev_ws/src/autoronto_interview/src/ivec2str.hpp:34:29:[m[K [01;31m[Kerror: [m[Kcannot bind non-const lvalue reference of type ‘[01m[Kstd::string&[m[K’ {aka ‘[01m[Kstd::__cxx11::basic_string<char>&[m[K’} to an rvalue of type ‘[01m[Kstd::string[m[K’ {aka ‘[01m[Kstd::__cxx11::basic_string<char>[m[K’}
   34 |     test_helper_ivec2str(a, [01;31m[K"[1,2,3,4,5,6,]"[m[K);
      |                             [01;31m[K^~~~~~~~~~~~~~~~[m[K
In file included from [01m[K/usr/include/c++/11/string:55[m[K,
                 from [01m[K/home/theda/dev_ws/src/autoronto_interview/src/solution.cpp:9[m[K:
[01m[K/usr/include/c++/11/bits/basic_string.h:533:7:[m[K [01;36m[Knote: [m[K  after user-defined conversion: ‘[01m[Kstd::__cxx11::basic_string<_CharT, _Traits, _Alloc>::basic_string(const _CharT*, const _Alloc&) [with <template-parameter-2-1> = std::allocator<char>; _CharT = char; _Traits = std::char_traits<char>; _Alloc = std::allocator<char>][m[K’
  533 |       [01;36m[Kbasic_string[m[K(const _CharT* __s, const _Alloc& __a = _Alloc())
      |       [01;36m[K^~~~~~~~~~~~[m[K
In file included from [01m[K/home/theda/dev_ws/src/autoronto_interview/src/solution.cpp:16[m[K:
[01m[K/home/theda/dev_ws/src/autoronto_interview/src/ivec2str.hpp:24:79:[m[K [01;36m[Knote: [m[K  initializing argument 2 of ‘[01m[Kvoid test_helper_ivec2str(const std::vector<signed char, std::allocator<signed char> >&, std::string&)[m[K’
   24 | _ivec2str(const std::vector<std::int8_t> &input, [01;36m[Kstd::string &oracle[m[K) {
      |                                                  [01;36m[K~~~~~~~~~~~~~^~~~~~[m[K

[01m[K/home/theda/dev_ws/src/autoronto_interview/src/ivec2str.hpp:37:29:[m[K [01;31m[Kerror: [m[Kcannot bind non-const lvalue reference of type ‘[01m[Kstd::string&[m[K’ {aka ‘[01m[Kstd::__cxx11::basic_string<char>&[m[K’} to an rvalue of type ‘[01m[Kstd::string[m[K’ {aka ‘[01m[Kstd::__cxx11::basic_string<char>[m[K’}
   37 |     test_helper_ivec2str(b, [01;31m[K"[]"[m[K);
      |                             [01;31m[K^~~~[m[K
In file included from [01m[K/usr/include/c++/11/string:55[m[K,
                 from [01m[K/home/theda/dev_ws/src/autoronto_interview/src/solution.cpp:9[m[K:
[01m[K/usr/include/c++/11/bits/basic_string.h:533:7:[m[K [01;36m[Knote: [m[K  after user-defined conversion: ‘[01m[Kstd::__cxx11::basic_string<_CharT, _Traits, _Alloc>::basic_string(const _CharT*, const _Alloc&) [with <template-parameter-2-1> = std::allocator<char>; _CharT = char; _Traits = std::char_traits<char>; _Alloc = std::allocator<char>][m[K’
  533 |       [01;36m[Kbasic_string[m[K(const _CharT* __s, const _Alloc& __a = _Alloc())
      |       [01;36m[K^~~~~~~~~~~~[m[K
In file included from [01m[K/home/theda/dev_ws/src/autoronto_interview/src/solution.cpp:16[m[K:
[01m[K/home/theda/dev_ws/src/autoronto_interview/src/ivec2str.hpp:24:79:[m[K [01;36m[Knote: [m[K  initializing argument 2 of ‘[01m[Kvoid test_helper_ivec2str(const std::vector<signed char, std::allocator<signed char> >&, std::string&)[m[K’
   24 | _ivec2str(const std::vector<std::int8_t> &input, [01;36m[Kstd::string &oracle[m[K) {
      |                                                  [01;36m[K~~~~~~~~~~~~~^~~~~~[m[K

[01m[K/home/theda/dev_ws/src/autoronto_interview/src/ivec2str.hpp:40:29:[m[K [01;31m[Kerror: [m[Kcannot bind non-const lvalue reference of type ‘[01m[Kstd::string&[m[K’ {aka ‘[01m[Kstd::__cxx11::basic_string<char>&[m[K’} to an rvalue of type ‘[01m[Kstd::string[m[K’ {aka ‘[01m[Kstd::__cxx11::basic_string<char>[m[K’}
   40 |     test_helper_ivec2str(c, [01;31m[K"[0,0,-1,-1,2,]"[m[K);
      |                             [01;31m[K^~~~~~~~~~~~~~~~[m[K
In file included from [01m[K/usr/include/c++/11/string:55[m[K,
                 from [01m[K/home/theda/dev_ws/src/autoronto_interview/src/solution.cpp:9[m[K:
[01m[K/usr/include/c++/11/bits/basic_string.h:533:7:[m[K [01;36m[Knote: [m[K  after user-defined conversion: ‘[01m[Kstd::__cxx11::basic_string<_CharT, _Traits, _Alloc>::basic_string(const _CharT*, const _Alloc&) [with <template-parameter-2-1> = std::allocator<char>; _CharT = char; _Traits = std::char_traits<char>; _Alloc = std::allocator<char>][m[K’
  533 |       [01;36m[Kbasic_string[m[K(const _CharT* __s, const _Alloc& __a = _Alloc())
      |       [01;36m[K^~~~~~~~~~~~[m[K
In file included from [01m[K/home/theda/dev_ws/src/autoronto_interview/src/solution.cpp:16[m[K:
[01m[K/home/theda/dev_ws/src/autoronto_interview/src/ivec2str.hpp:24:79:[m[K [01;36m[Knote: [m[K  initializing argument 2 of ‘[01m[Kvoid test_helper_ivec2str(const std::vector<signed char, std::allocator<signed char> >&, std::string&)[m[K’
   24 | _ivec2str(const std::vector<std::int8_t> &input, [01;36m[Kstd::string &oracle[m[K) {
      |                                                  [01;36m[K~~~~~~~~~~~~~^~~~~~[m[K

[01m[K/home/theda/dev_ws/src/autoronto_interview/src/ivec2str.hpp:43:29:[m[K [01;31m[Kerror: [m[Kcannot bind non-const lvalue reference of type ‘[01m[Kstd::string&[m[K’ {aka ‘[01m[Kstd::__cxx11::basic_string<char>&[m[K’} to an rvalue of type ‘[01m[Kstd::string[m[K’ {aka ‘[01m[Kstd::__cxx11::basic_string<char>[m[K’}
   43 |     test_helper_ivec2str(d, [01;31m[K"[1,]"[m[K);
      |                             [01;31m[K^~~~~~[m[K
In file included from [01m[K/usr/include/c++/11/string:55[m[K,
                 from [01m[K/home/theda/dev_ws/src/autoronto_interview/src/solution.cpp:9[m[K:
[01m[K/usr/include/c++/11/bits/basic_string.h:533:7:[m[K [01;36m[Knote: [m[K  after user-defined conversion: ‘[01m[Kstd::__cxx11::basic_string<_CharT, _Traits, _Alloc>::basic_string(const _CharT*, const _Alloc&) [with <template-parameter-2-1> = std::allocator<char>; _CharT = char; _Traits = std::char_traits<char>; _Alloc = std::allocator<char>][m[K’
  533 |       [01;36m[Kbasic_string[m[K(const _CharT* __s, const _Alloc& __a = _Alloc())
      |       [01;36m[K^~~~~~~~~~~~[m[K
In file included from [01m[K/home/theda/dev_ws/src/autoronto_interview/src/solution.cpp:16[m[K:
[01m[K/home/theda/dev_ws/src/autoronto_interview/src/ivec2str.hpp:24:79:[m[K [01;36m[Knote: [m[K  initializing argument 2 of ‘[01m[Kvoid test_helper_ivec2str(const std::vector<signed char, std::allocator<signed char> >&, std::string&)[m[K’
   24 | _ivec2str(const std::vector<std::int8_t> &input, [01;36m[Kstd::string &oracle[m[K) {
      |                                                  [01;36m[K~~~~~~~~~~~~~^~~~~~[m[K

[01m[K/home/theda/dev_ws/src/autoronto_interview/src/ivec2str.hpp:46:29:[m[K [01;31m[Kerror: [m[Kcannot bind non-const lvalue reference of type ‘[01m[Kstd::string&[m[K’ {aka ‘[01m[Kstd::__cxx11::basic_string<char>&[m[K’} to an rvalue of type ‘[01m[Kstd::string[m[K’ {aka ‘[01m[Kstd::__cxx11::basic_string<char>[m[K’}
   46 |     test_helper_ivec2str(e, [01;31m[K"[127,-128,]"[m[K);
      |                             [01;31m[K^~~~~~~~~~~~~[m[K
In file included from [01m[K/usr/include/c++/11/string:55[m[K,
                 from [01m[K/home/theda/dev_ws/src/autoronto_interview/src/solution.cpp:9[m[K:
[01m[K/usr/include/c++/11/bits/basic_string.h:533:7:[m[K [01;36m[Knote: [m[K  after user-defined conversion: ‘[01m[Kstd::__cxx11::basic_string<_CharT, _Traits, _Alloc>::basic_string(const _CharT*, const _Alloc&) [with <template-parameter-2-1> = std::allocator<char>; _CharT = char; _Traits = std::char_traits<char>; _Alloc = std::allocator<char>][m[K’
  533 |       [01;36m[Kbasic_string[m[K(const _CharT* __s, const _Alloc& __a = _Alloc())
      |       [01;36m[K^~~~~~~~~~~~[m[K
In file included from [01m[K/home/theda/dev_ws/src/autoronto_interview/src/solution.cpp:16[m[K:
[01m[K/home/theda/dev_ws/src/autoronto_interview/src/ivec2str.hpp:24:79:[m[K [01;36m[Knote: [m[K  initializing argument 2 of ‘[01m[Kvoid test_helper_ivec2str(const std::vector<signed char, std::allocator<signed char> >&, std::string&)[m[K’
   24 | _ivec2str(const std::vector<std::int8_t> &input, [01;36m[Kstd::string &oracle[m[K) {
      |                                                  [01;36m[K~~~~~~~~~~~~~^~~~~~[m[K

In file included from [01m[K/home/theda/dev_ws/src/autoronto_interview/src/test.cpp:15[m[K:
[01m[K/home/theda/dev_ws/src/autoronto_interview/src/ivec2str.hpp:[m[K In function ‘[01m[Kvoid test_ivec2str()[m[K’:
[01m[K/home/theda/dev_ws/src/autoronto_interview/src/ivec2str.hpp:34:29:[m[K [01;31m[Kerror: [m[Kcannot bind non-const lvalue reference of type ‘[01m[Kstd::string&[m[K’ {aka ‘[01m[Kstd::__cxx11::basic_string<char>&[m[K’} to an rvalue of type ‘[01m[Kstd::string[m[K’ {aka ‘[01m[Kstd::__cxx11::basic_string<char>[m[K’}
   34 |     test_helper_ivec2str(a, [01;31m[K"[1,2,3,4,5,6,]"[m[K);
      |                             [01;31m[K^~~~~~~~~~~~~~~~[m[K
In file included from [01m[K/usr/include/c++/11/string:55[m[K,
                 from [01m[K/home/theda/dev_ws/src/autoronto_interview/src/test.cpp:8[m[K:
[01m[K/usr/include/c++/11/bits/basic_string.h:533:7:[m[K [01;36m[Knote: [m[K  after user-defined conversion: ‘[01m[Kstd::__cxx11::basic_string<_CharT, _Traits, _Alloc>::basic_string(const _CharT*, const _Alloc&) [with <template-parameter-2-1> = std::allocator<char>; _CharT = char; _Traits = std::char_traits<char>; _Alloc = std::allocator<char>][m[K’
  533 |       [01;36m[Kbasic_string[m[K(const _CharT* __s, const _Alloc& __a = _Alloc())
      |       [01;36m[K^~~~~~~~~~~~[m[K
In file included from [01m[K/home/theda/dev_ws/src/autoronto_interview/src/test.cpp:15[m[K:
[01m[K/home/theda/dev_ws/src/autoronto_interview/src/ivec2str.hpp:24:79:[m[K [01;36m[Knote: [m[K  initializing argument 2 of ‘[01m[Kvoid test_helper_ivec2str(const std::vector<signed char, std::allocator<signed char> >&, std::string&)[m[K’
   24 | void test_helper_ivec2str(const std::vector<std::int8_t> &input, [01;36m[Kstd::string &oracle[m[K) {
      |                                                                  [01;36m[K~~~~~~~~~~~~~^~~~~~[m[K
[01m[K/home/theda/dev_ws/src/autoronto_interview/src/ivec2str.hpp:37:29:[m[K [01;31m[Kerror: [m[Kcannot bind non-const lvalue reference of type ‘[01m[Kstd::string&[m[K’ {aka ‘[01m[Kstd::__cxx11::basic_string<char>&[m[K’} to an rvalue of type ‘[01m[Kstd::string[m[K’ {aka ‘[01m[Kstd::__cxx11::basic_string<char>[m[K’}
   37 |     test_helper_ivec2str(b, [01;31m[K"[]"[m[K);
      |                             [01;31m[K^~~~[m[K
In file included from [01m[K/usr/include/c++/11/string:55[m[K,
                 from [01m[K/home/theda/dev_ws/src/autoronto_interview/src/test.cpp:8[m[K:
[01m[K/usr/include/c++/11/bits/basic_string.h:533:7:[m[K [01;36m[Knote: [m[K  after user-defined conversion: ‘[01m[Kstd::__cxx11::basic_string<_CharT, _Traits, _Alloc>::basic_string(const _CharT*, const _Alloc&) [with <template-parameter-2-1> = std::allocator<char>; _CharT = char; _Traits = std::char_traits<char>; _Alloc = std::allocator<char>][m[K’
  533 |       [01;36m[Kbasic_string[m[K(const _CharT* __s, const _Alloc& __a = _Alloc())
      |       [01;36m[K^~~~~~~~~~~~[m[K
In file included from [01m[K/home/theda/dev_ws/src/autoronto_interview/src/test.cpp:15[m[K:
[01m[K/home/theda/dev_ws/src/autoronto_interview/src/ivec2str.hpp:24:79:[m[K [01;36m[Knote: [m[K  initializing argument 2 of ‘[01m[Kvoid test_helper_ivec2str(const std::vector<signed char, std::allocator<signed char> >&, std::string&)[m[K’
   24 | void test_helper_ivec2str(const std::vector<std::int8_t> &input, [01;36m[Kstd::string &oracle[m[K) {
      |                                                                  [01;36m[K~~~~~~~~~~~~~^~~~~~[m[K
[01m[K/home/theda/dev_ws/src/autoronto_interview/src/ivec2str.hpp:40:29:[m[K [01;31m[Kerror: [m[Kcannot bind non-const lvalue reference of type ‘[01m[Kstd::string&[m[K’ {aka ‘[01m[Kstd::__cxx11::basic_string<char>&[m[K’} to an rvalue of type ‘[01m[Kstd::string[m[K’ {aka ‘[01m[Kstd::__cxx11::basic_string<char>[m[K’}
   40 |     test_helper_ivec2str(c, [01;31m[K"[0,0,-1,-1,2,]"[m[K);
      |                             [01;31m[K^~~~~~~~~~~~~~~~[m[K
In file included from [01m[K/usr/include/c++/11/string:55[m[K,
                 from [01m[K/home/theda/dev_ws/src/autoronto_interview/src/test.cpp:8[m[K:
[01m[K/usr/include/c++/11/bits/basic_string.h:533:7:[m[K [01;36m[Knote: [m[K  after user-defined conversion: ‘[01m[Kstd::__cxx11::basic_string<_CharT, _Traits, _Alloc>::basic_string(const _CharT*, const _Alloc&) [with <template-parameter-2-1> = std::allocator<char>; _CharT = char; _Traits = std::char_traits<char>; _Alloc = std::allocator<char>][m[K’
  533 |       [01;36m[Kbasic_string[m[K(const _CharT* __s, const _Alloc& __a = _Alloc())
      |       [01;36m[K^~~~~~~~~~~~[m[K
In file included from [01m[K/home/theda/dev_ws/src/autoronto_interview/src/test.cpp:15[m[K:
[01m[K/home/theda/dev_ws/src/autoronto_interview/src/ivec2str.hpp:24:79:[m[K [01;36m[Knote: [m[K  initializing argument 2 of ‘[01m[Kvoid test_helper_ivec2str(const std::vector<signed char, std::allocator<signed char> >&, std::string&)[m[K’
   24 | void test_helper_ivec2str(const std::vector<std::int8_t> &input, [01;36m[Kstd::string &oracle[m[K) {
      |                                                                  [01;36m[K~~~~~~~~~~~~~^~~~~~[m[K
[01m[K/home/theda/dev_ws/src/autoronto_interview/src/ivec2str.hpp:43:29:[m[K [01;31m[Kerror: [m[Kcannot bind non-const lvalue reference of type ‘[01m[Kstd::string&[m[K’ {aka ‘[01m[Kstd::__cxx11::basic_string<char>&[m[K’} to an rvalue of type ‘[01m[Kstd::string[m[K’ {aka ‘[01m[Kstd::__cxx11::basic_string<char>[m[K’}
   43 |     test_helper_ivec2str(d, [01;31m[K"[1,]"[m[K);
      |                             [01;31m[K^~~~~~[m[K
In file included from [01m[K/usr/include/c++/11/string:55[m[K,
                 from [01m[K/home/theda/dev_ws/src/autoronto_interview/src/test.cpp:8[m[K:
[01m[K/usr/include/c++/11/bits/basic_string.h:533:7:[m[K [01;36m[Knote: [m[K  after user-defined conversion: ‘[01m[Kstd::__cxx11::basic_string<_CharT, _Traits, _Alloc>::basic_string(const _CharT*, const _Alloc&) [with <template-parameter-2-1> = std::allocator<char>; _CharT = char; _Traits = std::char_traits<char>; _Alloc = std::allocator<char>][m[K’
  533 |       [01;36m[Kbasic_string[m[K(const _CharT* __s, const _Alloc& __a = _Alloc())
      |       [01;36m[K^~~~~~~~~~~~[m[K
In file included from [01m[K/home/theda/dev_ws/src/autoronto_interview/src/test.cpp:15[m[K:
[01m[K/home/theda/dev_ws/src/autoronto_interview/src/ivec2str.hpp:24:79:[m[K [01;36m[Knote: [m[K  initializing argument 2 of ‘[01m[Kvoid test_helper_ivec2str(const std::vector<signed char, std::allocator<signed char> >&, std::string&)[m[K’
   24 | void test_helper_ivec2str(const std::vector<std::int8_t> &input, [01;36m[Kstd::string &oracle[m[K) {
      |                                                                  [01;36m[K~~~~~~~~~~~~~^~~~~~[m[K
[01m[K/home/theda/dev_ws/src/autoronto_interview/src/ivec2str.hpp:46:29:[m[K [01;31m[Kerror: [m[Kcannot bind non-const lvalue reference of type ‘[01m[Kstd::string&[m[K’ {aka ‘[01m[Kstd::__cxx11::basic_string<char>&[m[K’} to an rvalue of type ‘[01m[Kstd::string[m[K’ {aka ‘[01m[Kstd::__cxx11::basic_string<char>[m[K’}
   46 |     test_helper_ivec2str(e, [01;31m[K"[127,-128,]"[m[K);
      |                             [01;31m[K^~~~~~~~~~~~~[m[K
In file included from [01m[K/usr/include/c++/11/string:55[m[K,
                 from [01m[K/home/theda/dev_ws/src/autoronto_interview/src/test.cpp:8[m[K:
[01m[K/usr/include/c++/11/bits/basic_string.h:533:7:[m[K [01;36m[Knote: [m[K  after user-defined conversion: ‘[01m[Kstd::__cxx11::basic_string<_CharT, _Traits, _Alloc>::basic_string(const _CharT*, const _Alloc&) [with <template-parameter-2-1> = std::allocator<char>; _CharT = char; _Traits = std::char_traits<char>; _Alloc = std::allocator<char>][m[K’
  533 |       [01;36m[Kbasic_string[m[K(const _CharT* __s, const _Alloc& __a = _Alloc())
      |       [01;36m[K^~~~~~~~~~~~[m[K
In file included from [01m[K/home/theda/dev_ws/src/autoronto_interview/src/test.cpp:15[m[K:
[01m[K/home/theda/dev_ws/src/autoronto_interview/src/ivec2str.hpp:24:79:[m[K [01;36m[Knote: [m[K  initializing argument 2 of ‘[01m[Kvoid test_helper_ivec2str(const std::vector<signed char, std::allocator<signed char> >&, std::string&)[m[K’
   24 | void test_helper_ivec2str(const std::vector<std::int8_t> &input, [01;36m[Kstd::string &oracle[m[K) {
      |                                                                  [01;36m[K~~~~~~~~~~~~~^~~~~~[m[K
gmake[2]: *** [CMakeFiles/davidchus_test.dir/build.make:76: CMakeFiles/davidchus_test.dir/src/test.cpp.o] Error 1
gmake[1]: *** [CMakeFiles/Makefile2:165: CMakeFiles/davidchus_test.dir/all] Error 2
gmake[1]: *** Waiting for unfinished jobs....
gmake[2]: *** [CMakeFiles/solution.dir/build.make:76: CMakeFiles/solution.dir/src/solution.cpp.o] Error 1
gmake[1]: *** [CMakeFiles/Makefile2:139: CMakeFiles/solution.dir/all] Error 2
gmake: *** [Makefile:146: all] Error 2
