[0.036s] Invoking command in '/home/theda/dev_ws/src/autoronto_interview/build/autoronto_interview': CMAKE_PREFIX_PATH=${CMAKE_PREFIX_PATH}:/opt/ros/humble /usr/bin/cmake --build /home/theda/dev_ws/src/autoronto_interview/build/autoronto_interview -- -j4 -l4
[0.265s] [ 50%] [32mBuilding CXX object CMakeFiles/solution.dir/src/solution.cpp.o[0m
[0.265s] [ 50%] [32mBuilding CXX object CMakeFiles/davidchus_test.dir/src/test.cpp.o[0m
[7.034s] In file included from [01m[K/home/theda/dev_ws/src/autoronto_interview/src/solution.cpp:16[m[K:
[7.035s] [01m[K/home/theda/dev_ws/src/autoronto_interview/src/ivec2str.hpp:[m[K In function ‘[01m[Kvoid test_ivec2str()[m[K’:
[7.035s] [01m[K/home/theda/dev_ws/src/autoronto_interview/src/ivec2str.hpp:34:29:[m[K [01;31m[Kerror: [m[Kcannot bind non-const lvalue reference of type ‘[01m[Kstd::string&[m[K’ {aka ‘[01m[Kstd::__cxx11::basic_string<char>&[m[K’} to an rvalue of type ‘[01m[Kstd::string[m[K’ {aka ‘[01m[Kstd::__cxx11::basic_string<char>[m[K’}
[7.035s]    34 |     test_helper_ivec2str(a, [01;31m[K"[1,2,3,4,5,6,]"[m[K);
[7.035s]       |                             [01;31m[K^~~~~~~~~~~~~~~~[m[K
[7.035s] In file included from [01m[K/usr/include/c++/11/string:55[m[K,
[7.035s]                  from [01m[K/home/theda/dev_ws/src/autoronto_interview/src/solution.cpp:9[m[K:
[7.036s] [01m[K/usr/include/c++/11/bits/basic_string.h:533:7:[m[K [01;36m[Knote: [m[K  after user-defined conversion: ‘[01m[Kstd::__cxx11::basic_string<_CharT, _Traits, _Alloc>::basic_string(const _CharT*, const _Alloc&) [with <template-parameter-2-1> = std::allocator<char>; _CharT = char; _Traits = std::char_traits<char>; _Alloc = std::allocator<char>][m[K’
[7.036s]   533 |       [01;36m[Kbasic_string[m[K(const _CharT* __s, const _Alloc& __a = _Alloc())
[7.036s]       |       [01;36m[K^~~~~~~~~~~~[m[K
[7.036s] In file included from [01m[K/home/theda/dev_ws/src/autoronto_interview/src/solution.cpp:16[m[K:
[7.036s] [01m[K/home/theda/dev_ws/src/autoronto_interview/src/ivec2str.hpp:24:79:[m[K [01;36m[Knote: [m[K  initializing argument 2 of ‘[01m[Kvoid test_helper_ivec2str(const std::vector<signed char, std::allocator<signed char> >&, std::string&)[m[K’
[7.037s]    24 | _ivec2str(const std::vector<std::int8_t> &input, [01;36m[Kstd::string &oracle[m[K) {
[7.037s]       |                                                  [01;36m[K~~~~~~~~~~~~~^~~~~~[m[K
[7.037s] 
[7.037s] [01m[K/home/theda/dev_ws/src/autoronto_interview/src/ivec2str.hpp:37:29:[m[K [01;31m[Kerror: [m[Kcannot bind non-const lvalue reference of type ‘[01m[Kstd::string&[m[K’ {aka ‘[01m[Kstd::__cxx11::basic_string<char>&[m[K’} to an rvalue of type ‘[01m[Kstd::string[m[K’ {aka ‘[01m[Kstd::__cxx11::basic_string<char>[m[K’}
[7.038s]    37 |     test_helper_ivec2str(b, [01;31m[K"[]"[m[K);
[7.038s]       |                             [01;31m[K^~~~[m[K
[7.038s] In file included from [01m[K/usr/include/c++/11/string:55[m[K,
[7.038s]                  from [01m[K/home/theda/dev_ws/src/autoronto_interview/src/solution.cpp:9[m[K:
[7.039s] [01m[K/usr/include/c++/11/bits/basic_string.h:533:7:[m[K [01;36m[Knote: [m[K  after user-defined conversion: ‘[01m[Kstd::__cxx11::basic_string<_CharT, _Traits, _Alloc>::basic_string(const _CharT*, const _Alloc&) [with <template-parameter-2-1> = std::allocator<char>; _CharT = char; _Traits = std::char_traits<char>; _Alloc = std::allocator<char>][m[K’
[7.039s]   533 |       [01;36m[Kbasic_string[m[K(const _CharT* __s, const _Alloc& __a = _Alloc())
[7.039s]       |       [01;36m[K^~~~~~~~~~~~[m[K
[7.039s] In file included from [01m[K/home/theda/dev_ws/src/autoronto_interview/src/solution.cpp:16[m[K:
[7.040s] [01m[K/home/theda/dev_ws/src/autoronto_interview/src/ivec2str.hpp:24:79:[m[K [01;36m[Knote: [m[K  initializing argument 2 of ‘[01m[Kvoid test_helper_ivec2str(const std::vector<signed char, std::allocator<signed char> >&, std::string&)[m[K’
[7.041s]    24 | _ivec2str(const std::vector<std::int8_t> &input, [01;36m[Kstd::string &oracle[m[K) {
[7.041s]       |                                                  [01;36m[K~~~~~~~~~~~~~^~~~~~[m[K
[7.041s] 
[7.042s] [01m[K/home/theda/dev_ws/src/autoronto_interview/src/ivec2str.hpp:40:29:[m[K [01;31m[Kerror: [m[Kcannot bind non-const lvalue reference of type ‘[01m[Kstd::string&[m[K’ {aka ‘[01m[Kstd::__cxx11::basic_string<char>&[m[K’} to an rvalue of type ‘[01m[Kstd::string[m[K’ {aka ‘[01m[Kstd::__cxx11::basic_string<char>[m[K’}
[7.042s]    40 |     test_helper_ivec2str(c, [01;31m[K"[0,0,-1,-1,2,]"[m[K);
[7.043s]       |                             [01;31m[K^~~~~~~~~~~~~~~~[m[K
[7.043s] In file included from [01m[K/usr/include/c++/11/string:55[m[K,
[7.043s]                  from [01m[K/home/theda/dev_ws/src/autoronto_interview/src/solution.cpp:9[m[K:
[7.044s] [01m[K/usr/include/c++/11/bits/basic_string.h:533:7:[m[K [01;36m[Knote: [m[K  after user-defined conversion: ‘[01m[Kstd::__cxx11::basic_string<_CharT, _Traits, _Alloc>::basic_string(const _CharT*, const _Alloc&) [with <template-parameter-2-1> = std::allocator<char>; _CharT = char; _Traits = std::char_traits<char>; _Alloc = std::allocator<char>][m[K’
[7.044s]   533 |       [01;36m[Kbasic_string[m[K(const _CharT* __s, const _Alloc& __a = _Alloc())
[7.044s]       |       [01;36m[K^~~~~~~~~~~~[m[K
[7.044s] In file included from [01m[K/home/theda/dev_ws/src/autoronto_interview/src/solution.cpp:16[m[K:
[7.045s] [01m[K/home/theda/dev_ws/src/autoronto_interview/src/ivec2str.hpp:24:79:[m[K [01;36m[Knote: [m[K  initializing argument 2 of ‘[01m[Kvoid test_helper_ivec2str(const std::vector<signed char, std::allocator<signed char> >&, std::string&)[m[K’
[7.045s]    24 | _ivec2str(const std::vector<std::int8_t> &input, [01;36m[Kstd::string &oracle[m[K) {
[7.045s]       |                                                  [01;36m[K~~~~~~~~~~~~~^~~~~~[m[K
[7.045s] 
[7.046s] [01m[K/home/theda/dev_ws/src/autoronto_interview/src/ivec2str.hpp:43:29:[m[K [01;31m[Kerror: [m[Kcannot bind non-const lvalue reference of type ‘[01m[Kstd::string&[m[K’ {aka ‘[01m[Kstd::__cxx11::basic_string<char>&[m[K’} to an rvalue of type ‘[01m[Kstd::string[m[K’ {aka ‘[01m[Kstd::__cxx11::basic_string<char>[m[K’}
[7.046s]    43 |     test_helper_ivec2str(d, [01;31m[K"[1,]"[m[K);
[7.047s]       |                             [01;31m[K^~~~~~[m[K
[7.047s] In file included from [01m[K/usr/include/c++/11/string:55[m[K,
[7.049s]                  from [01m[K/home/theda/dev_ws/src/autoronto_interview/src/solution.cpp:9[m[K:
[7.049s] [01m[K/usr/include/c++/11/bits/basic_string.h:533:7:[m[K [01;36m[Knote: [m[K  after user-defined conversion: ‘[01m[Kstd::__cxx11::basic_string<_CharT, _Traits, _Alloc>::basic_string(const _CharT*, const _Alloc&) [with <template-parameter-2-1> = std::allocator<char>; _CharT = char; _Traits = std::char_traits<char>; _Alloc = std::allocator<char>][m[K’
[7.049s]   533 |       [01;36m[Kbasic_string[m[K(const _CharT* __s, const _Alloc& __a = _Alloc())
[7.050s]       |       [01;36m[K^~~~~~~~~~~~[m[K
[7.050s] In file included from [01m[K/home/theda/dev_ws/src/autoronto_interview/src/solution.cpp:16[m[K:
[7.050s] [01m[K/home/theda/dev_ws/src/autoronto_interview/src/ivec2str.hpp:24:79:[m[K [01;36m[Knote: [m[K  initializing argument 2 of ‘[01m[Kvoid test_helper_ivec2str(const std::vector<signed char, std::allocator<signed char> >&, std::string&)[m[K’
[7.050s]    24 | _ivec2str(const std::vector<std::int8_t> &input, [01;36m[Kstd::string &oracle[m[K) {
[7.051s]       |                                                  [01;36m[K~~~~~~~~~~~~~^~~~~~[m[K
[7.051s] 
[7.052s] [01m[K/home/theda/dev_ws/src/autoronto_interview/src/ivec2str.hpp:46:29:[m[K [01;31m[Kerror: [m[Kcannot bind non-const lvalue reference of type ‘[01m[Kstd::string&[m[K’ {aka ‘[01m[Kstd::__cxx11::basic_string<char>&[m[K’} to an rvalue of type ‘[01m[Kstd::string[m[K’ {aka ‘[01m[Kstd::__cxx11::basic_string<char>[m[K’}
[7.052s]    46 |     test_helper_ivec2str(e, [01;31m[K"[127,-128,]"[m[K);
[7.052s]       |                             [01;31m[K^~~~~~~~~~~~~[m[K
[7.052s] In file included from [01m[K/usr/include/c++/11/string:55[m[K,
[7.053s]                  from [01m[K/home/theda/dev_ws/src/autoronto_interview/src/solution.cpp:9[m[K:
[7.053s] [01m[K/usr/include/c++/11/bits/basic_string.h:533:7:[m[K [01;36m[Knote: [m[K  after user-defined conversion: ‘[01m[Kstd::__cxx11::basic_string<_CharT, _Traits, _Alloc>::basic_string(const _CharT*, const _Alloc&) [with <template-parameter-2-1> = std::allocator<char>; _CharT = char; _Traits = std::char_traits<char>; _Alloc = std::allocator<char>][m[K’
[7.054s]   533 |       [01;36m[Kbasic_string[m[K(const _CharT* __s, const _Alloc& __a = _Alloc())
[7.054s]       |       [01;36m[K^~~~~~~~~~~~[m[K
[7.054s] In file included from [01m[K/home/theda/dev_ws/src/autoronto_interview/src/solution.cpp:16[m[K:
[7.055s] [01m[K/home/theda/dev_ws/src/autoronto_interview/src/ivec2str.hpp:24:79:[m[K [01;36m[Knote: [m[K  initializing argument 2 of ‘[01m[Kvoid test_helper_ivec2str(const std::vector<signed char, std::allocator<signed char> >&, std::string&)[m[K’
[7.055s]    24 | _ivec2str(const std::vector<std::int8_t> &input, [01;36m[Kstd::string &oracle[m[K) {
[7.057s]       |                                                  [01;36m[K~~~~~~~~~~~~~^~~~~~[m[K
[7.059s] 
[7.502s] In file included from [01m[K/home/theda/dev_ws/src/autoronto_interview/src/test.cpp:15[m[K:
[7.503s] [01m[K/home/theda/dev_ws/src/autoronto_interview/src/ivec2str.hpp:[m[K In function ‘[01m[Kvoid test_ivec2str()[m[K’:
[7.503s] [01m[K/home/theda/dev_ws/src/autoronto_interview/src/ivec2str.hpp:34:29:[m[K [01;31m[Kerror: [m[Kcannot bind non-const lvalue reference of type ‘[01m[Kstd::string&[m[K’ {aka ‘[01m[Kstd::__cxx11::basic_string<char>&[m[K’} to an rvalue of type ‘[01m[Kstd::string[m[K’ {aka ‘[01m[Kstd::__cxx11::basic_string<char>[m[K’}
[7.503s]    34 |     test_helper_ivec2str(a, [01;31m[K"[1,2,3,4,5,6,]"[m[K);
[7.503s]       |                             [01;31m[K^~~~~~~~~~~~~~~~[m[K
[7.504s] In file included from [01m[K/usr/include/c++/11/string:55[m[K,
[7.504s]                  from [01m[K/home/theda/dev_ws/src/autoronto_interview/src/test.cpp:8[m[K:
[7.504s] [01m[K/usr/include/c++/11/bits/basic_string.h:533:7:[m[K [01;36m[Knote: [m[K  after user-defined conversion: ‘[01m[Kstd::__cxx11::basic_string<_CharT, _Traits, _Alloc>::basic_string(const _CharT*, const _Alloc&) [with <template-parameter-2-1> = std::allocator<char>; _CharT = char; _Traits = std::char_traits<char>; _Alloc = std::allocator<char>][m[K’
[7.504s]   533 |       [01;36m[Kbasic_string[m[K(const _CharT* __s, const _Alloc& __a = _Alloc())
[7.504s]       |       [01;36m[K^~~~~~~~~~~~[m[K
[7.504s] In file included from [01m[K/home/theda/dev_ws/src/autoronto_interview/src/test.cpp:15[m[K:
[7.504s] [01m[K/home/theda/dev_ws/src/autoronto_interview/src/ivec2str.hpp:24:79:[m[K [01;36m[Knote: [m[K  initializing argument 2 of ‘[01m[Kvoid test_helper_ivec2str(const std::vector<signed char, std::allocator<signed char> >&, std::string&)[m[K’
[7.505s]    24 | void test_helper_ivec2str(const std::vector<std::int8_t> &input, [01;36m[Kstd::string &oracle[m[K) {
[7.505s]       |                                                                  [01;36m[K~~~~~~~~~~~~~^~~~~~[m[K
[7.506s] [01m[K/home/theda/dev_ws/src/autoronto_interview/src/ivec2str.hpp:37:29:[m[K [01;31m[Kerror: [m[Kcannot bind non-const lvalue reference of type ‘[01m[Kstd::string&[m[K’ {aka ‘[01m[Kstd::__cxx11::basic_string<char>&[m[K’} to an rvalue of type ‘[01m[Kstd::string[m[K’ {aka ‘[01m[Kstd::__cxx11::basic_string<char>[m[K’}
[7.506s]    37 |     test_helper_ivec2str(b, [01;31m[K"[]"[m[K);
[7.506s]       |                             [01;31m[K^~~~[m[K
[7.507s] In file included from [01m[K/usr/include/c++/11/string:55[m[K,
[7.507s]                  from [01m[K/home/theda/dev_ws/src/autoronto_interview/src/test.cpp:8[m[K:
[7.507s] [01m[K/usr/include/c++/11/bits/basic_string.h:533:7:[m[K [01;36m[Knote: [m[K  after user-defined conversion: ‘[01m[Kstd::__cxx11::basic_string<_CharT, _Traits, _Alloc>::basic_string(const _CharT*, const _Alloc&) [with <template-parameter-2-1> = std::allocator<char>; _CharT = char; _Traits = std::char_traits<char>; _Alloc = std::allocator<char>][m[K’
[7.508s]   533 |       [01;36m[Kbasic_string[m[K(const _CharT* __s, const _Alloc& __a = _Alloc())
[7.508s]       |       [01;36m[K^~~~~~~~~~~~[m[K
[7.508s] In file included from [01m[K/home/theda/dev_ws/src/autoronto_interview/src/test.cpp:15[m[K:
[7.509s] [01m[K/home/theda/dev_ws/src/autoronto_interview/src/ivec2str.hpp:24:79:[m[K [01;36m[Knote: [m[K  initializing argument 2 of ‘[01m[Kvoid test_helper_ivec2str(const std::vector<signed char, std::allocator<signed char> >&, std::string&)[m[K’
[7.509s]    24 | void test_helper_ivec2str(const std::vector<std::int8_t> &input, [01;36m[Kstd::string &oracle[m[K) {
[7.509s]       |                                                                  [01;36m[K~~~~~~~~~~~~~^~~~~~[m[K
[7.509s] [01m[K/home/theda/dev_ws/src/autoronto_interview/src/ivec2str.hpp:40:29:[m[K [01;31m[Kerror: [m[Kcannot bind non-const lvalue reference of type ‘[01m[Kstd::string&[m[K’ {aka ‘[01m[Kstd::__cxx11::basic_string<char>&[m[K’} to an rvalue of type ‘[01m[Kstd::string[m[K’ {aka ‘[01m[Kstd::__cxx11::basic_string<char>[m[K’}
[7.510s]    40 |     test_helper_ivec2str(c, [01;31m[K"[0,0,-1,-1,2,]"[m[K);
[7.510s]       |                             [01;31m[K^~~~~~~~~~~~~~~~[m[K
[7.510s] In file included from [01m[K/usr/include/c++/11/string:55[m[K,
[7.510s]                  from [01m[K/home/theda/dev_ws/src/autoronto_interview/src/test.cpp:8[m[K:
[7.511s] [01m[K/usr/include/c++/11/bits/basic_string.h:533:7:[m[K [01;36m[Knote: [m[K  after user-defined conversion: ‘[01m[Kstd::__cxx11::basic_string<_CharT, _Traits, _Alloc>::basic_string(const _CharT*, const _Alloc&) [with <template-parameter-2-1> = std::allocator<char>; _CharT = char; _Traits = std::char_traits<char>; _Alloc = std::allocator<char>][m[K’
[7.516s]   533 |       [01;36m[Kbasic_string[m[K(const _CharT* __s, const _Alloc& __a = _Alloc())
[7.517s]       |       [01;36m[K^~~~~~~~~~~~[m[K
[7.517s] In file included from [01m[K/home/theda/dev_ws/src/autoronto_interview/src/test.cpp:15[m[K:
[7.518s] [01m[K/home/theda/dev_ws/src/autoronto_interview/src/ivec2str.hpp:24:79:[m[K [01;36m[Knote: [m[K  initializing argument 2 of ‘[01m[Kvoid test_helper_ivec2str(const std::vector<signed char, std::allocator<signed char> >&, std::string&)[m[K’
[7.518s]    24 | void test_helper_ivec2str(const std::vector<std::int8_t> &input, [01;36m[Kstd::string &oracle[m[K) {
[7.518s]       |                                                                  [01;36m[K~~~~~~~~~~~~~^~~~~~[m[K
[7.519s] [01m[K/home/theda/dev_ws/src/autoronto_interview/src/ivec2str.hpp:43:29:[m[K [01;31m[Kerror: [m[Kcannot bind non-const lvalue reference of type ‘[01m[Kstd::string&[m[K’ {aka ‘[01m[Kstd::__cxx11::basic_string<char>&[m[K’} to an rvalue of type ‘[01m[Kstd::string[m[K’ {aka ‘[01m[Kstd::__cxx11::basic_string<char>[m[K’}
[7.519s]    43 |     test_helper_ivec2str(d, [01;31m[K"[1,]"[m[K);
[7.519s]       |                             [01;31m[K^~~~~~[m[K
[7.519s] In file included from [01m[K/usr/include/c++/11/string:55[m[K,
[7.520s]                  from [01m[K/home/theda/dev_ws/src/autoronto_interview/src/test.cpp:8[m[K:
[7.520s] [01m[K/usr/include/c++/11/bits/basic_string.h:533:7:[m[K [01;36m[Knote: [m[K  after user-defined conversion: ‘[01m[Kstd::__cxx11::basic_string<_CharT, _Traits, _Alloc>::basic_string(const _CharT*, const _Alloc&) [with <template-parameter-2-1> = std::allocator<char>; _CharT = char; _Traits = std::char_traits<char>; _Alloc = std::allocator<char>][m[K’
[7.520s]   533 |       [01;36m[Kbasic_string[m[K(const _CharT* __s, const _Alloc& __a = _Alloc())
[7.521s]       |       [01;36m[K^~~~~~~~~~~~[m[K
[7.521s] In file included from [01m[K/home/theda/dev_ws/src/autoronto_interview/src/test.cpp:15[m[K:
[7.522s] [01m[K/home/theda/dev_ws/src/autoronto_interview/src/ivec2str.hpp:24:79:[m[K [01;36m[Knote: [m[K  initializing argument 2 of ‘[01m[Kvoid test_helper_ivec2str(const std::vector<signed char, std::allocator<signed char> >&, std::string&)[m[K’
[7.522s]    24 | void test_helper_ivec2str(const std::vector<std::int8_t> &input, [01;36m[Kstd::string &oracle[m[K) {
[7.522s]       |                                                                  [01;36m[K~~~~~~~~~~~~~^~~~~~[m[K
[7.522s] [01m[K/home/theda/dev_ws/src/autoronto_interview/src/ivec2str.hpp:46:29:[m[K [01;31m[Kerror: [m[Kcannot bind non-const lvalue reference of type ‘[01m[Kstd::string&[m[K’ {aka ‘[01m[Kstd::__cxx11::basic_string<char>&[m[K’} to an rvalue of type ‘[01m[Kstd::string[m[K’ {aka ‘[01m[Kstd::__cxx11::basic_string<char>[m[K’}
[7.524s]    46 |     test_helper_ivec2str(e, [01;31m[K"[127,-128,]"[m[K);
[7.524s]       |                             [01;31m[K^~~~~~~~~~~~~[m[K
[7.525s] In file included from [01m[K/usr/include/c++/11/string:55[m[K,
[7.525s]                  from [01m[K/home/theda/dev_ws/src/autoronto_interview/src/test.cpp:8[m[K:
[7.525s] [01m[K/usr/include/c++/11/bits/basic_string.h:533:7:[m[K [01;36m[Knote: [m[K  after user-defined conversion: ‘[01m[Kstd::__cxx11::basic_string<_CharT, _Traits, _Alloc>::basic_string(const _CharT*, const _Alloc&) [with <template-parameter-2-1> = std::allocator<char>; _CharT = char; _Traits = std::char_traits<char>; _Alloc = std::allocator<char>][m[K’
[7.526s]   533 |       [01;36m[Kbasic_string[m[K(const _CharT* __s, const _Alloc& __a = _Alloc())
[7.526s]       |       [01;36m[K^~~~~~~~~~~~[m[K
[7.527s] In file included from [01m[K/home/theda/dev_ws/src/autoronto_interview/src/test.cpp:15[m[K:
[7.527s] [01m[K/home/theda/dev_ws/src/autoronto_interview/src/ivec2str.hpp:24:79:[m[K [01;36m[Knote: [m[K  initializing argument 2 of ‘[01m[Kvoid test_helper_ivec2str(const std::vector<signed char, std::allocator<signed char> >&, std::string&)[m[K’
[7.528s]    24 | void test_helper_ivec2str(const std::vector<std::int8_t> &input, [01;36m[Kstd::string &oracle[m[K) {
[7.528s]       |                                                                  [01;36m[K~~~~~~~~~~~~~^~~~~~[m[K
[9.688s] gmake[2]: *** [CMakeFiles/davidchus_test.dir/build.make:76: CMakeFiles/davidchus_test.dir/src/test.cpp.o] Error 1
[9.688s] gmake[1]: *** [CMakeFiles/Makefile2:165: CMakeFiles/davidchus_test.dir/all] Error 2
[9.689s] gmake[1]: *** Waiting for unfinished jobs....
[13.062s] gmake[2]: *** [CMakeFiles/solution.dir/build.make:76: CMakeFiles/solution.dir/src/solution.cpp.o] Error 1
[13.063s] gmake[1]: *** [CMakeFiles/Makefile2:139: CMakeFiles/solution.dir/all] Error 2
[13.063s] gmake: *** [Makefile:146: all] Error 2
[13.065s] Invoked command in '/home/theda/dev_ws/src/autoronto_interview/build/autoronto_interview' returned '2': CMAKE_PREFIX_PATH=${CMAKE_PREFIX_PATH}:/opt/ros/humble /usr/bin/cmake --build /home/theda/dev_ws/src/autoronto_interview/build/autoronto_interview -- -j4 -l4
