-- Found ament_cmake: 1.3.2 (/opt/ros/humble/share/ament_cmake/cmake)
-- Found rclcpp: 16.0.1 (/opt/ros/humble/share/rclcpp/cmake)
-- Found rosidl_generator_c: 3.1.3 (/opt/ros/humble/share/rosidl_generator_c/cmake)
-- Found rosidl_adapter: 3.1.3 (/opt/ros/humble/share/rosidl_adapter/cmake)
-- Found rosidl_generator_cpp: 3.1.3 (/opt/ros/humble/share/rosidl_generator_cpp/cmake)
-- Using all available rosidl_typesupport_c: rosidl_typesupport_fastrtps_c;rosidl_typesupport_introspection_c
-- Using all available rosidl_typesupport_cpp: rosidl_typesupport_fastrtps_cpp;rosidl_typesupport_introspection_cpp
-- Found rmw_implementation_cmake: 6.1.0 (/opt/ros/humble/share/rmw_implementation_cmake/cmake)
-- Found rmw_fastrtps_cpp: 6.2.1 (/opt/ros/humble/share/rmw_fastrtps_cpp/cmake)
-- Using RMW implementation 'rmw_fastrtps_cpp' as default
-- Found ament_lint_auto: 0.12.4 (/opt/ros/humble/share/ament_lint_auto/cmake)
-- Added test 'cppcheck' to perform static code analysis on C / C++ code
-- Configured cppcheck include dirs: 
-- Configured cppcheck exclude dirs and/or files: 
-- Added test 'flake8' to check Python code syntax and style conventions
-- Added test 'lint_cmake' to check CMake code style
-- Added test 'pep257' to check Python code against some of the docstring style conventions in PEP 257
-- Added test 'uncrustify' to check C / C++ code style
-- Configured uncrustify additional arguments: 
-- Added test 'xmllint' to check XML markup files
-- Configuring done
-- Generating done
-- Build files have been written to: /home/theda/dev_ws/src/autoronto_interview/build/autoronto_interview
[35m[1mConsolidate compiler generated dependencies of target davidchus_test[0m
[35m[1mConsolidate compiler generated dependencies of target solution[0m
[ 25%] [32mBuilding CXX object CMakeFiles/solution.dir/src/solution.cpp.o[0m
[ 50%] [32mBuilding CXX object CMakeFiles/davidchus_test.dir/src/test.cpp.o[0m
In file included from [01m[K/home/theda/dev_ws/src/autoronto_interview/src/test.cpp:15[m[K:
[01m[K/home/theda/dev_ws/src/autoronto_interview/src/ivec2str.hpp:[m[K In function ‘[01m[Kvoid test_ivec2str()[m[K’:
[01m[K/home/theda/dev_ws/src/autoronto_interview/src/ivec2str.hpp:34:29:[m[K [01;31m[Kerror: [m[Kcannot bind non-const lvalue reference of type ‘[01m[Kstd::string&[m[K’ {aka ‘[01m[Kstd::__cxx11::basic_string<char>&[m[K’} to an rvalue of type ‘[01m[Kstd::string[m[K’ {aka ‘[01m[Kstd::__cxx11::basic_string<char>[m[K’}
   34 |     test_helper_ivec2str(a, [01;31m[K"[1,2,3,4,5,6,]"[m[K);
      |                             [01;31m[K^~~~~~~~~~~~~~~~[m[K
In file included from [01m[K/usr/include/c++/11/string:55[m[K,
                 from [01m[K/home/theda/dev_ws/src/autoronto_interview/src/test.cpp:8[m[K:
[01m[K/usr/include/c++/11/bits/basic_string.h:533:7:[m[K [01;36m[Knote: [m[K  after user-defined conversion: ‘[01m[Kstd::__cxx11::basic_string<_CharT, _Traits, _Alloc>::basic_string(const _CharT*, const _Alloc&) [with <template-parameter-2-1> = std::allocator<char>; _CharT = char; _Traits = std::char_traits<char>; _Alloc = std::allocator<char>][m[K’
  533 |       [01;36m[Kbasic_string[m[K(const _CharT* __s, const _Alloc& __a = _Alloc())
      |       [01;36m[K^~~~~~~~~~~~[m[K
In file included from [01m[K/home/theda/dev_ws/src/autoronto_interview/src/test.cpp:15[m[K:
[01m[K/home/theda/dev_ws/src/autoronto_interview/src/ivec2str.hpp:24:79:[m[K [01;36m[Knote: [m[K  initializing argument 2 of ‘[01m[Kvoid test_helper_ivec2str(const std::vector<signed char, std::allocator<signed char> >&, std::string&)[m[K’
   24 | void test_helper_ivec2str(const std::vector<std::int8_t> &input, [01;36m[Kstd::string &oracle[m[K) {
      |                                                                  [01;36m[K~~~~~~~~~~~~~^~~~~~[m[K
[01m[K/home/theda/dev_ws/src/autoronto_interview/src/ivec2str.hpp:37:29:[m[K [01;31m[Kerror: [m[Kcannot bind non-const lvalue reference of type ‘[01m[Kstd::string&[m[K’ {aka ‘[01m[Kstd::__cxx11::basic_string<char>&[m[K’} to an rvalue of type ‘[01m[Kstd::string[m[K’ {aka ‘[01m[Kstd::__cxx11::basic_string<char>[m[K’}
   37 |     test_helper_ivec2str(b, [01;31m[K"[]"[m[K);
      |                             [01;31m[K^~~~[m[K
In file included from [01m[K/usr/include/c++/11/string:55[m[K,
                 from [01m[K/home/theda/dev_ws/src/autoronto_interview/src/test.cpp:8[m[K:
[01m[K/usr/include/c++/11/bits/basic_string.h:533:7:[m[K [01;36m[Knote: [m[K  after user-defined conversion: ‘[01m[Kstd::__cxx11::basic_string<_CharT, _Traits, _Alloc>::basic_string(const _CharT*, const _Alloc&) [with <template-parameter-2-1> = std::allocator<char>; _CharT = char; _Traits = std::char_traits<char>; _Alloc = std::allocator<char>][m[K’
  533 |       [01;36m[Kbasic_string[m[K(const _CharT* __s, const _Alloc& __a = _Alloc())
      |       [01;36m[K^~~~~~~~~~~~[m[K
In file included from [01m[K/home/theda/dev_ws/src/autoronto_interview/src/test.cpp:15[m[K:
[01m[K/home/theda/dev_ws/src/autoronto_interview/src/ivec2str.hpp:24:79:[m[K [01;36m[Knote: [m[K  initializing argument 2 of ‘[01m[Kvoid test_helper_ivec2str(const std::vector<signed char, std::allocator<signed char> >&, std::string&)[m[K’
   24 | void test_helper_ivec2str(const std::vector<std::int8_t> &input, [01;36m[Kstd::string &oracle[m[K) {
      |                                                                  [01;36m[K~~~~~~~~~~~~~^~~~~~[m[K
[01m[K/home/theda/dev_ws/src/autoronto_interview/src/ivec2str.hpp:40:29:[m[K [01;31m[Kerror: [m[Kcannot bind non-const lvalue reference of type ‘[01m[Kstd::string&[m[K’ {aka ‘[01m[Kstd::__cxx11::basic_string<char>&[m[K’} to an rvalue of type ‘[01m[Kstd::string[m[K’ {aka ‘[01m[Kstd::__cxx11::basic_string<char>[m[K’}
   40 |     test_helper_ivec2str(c, [01;31m[K"[0,0,-1,-1,2,]"[m[K);
      |                             [01;31m[K^~~~~~~~~~~~~~~~[m[K
In file included from [01m[K/usr/include/c++/11/string:55[m[K,
                 from [01m[K/home/theda/dev_ws/src/autoronto_interview/src/test.cpp:8[m[K:
[01m[K/usr/include/c++/11/bits/basic_string.h:533:7:[m[K [01;36m[Knote: [m[K  after user-defined conversion: ‘[01m[Kstd::__cxx11::basic_string<_CharT, _Traits, _Alloc>::basic_string(const _CharT*, const _Alloc&) [with <template-parameter-2-1> = std::allocator<char>; _CharT = char; _Traits = std::char_traits<char>; _Alloc = std::allocator<char>][m[K’
  533 |       [01;36m[Kbasic_string[m[K(const _CharT* __s, const _Alloc& __a = _Alloc())
      |       [01;36m[K^~~~~~~~~~~~[m[K
In file included from [01m[K/home/theda/dev_ws/src/autoronto_interview/src/test.cpp:15[m[K:
[01m[K/home/theda/dev_ws/src/autoronto_interview/src/ivec2str.hpp:24:79:[m[K [01;36m[Knote: [m[K  initializing argument 2 of ‘[01m[Kvoid test_helper_ivec2str(const std::vector<signed char, std::allocator<signed char> >&, std::string&)[m[K’
   24 | void test_helper_ivec2str(const std::vector<std::int8_t> &input, [01;36m[Kstd::string &oracle[m[K) {
      |                                                                  [01;36m[K~~~~~~~~~~~~~^~~~~~[m[K
[01m[K/home/theda/dev_ws/src/autoronto_interview/src/ivec2str.hpp:43:29:[m[K [01;31m[Kerror: [m[Kcannot bind non-const lvalue reference of type ‘[01m[Kstd::string&[m[K’ {aka ‘[01m[Kstd::__cxx11::basic_string<char>&[m[K’} to an rvalue of type ‘[01m[Kstd::string[m[K’ {aka ‘[01m[Kstd::__cxx11::basic_string<char>[m[K’}
   43 |     test_helper_ivec2str(d, [01;31m[K"[1,]"[m[K);
      |                             [01;31m[K^~~~~~[m[K
In file included from [01m[K/usr/include/c++/11/string:55[m[K,
                 from [01m[K/home/theda/dev_ws/src/autoronto_interview/src/test.cpp:8[m[K:
[01m[K/usr/include/c++/11/bits/basic_string.h:533:7:[m[K [01;36m[Knote: [m[K  after user-defined conversion: ‘[01m[Kstd::__cxx11::basic_string<_CharT, _Traits, _Alloc>::basic_string(const _CharT*, const _Alloc&) [with <template-parameter-2-1> = std::allocator<char>; _CharT = char; _Traits = std::char_traits<char>; _Alloc = std::allocator<char>][m[K’
  533 |       [01;36m[Kbasic_string[m[K(const _CharT* __s, const _Alloc& __a = _Alloc())
      |       [01;36m[K^~~~~~~~~~~~[m[K
In file included from [01m[K/home/theda/dev_ws/src/autoronto_interview/src/test.cpp:15[m[K:
[01m[K/home/theda/dev_ws/src/autoronto_interview/src/ivec2str.hpp:24:79:[m[K [01;36m[Knote: [m[K  initializing argument 2 of ‘[01m[Kvoid test_helper_ivec2str(const std::vector<signed char, std::allocator<signed char> >&, std::string&)[m[K’
   24 | void test_helper_ivec2str(const std::vector<std::int8_t> &input, [01;36m[Kstd::string &oracle[m[K) {
      |                                                                  [01;36m[K~~~~~~~~~~~~~^~~~~~[m[K
[01m[K/home/theda/dev_ws/src/autoronto_interview/src/ivec2str.hpp:46:29:[m[K [01;31m[Kerror: [m[Kcannot bind non-const lvalue reference of type ‘[01m[Kstd::string&[m[K’ {aka ‘[01m[Kstd::__cxx11::basic_string<char>&[m[K’} to an rvalue of type ‘[01m[Kstd::string[m[K’ {aka ‘[01m[Kstd::__cxx11::basic_string<char>[m[K’}
   46 |     test_helper_ivec2str(e, [01;31m[K"[127,-128,]"[m[K);
      |                             [01;31m[K^~~~~~~~~~~~~[m[K
In file included from [01m[K/usr/include/c++/11/string:55[m[K,
                 from [01m[K/home/theda/dev_ws/src/autoronto_interview/src/test.cpp:8[m[K:
[01m[K/usr/include/c++/11/bits/basic_string.h:533:7:[m[K [01;36m[Knote: [m[K  after user-defined conversion: ‘[01m[Kstd::__cxx11::basic_string<_CharT, _Traits, _Alloc>::basic_string(const _CharT*, const _Alloc&) [with <template-parameter-2-1> = std::allocator<char>; _CharT = char; _Traits = std::char_traits<char>; _Alloc = std::allocator<char>][m[K’
  533 |       [01;36m[Kbasic_string[m[K(const _CharT* __s, const _Alloc& __a = _Alloc())
      |       [01;36m[K^~~~~~~~~~~~[m[K
In file included from [01m[K/home/theda/dev_ws/src/autoronto_interview/src/test.cpp:15[m[K:
[01m[K/home/theda/dev_ws/src/autoronto_interview/src/ivec2str.hpp:24:79:[m[K [01;36m[Knote: [m[K  initializing argument 2 of ‘[01m[Kvoid test_helper_ivec2str(const std::vector<signed char, std::allocator<signed char> >&, std::string&)[m[K’
   24 | void test_helper_ivec2str(const std::vector<std::int8_t> &input, [01;36m[Kstd::string &oracle[m[K) {
      |                                                                  [01;36m[K~~~~~~~~~~~~~^~~~~~[m[K
In file included from [01m[K/home/theda/dev_ws/src/autoronto_interview/src/solution.cpp:16[m[K:
[01m[K/home/theda/dev_ws/src/autoronto_interview/src/ivec2str.hpp:[m[K In function ‘[01m[Kvoid test_ivec2str()[m[K’:
[01m[K/home/theda/dev_ws/src/autoronto_interview/src/ivec2str.hpp:34:29:[m[K [01;31m[Kerror: [m[Kcannot bind non-const lvalue reference of type ‘[01m[Kstd::string&[m[K’ {aka ‘[01m[Kstd::__cxx11::basic_string<char>&[m[K’} to an rvalue of type ‘[01m[Kstd::string[m[K’ {aka ‘[01m[Kstd::__cxx11::basic_string<char>[m[K’}
   34 |     test_helper_ivec2str(a, [01;31m[K"[1,2,3,4,5,6,]"[m[K);
      |                             [01;31m[K^~~~~~~~~~~~~~~~[m[K
In file included from [01m[K/usr/include/c++/11/string:55[m[K,
                 from [01m[K/home/theda/dev_ws/src/autoronto_interview/src/solution.cpp:9[m[K:
[01m[K/usr/include/c++/11/bits/basic_string.h:533:7:[m[K [01;36m[Knote: [m[K  after user-defined conversion: ‘[01m[Kstd::__cxx11::basic_string<_CharT, _Traits, _Alloc>::basic_string(const _CharT*, const _Alloc&) [with <template-parameter-2-1> = std::allocator<char>; _CharT = char; _Traits = std::char_traits<char>; _Alloc = std::allocator<char>][m[K’
  533 |       [01;36m[Kbasic_string[m[K(const _CharT* __s, const _Alloc& __a = _Alloc())
      |       [01;36m[K^~~~~~~~~~~~[m[K
In file included from [01m[K/home/theda/dev_ws/src/autoronto_interview/src/solution.cpp:16[m[K:
[01m[K/home/theda/dev_ws/src/autoronto_interview/src/ivec2str.hpp:24:79:[m[K [01;36m[Knote: [m[K  initializing argument 2 of ‘[01m[Kvoid test_helper_ivec2str(const std::vector<signed char, std::allocator<signed char> >&, std::string&)[m[K’
   24 | _ivec2str(const std::vector<std::int8_t> &input, [01;36m[Kstd::string &oracle[m[K) {
      |                                                  [01;36m[K~~~~~~~~~~~~~^~~~~~[m[K

[01m[K/home/theda/dev_ws/src/autoronto_interview/src/ivec2str.hpp:37:29:[m[K [01;31m[Kerror: [m[Kcannot bind non-const lvalue reference of type ‘[01m[Kstd::string&[m[K’ {aka ‘[01m[Kstd::__cxx11::basic_string<char>&[m[K’} to an rvalue of type ‘[01m[Kstd::string[m[K’ {aka ‘[01m[Kstd::__cxx11::basic_string<char>[m[K’}
   37 |     test_helper_ivec2str(b, [01;31m[K"[]"[m[K);
      |                             [01;31m[K^~~~[m[K
In file included from [01m[K/usr/include/c++/11/string:55[m[K,
                 from [01m[K/home/theda/dev_ws/src/autoronto_interview/src/solution.cpp:9[m[K:
[01m[K/usr/include/c++/11/bits/basic_string.h:533:7:[m[K [01;36m[Knote: [m[K  after user-defined conversion: ‘[01m[Kstd::__cxx11::basic_string<_CharT, _Traits, _Alloc>::basic_string(const _CharT*, const _Alloc&) [with <template-parameter-2-1> = std::allocator<char>; _CharT = char; _Traits = std::char_traits<char>; _Alloc = std::allocator<char>][m[K’
  533 |       [01;36m[Kbasic_string[m[K(const _CharT* __s, const _Alloc& __a = _Alloc())
      |       [01;36m[K^~~~~~~~~~~~[m[K
In file included from [01m[K/home/theda/dev_ws/src/autoronto_interview/src/solution.cpp:16[m[K:
[01m[K/home/theda/dev_ws/src/autoronto_interview/src/ivec2str.hpp:24:79:[m[K [01;36m[Knote: [m[K  initializing argument 2 of ‘[01m[Kvoid test_helper_ivec2str(const std::vector<signed char, std::allocator<signed char> >&, std::string&)[m[K’
   24 | _ivec2str(const std::vector<std::int8_t> &input, [01;36m[Kstd::string &oracle[m[K) {
      |                                                  [01;36m[K~~~~~~~~~~~~~^~~~~~[m[K

[01m[K/home/theda/dev_ws/src/autoronto_interview/src/ivec2str.hpp:40:29:[m[K [01;31m[Kerror: [m[Kcannot bind non-const lvalue reference of type ‘[01m[Kstd::string&[m[K’ {aka ‘[01m[Kstd::__cxx11::basic_string<char>&[m[K’} to an rvalue of type ‘[01m[Kstd::string[m[K’ {aka ‘[01m[Kstd::__cxx11::basic_string<char>[m[K’}
   40 |     test_helper_ivec2str(c, [01;31m[K"[0,0,-1,-1,2,]"[m[K);
      |                             [01;31m[K^~~~~~~~~~~~~~~~[m[K
In file included from [01m[K/usr/include/c++/11/string:55[m[K,
                 from [01m[K/home/theda/dev_ws/src/autoronto_interview/src/solution.cpp:9[m[K:
[01m[K/usr/include/c++/11/bits/basic_string.h:533:7:[m[K [01;36m[Knote: [m[K  after user-defined conversion: ‘[01m[Kstd::__cxx11::basic_string<_CharT, _Traits, _Alloc>::basic_string(const _CharT*, const _Alloc&) [with <template-parameter-2-1> = std::allocator<char>; _CharT = char; _Traits = std::char_traits<char>; _Alloc = std::allocator<char>][m[K’
  533 |       [01;36m[Kbasic_string[m[K(const _CharT* __s, const _Alloc& __a = _Alloc())
      |       [01;36m[K^~~~~~~~~~~~[m[K
In file included from [01m[K/home/theda/dev_ws/src/autoronto_interview/src/solution.cpp:16[m[K:
[01m[K/home/theda/dev_ws/src/autoronto_interview/src/ivec2str.hpp:24:79:[m[K [01;36m[Knote: [m[K  initializing argument 2 of ‘[01m[Kvoid test_helper_ivec2str(const std::vector<signed char, std::allocator<signed char> >&, std::string&)[m[K’
   24 | _ivec2str(const std::vector<std::int8_t> &input, [01;36m[Kstd::string &oracle[m[K) {
      |                                                  [01;36m[K~~~~~~~~~~~~~^~~~~~[m[K

[01m[K/home/theda/dev_ws/src/autoronto_interview/src/ivec2str.hpp:43:29:[m[K [01;31m[Kerror: [m[Kcannot bind non-const lvalue reference of type ‘[01m[Kstd::string&[m[K’ {aka ‘[01m[Kstd::__cxx11::basic_string<char>&[m[K’} to an rvalue of type ‘[01m[Kstd::string[m[K’ {aka ‘[01m[Kstd::__cxx11::basic_string<char>[m[K’}
   43 |     test_helper_ivec2str(d, [01;31m[K"[1,]"[m[K);
      |                             [01;31m[K^~~~~~[m[K
In file included from [01m[K/usr/include/c++/11/string:55[m[K,
                 from [01m[K/home/theda/dev_ws/src/autoronto_interview/src/solution.cpp:9[m[K:
[01m[K/usr/include/c++/11/bits/basic_string.h:533:7:[m[K [01;36m[Knote: [m[K  after user-defined conversion: ‘[01m[Kstd::__cxx11::basic_string<_CharT, _Traits, _Alloc>::basic_string(const _CharT*, const _Alloc&) [with <template-parameter-2-1> = std::allocator<char>; _CharT = char; _Traits = std::char_traits<char>; _Alloc = std::allocator<char>][m[K’
  533 |       [01;36m[Kbasic_string[m[K(const _CharT* __s, const _Alloc& __a = _Alloc())
      |       [01;36m[K^~~~~~~~~~~~[m[K
In file included from [01m[K/home/theda/dev_ws/src/autoronto_interview/src/solution.cpp:16[m[K:
[01m[K/home/theda/dev_ws/src/autoronto_interview/src/ivec2str.hpp:24:79:[m[K [01;36m[Knote: [m[K  initializing argument 2 of ‘[01m[Kvoid test_helper_ivec2str(const std::vector<signed char, std::allocator<signed char> >&, std::string&)[m[K’
   24 | _ivec2str(const std::vector<std::int8_t> &input, [01;36m[Kstd::string &oracle[m[K) {
      |                                                  [01;36m[K~~~~~~~~~~~~~^~~~~~[m[K

[01m[K/home/theda/dev_ws/src/autoronto_interview/src/ivec2str.hpp:46:29:[m[K [01;31m[Kerror: [m[Kcannot bind non-const lvalue reference of type ‘[01m[Kstd::string&[m[K’ {aka ‘[01m[Kstd::__cxx11::basic_string<char>&[m[K’} to an rvalue of type ‘[01m[Kstd::string[m[K’ {aka ‘[01m[Kstd::__cxx11::basic_string<char>[m[K’}
   46 |     test_helper_ivec2str(e, [01;31m[K"[127,-128,]"[m[K);
      |                             [01;31m[K^~~~~~~~~~~~~[m[K
In file included from [01m[K/usr/include/c++/11/string:55[m[K,
                 from [01m[K/home/theda/dev_ws/src/autoronto_interview/src/solution.cpp:9[m[K:
[01m[K/usr/include/c++/11/bits/basic_string.h:533:7:[m[K [01;36m[Knote: [m[K  after user-defined conversion: ‘[01m[Kstd::__cxx11::basic_string<_CharT, _Traits, _Alloc>::basic_string(const _CharT*, const _Alloc&) [with <template-parameter-2-1> = std::allocator<char>; _CharT = char; _Traits = std::char_traits<char>; _Alloc = std::allocator<char>][m[K’
  533 |       [01;36m[Kbasic_string[m[K(const _CharT* __s, const _Alloc& __a = _Alloc())
      |       [01;36m[K^~~~~~~~~~~~[m[K
In file included from [01m[K/home/theda/dev_ws/src/autoronto_interview/src/solution.cpp:16[m[K:
[01m[K/home/theda/dev_ws/src/autoronto_interview/src/ivec2str.hpp:24:79:[m[K [01;36m[Knote: [m[K  initializing argument 2 of ‘[01m[Kvoid test_helper_ivec2str(const std::vector<signed char, std::allocator<signed char> >&, std::string&)[m[K’
   24 | _ivec2str(const std::vector<std::int8_t> &input, [01;36m[Kstd::string &oracle[m[K) {
      |                                                  [01;36m[K~~~~~~~~~~~~~^~~~~~[m[K

gmake[2]: *** [CMakeFiles/davidchus_test.dir/build.make:76: CMakeFiles/davidchus_test.dir/src/test.cpp.o] Error 1
gmake[1]: *** [CMakeFiles/Makefile2:165: CMakeFiles/davidchus_test.dir/all] Error 2
gmake[1]: *** Waiting for unfinished jobs....
gmake[2]: *** [CMakeFiles/solution.dir/build.make:76: CMakeFiles/solution.dir/src/solution.cpp.o] Error 1
gmake[1]: *** [CMakeFiles/Makefile2:139: CMakeFiles/solution.dir/all] Error 2
gmake: *** [Makefile:146: all] Error 2
