[0.020s] Invoking command in '/home/theda/dev_ws/src/autoronto_interview/build/autoronto_interview': CMAKE_PREFIX_PATH=/opt/ros/humble /usr/bin/cmake --build /home/theda/dev_ws/src/autoronto_interview/build/autoronto_interview -- -j4 -l4
[0.053s] -- Found ament_cmake: 1.3.2 (/opt/ros/humble/share/ament_cmake/cmake)
[0.298s] -- Found rclcpp: 16.0.1 (/opt/ros/humble/share/rclcpp/cmake)
[0.472s] -- Found rosidl_generator_c: 3.1.3 (/opt/ros/humble/share/rosidl_generator_c/cmake)
[0.477s] -- Found rosidl_adapter: 3.1.3 (/opt/ros/humble/share/rosidl_adapter/cmake)
[0.487s] -- Found rosidl_generator_cpp: 3.1.3 (/opt/ros/humble/share/rosidl_generator_cpp/cmake)
[0.505s] -- Using all available rosidl_typesupport_c: rosidl_typesupport_fastrtps_c;rosidl_typesupport_introspection_c
[0.531s] -- Using all available rosidl_typesupport_cpp: rosidl_typesupport_fastrtps_cpp;rosidl_typesupport_introspection_cpp
[0.619s] -- Found rmw_implementation_cmake: 6.1.0 (/opt/ros/humble/share/rmw_implementation_cmake/cmake)
[0.621s] -- Found rmw_fastrtps_cpp: 6.2.1 (/opt/ros/humble/share/rmw_fastrtps_cpp/cmake)
[5.998s] -- Using RMW implementation 'rmw_fastrtps_cpp' as default
[6.208s] -- Found ament_lint_auto: 0.12.4 (/opt/ros/humble/share/ament_lint_auto/cmake)
[6.309s] -- Added test 'cppcheck' to perform static code analysis on C / C++ code
[6.309s] -- Configured cppcheck include dirs: 
[6.309s] -- Configured cppcheck exclude dirs and/or files: 
[6.313s] -- Added test 'flake8' to check Python code syntax and style conventions
[6.318s] -- Added test 'lint_cmake' to check CMake code style
[6.321s] -- Added test 'pep257' to check Python code against some of the docstring style conventions in PEP 257
[6.339s] -- Added test 'uncrustify' to check C / C++ code style
[6.340s] -- Configured uncrustify additional arguments: 
[6.342s] -- Added test 'xmllint' to check XML markup files
[6.344s] -- Configuring done
[6.370s] -- Generating done
[6.374s] -- Build files have been written to: /home/theda/dev_ws/src/autoronto_interview/build/autoronto_interview
[6.401s] [35m[1mConsolidate compiler generated dependencies of target davidchus_test[0m
[6.401s] [35m[1mConsolidate compiler generated dependencies of target solution[0m
[6.425s] [ 25%] [32mBuilding CXX object CMakeFiles/solution.dir/src/solution.cpp.o[0m
[6.433s] [ 50%] [32mBuilding CXX object CMakeFiles/davidchus_test.dir/src/test.cpp.o[0m
[11.945s] In file included from [01m[K/home/theda/dev_ws/src/autoronto_interview/src/test.cpp:15[m[K:
[11.945s] [01m[K/home/theda/dev_ws/src/autoronto_interview/src/ivec2str.hpp:[m[K In function ‘[01m[Kvoid test_ivec2str()[m[K’:
[11.946s] [01m[K/home/theda/dev_ws/src/autoronto_interview/src/ivec2str.hpp:34:29:[m[K [01;31m[Kerror: [m[Kcannot bind non-const lvalue reference of type ‘[01m[Kstd::string&[m[K’ {aka ‘[01m[Kstd::__cxx11::basic_string<char>&[m[K’} to an rvalue of type ‘[01m[Kstd::string[m[K’ {aka ‘[01m[Kstd::__cxx11::basic_string<char>[m[K’}
[11.947s]    34 |     test_helper_ivec2str(a, [01;31m[K"[1,2,3,4,5,6,]"[m[K);
[11.947s]       |                             [01;31m[K^~~~~~~~~~~~~~~~[m[K
[11.956s] In file included from [01m[K/usr/include/c++/11/string:55[m[K,
[11.956s]                  from [01m[K/home/theda/dev_ws/src/autoronto_interview/src/test.cpp:8[m[K:
[11.956s] [01m[K/usr/include/c++/11/bits/basic_string.h:533:7:[m[K [01;36m[Knote: [m[K  after user-defined conversion: ‘[01m[Kstd::__cxx11::basic_string<_CharT, _Traits, _Alloc>::basic_string(const _CharT*, const _Alloc&) [with <template-parameter-2-1> = std::allocator<char>; _CharT = char; _Traits = std::char_traits<char>; _Alloc = std::allocator<char>][m[K’
[11.957s]   533 |       [01;36m[Kbasic_string[m[K(const _CharT* __s, const _Alloc& __a = _Alloc())
[11.957s]       |       [01;36m[K^~~~~~~~~~~~[m[K
[11.957s] In file included from [01m[K/home/theda/dev_ws/src/autoronto_interview/src/test.cpp:15[m[K:
[11.958s] [01m[K/home/theda/dev_ws/src/autoronto_interview/src/ivec2str.hpp:24:79:[m[K [01;36m[Knote: [m[K  initializing argument 2 of ‘[01m[Kvoid test_helper_ivec2str(const std::vector<signed char, std::allocator<signed char> >&, std::string&)[m[K’
[11.958s]    24 | void test_helper_ivec2str(const std::vector<std::int8_t> &input, [01;36m[Kstd::string &oracle[m[K) {
[11.958s]       |                                                                  [01;36m[K~~~~~~~~~~~~~^~~~~~[m[K
[11.972s] [01m[K/home/theda/dev_ws/src/autoronto_interview/src/ivec2str.hpp:37:29:[m[K [01;31m[Kerror: [m[Kcannot bind non-const lvalue reference of type ‘[01m[Kstd::string&[m[K’ {aka ‘[01m[Kstd::__cxx11::basic_string<char>&[m[K’} to an rvalue of type ‘[01m[Kstd::string[m[K’ {aka ‘[01m[Kstd::__cxx11::basic_string<char>[m[K’}
[11.972s]    37 |     test_helper_ivec2str(b, [01;31m[K"[]"[m[K);
[11.972s]       |                             [01;31m[K^~~~[m[K
[11.973s] In file included from [01m[K/usr/include/c++/11/string:55[m[K,
[11.973s]                  from [01m[K/home/theda/dev_ws/src/autoronto_interview/src/test.cpp:8[m[K:
[11.992s] [01m[K/usr/include/c++/11/bits/basic_string.h:533:7:[m[K [01;36m[Knote: [m[K  after user-defined conversion: ‘[01m[Kstd::__cxx11::basic_string<_CharT, _Traits, _Alloc>::basic_string(const _CharT*, const _Alloc&) [with <template-parameter-2-1> = std::allocator<char>; _CharT = char; _Traits = std::char_traits<char>; _Alloc = std::allocator<char>][m[K’
[11.993s]   533 |       [01;36m[Kbasic_string[m[K(const _CharT* __s, const _Alloc& __a = _Alloc())
[11.993s]       |       [01;36m[K^~~~~~~~~~~~[m[K
[11.994s] In file included from [01m[K/home/theda/dev_ws/src/autoronto_interview/src/test.cpp:15[m[K:
[11.995s] [01m[K/home/theda/dev_ws/src/autoronto_interview/src/ivec2str.hpp:24:79:[m[K [01;36m[Knote: [m[K  initializing argument 2 of ‘[01m[Kvoid test_helper_ivec2str(const std::vector<signed char, std::allocator<signed char> >&, std::string&)[m[K’
[11.999s]    24 | void test_helper_ivec2str(const std::vector<std::int8_t> &input, [01;36m[Kstd::string &oracle[m[K) {
[11.999s]       |                                                                  [01;36m[K~~~~~~~~~~~~~^~~~~~[m[K
[12.011s] [01m[K/home/theda/dev_ws/src/autoronto_interview/src/ivec2str.hpp:40:29:[m[K [01;31m[Kerror: [m[Kcannot bind non-const lvalue reference of type ‘[01m[Kstd::string&[m[K’ {aka ‘[01m[Kstd::__cxx11::basic_string<char>&[m[K’} to an rvalue of type ‘[01m[Kstd::string[m[K’ {aka ‘[01m[Kstd::__cxx11::basic_string<char>[m[K’}
[12.012s]    40 |     test_helper_ivec2str(c, [01;31m[K"[0,0,-1,-1,2,]"[m[K);
[12.012s]       |                             [01;31m[K^~~~~~~~~~~~~~~~[m[K
[12.014s] In file included from [01m[K/usr/include/c++/11/string:55[m[K,
[12.015s]                  from [01m[K/home/theda/dev_ws/src/autoronto_interview/src/test.cpp:8[m[K:
[12.016s] [01m[K/usr/include/c++/11/bits/basic_string.h:533:7:[m[K [01;36m[Knote: [m[K  after user-defined conversion: ‘[01m[Kstd::__cxx11::basic_string<_CharT, _Traits, _Alloc>::basic_string(const _CharT*, const _Alloc&) [with <template-parameter-2-1> = std::allocator<char>; _CharT = char; _Traits = std::char_traits<char>; _Alloc = std::allocator<char>][m[K’
[12.016s]   533 |       [01;36m[Kbasic_string[m[K(const _CharT* __s, const _Alloc& __a = _Alloc())
[12.017s]       |       [01;36m[K^~~~~~~~~~~~[m[K
[12.022s] In file included from [01m[K/home/theda/dev_ws/src/autoronto_interview/src/test.cpp:15[m[K:
[12.041s] [01m[K/home/theda/dev_ws/src/autoronto_interview/src/ivec2str.hpp:24:79:[m[K [01;36m[Knote: [m[K  initializing argument 2 of ‘[01m[Kvoid test_helper_ivec2str(const std::vector<signed char, std::allocator<signed char> >&, std::string&)[m[K’
[12.042s]    24 | void test_helper_ivec2str(const std::vector<std::int8_t> &input, [01;36m[Kstd::string &oracle[m[K) {
[12.042s]       |                                                                  [01;36m[K~~~~~~~~~~~~~^~~~~~[m[K
[12.042s] [01m[K/home/theda/dev_ws/src/autoronto_interview/src/ivec2str.hpp:43:29:[m[K [01;31m[Kerror: [m[Kcannot bind non-const lvalue reference of type ‘[01m[Kstd::string&[m[K’ {aka ‘[01m[Kstd::__cxx11::basic_string<char>&[m[K’} to an rvalue of type ‘[01m[Kstd::string[m[K’ {aka ‘[01m[Kstd::__cxx11::basic_string<char>[m[K’}
[12.043s]    43 |     test_helper_ivec2str(d, [01;31m[K"[1,]"[m[K);
[12.043s]       |                             [01;31m[K^~~~~~[m[K
[12.043s] In file included from [01m[K/usr/include/c++/11/string:55[m[K,
[12.044s]                  from [01m[K/home/theda/dev_ws/src/autoronto_interview/src/test.cpp:8[m[K:
[12.044s] [01m[K/usr/include/c++/11/bits/basic_string.h:533:7:[m[K [01;36m[Knote: [m[K  after user-defined conversion: ‘[01m[Kstd::__cxx11::basic_string<_CharT, _Traits, _Alloc>::basic_string(const _CharT*, const _Alloc&) [with <template-parameter-2-1> = std::allocator<char>; _CharT = char; _Traits = std::char_traits<char>; _Alloc = std::allocator<char>][m[K’
[12.044s]   533 |       [01;36m[Kbasic_string[m[K(const _CharT* __s, const _Alloc& __a = _Alloc())
[12.045s]       |       [01;36m[K^~~~~~~~~~~~[m[K
[12.045s] In file included from [01m[K/home/theda/dev_ws/src/autoronto_interview/src/test.cpp:15[m[K:
[12.045s] [01m[K/home/theda/dev_ws/src/autoronto_interview/src/ivec2str.hpp:24:79:[m[K [01;36m[Knote: [m[K  initializing argument 2 of ‘[01m[Kvoid test_helper_ivec2str(const std::vector<signed char, std::allocator<signed char> >&, std::string&)[m[K’
[12.046s]    24 | void test_helper_ivec2str(const std::vector<std::int8_t> &input, [01;36m[Kstd::string &oracle[m[K) {
[12.047s]       |                                                                  [01;36m[K~~~~~~~~~~~~~^~~~~~[m[K
[12.047s] [01m[K/home/theda/dev_ws/src/autoronto_interview/src/ivec2str.hpp:46:29:[m[K [01;31m[Kerror: [m[Kcannot bind non-const lvalue reference of type ‘[01m[Kstd::string&[m[K’ {aka ‘[01m[Kstd::__cxx11::basic_string<char>&[m[K’} to an rvalue of type ‘[01m[Kstd::string[m[K’ {aka ‘[01m[Kstd::__cxx11::basic_string<char>[m[K’}
[12.048s]    46 |     test_helper_ivec2str(e, [01;31m[K"[127,-128,]"[m[K);
[12.048s]       |                             [01;31m[K^~~~~~~~~~~~~[m[K
[12.048s] In file included from [01m[K/usr/include/c++/11/string:55[m[K,
[12.049s]                  from [01m[K/home/theda/dev_ws/src/autoronto_interview/src/test.cpp:8[m[K:
[12.049s] [01m[K/usr/include/c++/11/bits/basic_string.h:533:7:[m[K [01;36m[Knote: [m[K  after user-defined conversion: ‘[01m[Kstd::__cxx11::basic_string<_CharT, _Traits, _Alloc>::basic_string(const _CharT*, const _Alloc&) [with <template-parameter-2-1> = std::allocator<char>; _CharT = char; _Traits = std::char_traits<char>; _Alloc = std::allocator<char>][m[K’
[12.049s]   533 |       [01;36m[Kbasic_string[m[K(const _CharT* __s, const _Alloc& __a = _Alloc())
[12.050s]       |       [01;36m[K^~~~~~~~~~~~[m[K
[12.050s] In file included from [01m[K/home/theda/dev_ws/src/autoronto_interview/src/test.cpp:15[m[K:
[12.050s] [01m[K/home/theda/dev_ws/src/autoronto_interview/src/ivec2str.hpp:24:79:[m[K [01;36m[Knote: [m[K  initializing argument 2 of ‘[01m[Kvoid test_helper_ivec2str(const std::vector<signed char, std::allocator<signed char> >&, std::string&)[m[K’
[12.051s]    24 | void test_helper_ivec2str(const std::vector<std::int8_t> &input, [01;36m[Kstd::string &oracle[m[K) {
[12.051s]       |                                                                  [01;36m[K~~~~~~~~~~~~~^~~~~~[m[K
[12.071s] In file included from [01m[K/home/theda/dev_ws/src/autoronto_interview/src/solution.cpp:16[m[K:
[12.072s] [01m[K/home/theda/dev_ws/src/autoronto_interview/src/ivec2str.hpp:[m[K In function ‘[01m[Kvoid test_ivec2str()[m[K’:
[12.072s] [01m[K/home/theda/dev_ws/src/autoronto_interview/src/ivec2str.hpp:34:29:[m[K [01;31m[Kerror: [m[Kcannot bind non-const lvalue reference of type ‘[01m[Kstd::string&[m[K’ {aka ‘[01m[Kstd::__cxx11::basic_string<char>&[m[K’} to an rvalue of type ‘[01m[Kstd::string[m[K’ {aka ‘[01m[Kstd::__cxx11::basic_string<char>[m[K’}
[12.072s]    34 |     test_helper_ivec2str(a, [01;31m[K"[1,2,3,4,5,6,]"[m[K);
[12.073s]       |                             [01;31m[K^~~~~~~~~~~~~~~~[m[K
[12.073s] In file included from [01m[K/usr/include/c++/11/string:55[m[K,
[12.073s]                  from [01m[K/home/theda/dev_ws/src/autoronto_interview/src/solution.cpp:9[m[K:
[12.073s] [01m[K/usr/include/c++/11/bits/basic_string.h:533:7:[m[K [01;36m[Knote: [m[K  after user-defined conversion: ‘[01m[Kstd::__cxx11::basic_string<_CharT, _Traits, _Alloc>::basic_string(const _CharT*, const _Alloc&) [with <template-parameter-2-1> = std::allocator<char>; _CharT = char; _Traits = std::char_traits<char>; _Alloc = std::allocator<char>][m[K’
[12.073s]   533 |       [01;36m[Kbasic_string[m[K(const _CharT* __s, const _Alloc& __a = _Alloc())
[12.073s]       |       [01;36m[K^~~~~~~~~~~~[m[K
[12.074s] In file included from [01m[K/home/theda/dev_ws/src/autoronto_interview/src/solution.cpp:16[m[K:
[12.075s] [01m[K/home/theda/dev_ws/src/autoronto_interview/src/ivec2str.hpp:24:79:[m[K [01;36m[Knote: [m[K  initializing argument 2 of ‘[01m[Kvoid test_helper_ivec2str(const std::vector<signed char, std::allocator<signed char> >&, std::string&)[m[K’
[12.076s]    24 | _ivec2str(const std::vector<std::int8_t> &input, [01;36m[Kstd::string &oracle[m[K) {
[12.076s]       |                                                  [01;36m[K~~~~~~~~~~~~~^~~~~~[m[K
[12.077s] 
[12.077s] [01m[K/home/theda/dev_ws/src/autoronto_interview/src/ivec2str.hpp:37:29:[m[K [01;31m[Kerror: [m[Kcannot bind non-const lvalue reference of type ‘[01m[Kstd::string&[m[K’ {aka ‘[01m[Kstd::__cxx11::basic_string<char>&[m[K’} to an rvalue of type ‘[01m[Kstd::string[m[K’ {aka ‘[01m[Kstd::__cxx11::basic_string<char>[m[K’}
[12.077s]    37 |     test_helper_ivec2str(b, [01;31m[K"[]"[m[K);
[12.078s]       |                             [01;31m[K^~~~[m[K
[12.078s] In file included from [01m[K/usr/include/c++/11/string:55[m[K,
[12.078s]                  from [01m[K/home/theda/dev_ws/src/autoronto_interview/src/solution.cpp:9[m[K:
[12.079s] [01m[K/usr/include/c++/11/bits/basic_string.h:533:7:[m[K [01;36m[Knote: [m[K  after user-defined conversion: ‘[01m[Kstd::__cxx11::basic_string<_CharT, _Traits, _Alloc>::basic_string(const _CharT*, const _Alloc&) [with <template-parameter-2-1> = std::allocator<char>; _CharT = char; _Traits = std::char_traits<char>; _Alloc = std::allocator<char>][m[K’
[12.079s]   533 |       [01;36m[Kbasic_string[m[K(const _CharT* __s, const _Alloc& __a = _Alloc())
[12.080s]       |       [01;36m[K^~~~~~~~~~~~[m[K
[12.080s] In file included from [01m[K/home/theda/dev_ws/src/autoronto_interview/src/solution.cpp:16[m[K:
[12.080s] [01m[K/home/theda/dev_ws/src/autoronto_interview/src/ivec2str.hpp:24:79:[m[K [01;36m[Knote: [m[K  initializing argument 2 of ‘[01m[Kvoid test_helper_ivec2str(const std::vector<signed char, std::allocator<signed char> >&, std::string&)[m[K’
[12.081s]    24 | _ivec2str(const std::vector<std::int8_t> &input, [01;36m[Kstd::string &oracle[m[K) {
[12.081s]       |                                                  [01;36m[K~~~~~~~~~~~~~^~~~~~[m[K
[12.081s] 
[12.082s] [01m[K/home/theda/dev_ws/src/autoronto_interview/src/ivec2str.hpp:40:29:[m[K [01;31m[Kerror: [m[Kcannot bind non-const lvalue reference of type ‘[01m[Kstd::string&[m[K’ {aka ‘[01m[Kstd::__cxx11::basic_string<char>&[m[K’} to an rvalue of type ‘[01m[Kstd::string[m[K’ {aka ‘[01m[Kstd::__cxx11::basic_string<char>[m[K’}
[12.082s]    40 |     test_helper_ivec2str(c, [01;31m[K"[0,0,-1,-1,2,]"[m[K);
[12.082s]       |                             [01;31m[K^~~~~~~~~~~~~~~~[m[K
[12.083s] In file included from [01m[K/usr/include/c++/11/string:55[m[K,
[12.083s]                  from [01m[K/home/theda/dev_ws/src/autoronto_interview/src/solution.cpp:9[m[K:
[12.083s] [01m[K/usr/include/c++/11/bits/basic_string.h:533:7:[m[K [01;36m[Knote: [m[K  after user-defined conversion: ‘[01m[Kstd::__cxx11::basic_string<_CharT, _Traits, _Alloc>::basic_string(const _CharT*, const _Alloc&) [with <template-parameter-2-1> = std::allocator<char>; _CharT = char; _Traits = std::char_traits<char>; _Alloc = std::allocator<char>][m[K’
[12.084s]   533 |       [01;36m[Kbasic_string[m[K(const _CharT* __s, const _Alloc& __a = _Alloc())
[12.084s]       |       [01;36m[K^~~~~~~~~~~~[m[K
[12.084s] In file included from [01m[K/home/theda/dev_ws/src/autoronto_interview/src/solution.cpp:16[m[K:
[12.084s] [01m[K/home/theda/dev_ws/src/autoronto_interview/src/ivec2str.hpp:24:79:[m[K [01;36m[Knote: [m[K  initializing argument 2 of ‘[01m[Kvoid test_helper_ivec2str(const std::vector<signed char, std::allocator<signed char> >&, std::string&)[m[K’
[12.094s]    24 | _ivec2str(const std::vector<std::int8_t> &input, [01;36m[Kstd::string &oracle[m[K) {
[12.094s]       |                                                  [01;36m[K~~~~~~~~~~~~~^~~~~~[m[K
[12.095s] 
[12.095s] [01m[K/home/theda/dev_ws/src/autoronto_interview/src/ivec2str.hpp:43:29:[m[K [01;31m[Kerror: [m[Kcannot bind non-const lvalue reference of type ‘[01m[Kstd::string&[m[K’ {aka ‘[01m[Kstd::__cxx11::basic_string<char>&[m[K’} to an rvalue of type ‘[01m[Kstd::string[m[K’ {aka ‘[01m[Kstd::__cxx11::basic_string<char>[m[K’}
[12.096s]    43 |     test_helper_ivec2str(d, [01;31m[K"[1,]"[m[K);
[12.096s]       |                             [01;31m[K^~~~~~[m[K
[12.097s] In file included from [01m[K/usr/include/c++/11/string:55[m[K,
[12.097s]                  from [01m[K/home/theda/dev_ws/src/autoronto_interview/src/solution.cpp:9[m[K:
[12.097s] [01m[K/usr/include/c++/11/bits/basic_string.h:533:7:[m[K [01;36m[Knote: [m[K  after user-defined conversion: ‘[01m[Kstd::__cxx11::basic_string<_CharT, _Traits, _Alloc>::basic_string(const _CharT*, const _Alloc&) [with <template-parameter-2-1> = std::allocator<char>; _CharT = char; _Traits = std::char_traits<char>; _Alloc = std::allocator<char>][m[K’
[12.098s]   533 |       [01;36m[Kbasic_string[m[K(const _CharT* __s, const _Alloc& __a = _Alloc())
[12.098s]       |       [01;36m[K^~~~~~~~~~~~[m[K
[12.098s] In file included from [01m[K/home/theda/dev_ws/src/autoronto_interview/src/solution.cpp:16[m[K:
[12.099s] [01m[K/home/theda/dev_ws/src/autoronto_interview/src/ivec2str.hpp:24:79:[m[K [01;36m[Knote: [m[K  initializing argument 2 of ‘[01m[Kvoid test_helper_ivec2str(const std::vector<signed char, std::allocator<signed char> >&, std::string&)[m[K’
[12.099s]    24 | _ivec2str(const std::vector<std::int8_t> &input, [01;36m[Kstd::string &oracle[m[K) {
[12.113s]       |                                                  [01;36m[K~~~~~~~~~~~~~^~~~~~[m[K
[12.114s] 
[12.114s] [01m[K/home/theda/dev_ws/src/autoronto_interview/src/ivec2str.hpp:46:29:[m[K [01;31m[Kerror: [m[Kcannot bind non-const lvalue reference of type ‘[01m[Kstd::string&[m[K’ {aka ‘[01m[Kstd::__cxx11::basic_string<char>&[m[K’} to an rvalue of type ‘[01m[Kstd::string[m[K’ {aka ‘[01m[Kstd::__cxx11::basic_string<char>[m[K’}
[12.114s]    46 |     test_helper_ivec2str(e, [01;31m[K"[127,-128,]"[m[K);
[12.115s]       |                             [01;31m[K^~~~~~~~~~~~~[m[K
[12.115s] In file included from [01m[K/usr/include/c++/11/string:55[m[K,
[12.115s]                  from [01m[K/home/theda/dev_ws/src/autoronto_interview/src/solution.cpp:9[m[K:
[12.116s] [01m[K/usr/include/c++/11/bits/basic_string.h:533:7:[m[K [01;36m[Knote: [m[K  after user-defined conversion: ‘[01m[Kstd::__cxx11::basic_string<_CharT, _Traits, _Alloc>::basic_string(const _CharT*, const _Alloc&) [with <template-parameter-2-1> = std::allocator<char>; _CharT = char; _Traits = std::char_traits<char>; _Alloc = std::allocator<char>][m[K’
[12.116s]   533 |       [01;36m[Kbasic_string[m[K(const _CharT* __s, const _Alloc& __a = _Alloc())
[12.116s]       |       [01;36m[K^~~~~~~~~~~~[m[K
[12.116s] In file included from [01m[K/home/theda/dev_ws/src/autoronto_interview/src/solution.cpp:16[m[K:
[12.117s] [01m[K/home/theda/dev_ws/src/autoronto_interview/src/ivec2str.hpp:24:79:[m[K [01;36m[Knote: [m[K  initializing argument 2 of ‘[01m[Kvoid test_helper_ivec2str(const std::vector<signed char, std::allocator<signed char> >&, std::string&)[m[K’
[12.117s]    24 | _ivec2str(const std::vector<std::int8_t> &input, [01;36m[Kstd::string &oracle[m[K) {
[12.118s]       |                                                  [01;36m[K~~~~~~~~~~~~~^~~~~~[m[K
[12.118s] 
[15.282s] gmake[2]: *** [CMakeFiles/davidchus_test.dir/build.make:76: CMakeFiles/davidchus_test.dir/src/test.cpp.o] Error 1
[15.282s] gmake[1]: *** [CMakeFiles/Makefile2:165: CMakeFiles/davidchus_test.dir/all] Error 2
[15.282s] gmake[1]: *** Waiting for unfinished jobs....
[20.456s] gmake[2]: *** [CMakeFiles/solution.dir/build.make:76: CMakeFiles/solution.dir/src/solution.cpp.o] Error 1
[20.456s] gmake[1]: *** [CMakeFiles/Makefile2:139: CMakeFiles/solution.dir/all] Error 2
[20.457s] gmake: *** [Makefile:146: all] Error 2
[20.459s] Invoked command in '/home/theda/dev_ws/src/autoronto_interview/build/autoronto_interview' returned '2': CMAKE_PREFIX_PATH=/opt/ros/humble /usr/bin/cmake --build /home/theda/dev_ws/src/autoronto_interview/build/autoronto_interview -- -j4 -l4
