[35m[1mConsolidate compiler generated dependencies of target solution[0m
[35m[1mConsolidate compiler generated dependencies of target davidchus_test[0m
[ 25%] [32mBuilding CXX object CMakeFiles/solution.dir/src/solution.cpp.o[0m
[ 50%] [32mBuilding CXX object CMakeFiles/davidchus_test.dir/src/test.cpp.o[0m
[ 75%] [32m[1mLinking CXX executable davidchus_test[0m
[ 75%] Built target davidchus_test
[100%] [32m[1mLinking CXX executable solution[0m
[100%] Built target solution
-- Install configuration: ""
-- Installing: /home/theda/dev_ws/src/autoronto_interview/install/autoronto_interview/lib/autoronto_interview/solution
-- Set runtime path of "/home/theda/dev_ws/src/autoronto_interview/install/autoronto_interview/lib/autoronto_interview/solution" to ""
-- Installing: /home/theda/dev_ws/src/autoronto_interview/install/autoronto_interview/lib/autoronto_interview/davidchus_test
-- Set runtime path of "/home/theda/dev_ws/src/autoronto_interview/install/autoronto_interview/lib/autoronto_interview/davidchus_test" to ""
-- Up-to-date: /home/theda/dev_ws/src/autoronto_interview/install/autoronto_interview/share/ament_index/resource_index/package_run_dependencies/autoronto_interview
-- Up-to-date: /home/theda/dev_ws/src/autoronto_interview/install/autoronto_interview/share/ament_index/resource_index/parent_prefix_path/autoronto_interview
-- Up-to-date: /home/theda/dev_ws/src/autoronto_interview/install/autoronto_interview/share/autoronto_interview/environment/ament_prefix_path.sh
-- Up-to-date: /home/theda/dev_ws/src/autoronto_interview/install/autoronto_interview/share/autoronto_interview/environment/ament_prefix_path.dsv
-- Up-to-date: /home/theda/dev_ws/src/autoronto_interview/install/autoronto_interview/share/autoronto_interview/environment/path.sh
-- Up-to-date: /home/theda/dev_ws/src/autoronto_interview/install/autoronto_interview/share/autoronto_interview/environment/path.dsv
-- Up-to-date: /home/theda/dev_ws/src/autoronto_interview/install/autoronto_interview/share/autoronto_interview/local_setup.bash
-- Up-to-date: /home/theda/dev_ws/src/autoronto_interview/install/autoronto_interview/share/autoronto_interview/local_setup.sh
-- Up-to-date: /home/theda/dev_ws/src/autoronto_interview/install/autoronto_interview/share/autoronto_interview/local_setup.zsh
-- Up-to-date: /home/theda/dev_ws/src/autoronto_interview/install/autoronto_interview/share/autoronto_interview/local_setup.dsv
-- Installing: /home/theda/dev_ws/src/autoronto_interview/install/autoronto_interview/share/autoronto_interview/package.dsv
-- Up-to-date: /home/theda/dev_ws/src/autoronto_interview/install/autoronto_interview/share/ament_index/resource_index/packages/autoronto_interview
-- Up-to-date: /home/theda/dev_ws/src/autoronto_interview/install/autoronto_interview/share/autoronto_interview/cmake/autoronto_interviewConfig.cmake
-- Up-to-date: /home/theda/dev_ws/src/autoronto_interview/install/autoronto_interview/share/autoronto_interview/cmake/autoronto_interviewConfig-version.cmake
-- Up-to-date: /home/theda/dev_ws/src/autoronto_interview/install/autoronto_interview/share/autoronto_interview/package.xml
