[0.023s] Invoking command in '/home/theda/dev_ws/src/autoronto_interview/build/autoronto_interview': CMAKE_PREFIX_PATH=${CMAKE_PREFIX_PATH}:/opt/ros/humble /usr/bin/cmake --build /home/theda/dev_ws/src/autoronto_interview/build/autoronto_interview -- -j4 -l4
[0.095s] [ 50%] [32mBuilding CXX object CMakeFiles/solution.dir/src/solution.cpp.o[0m
[17.051s] [100%] [32m[1mLinking CXX executable solution[0m
[18.080s] [100%] Built target solution
[18.095s] Invoked command in '/home/theda/dev_ws/src/autoronto_interview/build/autoronto_interview' returned '0': CMAKE_PREFIX_PATH=${CMAKE_PREFIX_PATH}:/opt/ros/humble /usr/bin/cmake --build /home/theda/dev_ws/src/autoronto_interview/build/autoronto_interview -- -j4 -l4
[18.136s] Invoking command in '/home/theda/dev_ws/src/autoronto_interview/build/autoronto_interview': CMAKE_PREFIX_PATH=${CMAKE_PREFIX_PATH}:/opt/ros/humble /usr/bin/cmake --install /home/theda/dev_ws/src/autoronto_interview/build/autoronto_interview
[18.144s] -- Install configuration: ""
[18.144s] -- Installing: /home/theda/dev_ws/src/autoronto_interview/install/autoronto_interview/lib/autoronto_interview/solution
[18.151s] -- Set runtime path of "/home/theda/dev_ws/src/autoronto_interview/install/autoronto_interview/lib/autoronto_interview/solution" to ""
[18.151s] -- Up-to-date: /home/theda/dev_ws/src/autoronto_interview/install/autoronto_interview/share/ament_index/resource_index/package_run_dependencies/autoronto_interview
[18.152s] -- Up-to-date: /home/theda/dev_ws/src/autoronto_interview/install/autoronto_interview/share/ament_index/resource_index/parent_prefix_path/autoronto_interview
[18.154s] -- Up-to-date: /home/theda/dev_ws/src/autoronto_interview/install/autoronto_interview/share/autoronto_interview/environment/ament_prefix_path.sh
[18.154s] -- Up-to-date: /home/theda/dev_ws/src/autoronto_interview/install/autoronto_interview/share/autoronto_interview/environment/ament_prefix_path.dsv
[18.155s] -- Up-to-date: /home/theda/dev_ws/src/autoronto_interview/install/autoronto_interview/share/autoronto_interview/environment/path.sh
[18.156s] -- Up-to-date: /home/theda/dev_ws/src/autoronto_interview/install/autoronto_interview/share/autoronto_interview/environment/path.dsv
[18.156s] -- Up-to-date: /home/theda/dev_ws/src/autoronto_interview/install/autoronto_interview/share/autoronto_interview/local_setup.bash
[18.156s] -- Up-to-date: /home/theda/dev_ws/src/autoronto_interview/install/autoronto_interview/share/autoronto_interview/local_setup.sh
[18.156s] -- Up-to-date: /home/theda/dev_ws/src/autoronto_interview/install/autoronto_interview/share/autoronto_interview/local_setup.zsh
[18.156s] -- Up-to-date: /home/theda/dev_ws/src/autoronto_interview/install/autoronto_interview/share/autoronto_interview/local_setup.dsv
[18.157s] -- Installing: /home/theda/dev_ws/src/autoronto_interview/install/autoronto_interview/share/autoronto_interview/package.dsv
[18.157s] -- Up-to-date: /home/theda/dev_ws/src/autoronto_interview/install/autoronto_interview/share/ament_index/resource_index/packages/autoronto_interview
[18.157s] -- Up-to-date: /home/theda/dev_ws/src/autoronto_interview/install/autoronto_interview/share/autoronto_interview/cmake/autoronto_interviewConfig.cmake
[18.157s] -- Up-to-date: /home/theda/dev_ws/src/autoronto_interview/install/autoronto_interview/share/autoronto_interview/cmake/autoronto_interviewConfig-version.cmake
[18.157s] -- Up-to-date: /home/theda/dev_ws/src/autoronto_interview/install/autoronto_interview/share/autoronto_interview/package.xml
[18.175s] Invoked command in '/home/theda/dev_ws/src/autoronto_interview/build/autoronto_interview' returned '0': CMAKE_PREFIX_PATH=${CMAKE_PREFIX_PATH}:/opt/ros/humble /usr/bin/cmake --install /home/theda/dev_ws/src/autoronto_interview/build/autoronto_interview
