[0.490s] DEBUG:colcon:Command line arguments: ['/usr/bin/colcon', 'build', '--packages-select', 'autoronto_interview']
[0.490s] DEBUG:colcon:Parsed command line arguments: Namespace(log_base=None, log_level=None, verb_name='build', build_base='build', install_base='install', merge_install=False, symlink_install=False, test_result_base=None, continue_on_error=False, executor='parallel', parallel_workers=4, event_handlers=None, ignore_user_meta=False, metas=['./colcon.meta'], base_paths=['.'], packages_ignore=None, packages_ignore_regex=None, paths=None, packages_up_to=None, packages_up_to_regex=None, packages_above=None, packages_above_and_dependencies=None, packages_above_depth=None, packages_select_by_dep=None, packages_skip_by_dep=None, packages_skip_up_to=None, packages_select_build_failed=False, packages_skip_build_finished=False, packages_select_test_failures=False, packages_skip_test_passed=False, packages_select=['autoronto_interview'], packages_skip=None, packages_select_regex=None, packages_skip_regex=None, packages_start=None, packages_end=None, allow_overriding=[], cmake_args=None, cmake_target=None, cmake_target_skip_unavailable=False, cmake_clean_cache=False, cmake_clean_first=False, cmake_force_configure=False, ament_cmake_args=None, catkin_cmake_args=None, catkin_skip_building_tests=False, verb_parser=<colcon_defaults.argument_parser.defaults.DefaultArgumentsDecorator object at 0x7f717691fa90>, verb_extension=<colcon_core.verb.build.BuildVerb object at 0x7f717720e680>, main=<bound method BuildVerb.main of <colcon_core.verb.build.BuildVerb object at 0x7f717720e680>>)
[0.523s] Level 1:colcon.colcon_core.package_discovery:discover_packages(colcon_meta) check parameters
[0.523s] Level 1:colcon.colcon_core.package_discovery:discover_packages(recursive) check parameters
[0.523s] Level 1:colcon.colcon_core.package_discovery:discover_packages(ignore) check parameters
[0.523s] Level 1:colcon.colcon_core.package_discovery:discover_packages(path) check parameters
[0.523s] Level 1:colcon.colcon_core.package_discovery:discover_packages(colcon_meta) discover
[0.524s] Level 1:colcon.colcon_core.package_discovery:discover_packages(recursive) discover
[0.524s] INFO:colcon.colcon_core.package_discovery:Crawling recursively for packages in '/home/theda/dev_ws/src/autoronto_interview'
[0.524s] Level 1:colcon.colcon_core.package_identification:_identify(.) by extensions ['ignore', 'ignore_ament_install']
[0.524s] Level 1:colcon.colcon_core.package_identification:_identify(.) by extension 'ignore'
[0.524s] Level 1:colcon.colcon_core.package_identification:_identify(.) by extension 'ignore_ament_install'
[0.524s] Level 1:colcon.colcon_core.package_identification:_identify(.) by extensions ['colcon_pkg']
[0.524s] Level 1:colcon.colcon_core.package_identification:_identify(.) by extension 'colcon_pkg'
[0.524s] Level 1:colcon.colcon_core.package_identification:_identify(.) by extensions ['colcon_meta']
[0.525s] Level 1:colcon.colcon_core.package_identification:_identify(.) by extension 'colcon_meta'
[0.525s] Level 1:colcon.colcon_core.package_identification:_identify(.) by extensions ['ros']
[0.525s] Level 1:colcon.colcon_core.package_identification:_identify(.) by extension 'ros'
[0.543s] DEBUG:colcon.colcon_core.package_identification:Package '.' with type 'ros.ament_cmake' and name 'autoronto_interview'
[0.543s] Level 1:colcon.colcon_core.package_discovery:discover_packages(recursive) using defaults
[0.543s] Level 1:colcon.colcon_core.package_discovery:discover_packages(ignore) discover
[0.543s] Level 1:colcon.colcon_core.package_discovery:discover_packages(ignore) using defaults
[0.543s] Level 1:colcon.colcon_core.package_discovery:discover_packages(path) discover
[0.543s] Level 1:colcon.colcon_core.package_discovery:discover_packages(path) using defaults
[0.589s] Level 1:colcon.colcon_core.package_discovery:discover_packages(prefix_path) check parameters
[0.589s] Level 1:colcon.colcon_core.package_discovery:discover_packages(prefix_path) discover
[0.591s] DEBUG:colcon.colcon_installed_package_information.package_discovery:Found 1 installed packages in /home/theda/dev_ws/src/autoronto_interview/install
[0.593s] DEBUG:colcon.colcon_installed_package_information.package_discovery:Found 180 installed packages in /opt/ros/humble
[0.594s] Level 1:colcon.colcon_core.package_discovery:discover_packages(prefix_path) using defaults
[0.646s] Level 5:colcon.colcon_core.verb:set package 'autoronto_interview' build argument 'cmake_args' from command line to 'None'
[0.646s] Level 5:colcon.colcon_core.verb:set package 'autoronto_interview' build argument 'cmake_target' from command line to 'None'
[0.646s] Level 5:colcon.colcon_core.verb:set package 'autoronto_interview' build argument 'cmake_target_skip_unavailable' from command line to 'False'
[0.647s] Level 5:colcon.colcon_core.verb:set package 'autoronto_interview' build argument 'cmake_clean_cache' from command line to 'False'
[0.648s] Level 5:colcon.colcon_core.verb:set package 'autoronto_interview' build argument 'cmake_clean_first' from command line to 'False'
[0.649s] Level 5:colcon.colcon_core.verb:set package 'autoronto_interview' build argument 'cmake_force_configure' from command line to 'False'
[0.649s] Level 5:colcon.colcon_core.verb:set package 'autoronto_interview' build argument 'ament_cmake_args' from command line to 'None'
[0.649s] Level 5:colcon.colcon_core.verb:set package 'autoronto_interview' build argument 'catkin_cmake_args' from command line to 'None'
[0.649s] Level 5:colcon.colcon_core.verb:set package 'autoronto_interview' build argument 'catkin_skip_building_tests' from command line to 'False'
[0.650s] DEBUG:colcon.colcon_core.verb:Building package 'autoronto_interview' with the following arguments: {'ament_cmake_args': None, 'build_base': '/home/theda/dev_ws/src/autoronto_interview/build/autoronto_interview', 'catkin_cmake_args': None, 'catkin_skip_building_tests': False, 'cmake_args': None, 'cmake_clean_cache': False, 'cmake_clean_first': False, 'cmake_force_configure': False, 'cmake_target': None, 'cmake_target_skip_unavailable': False, 'install_base': '/home/theda/dev_ws/src/autoronto_interview/install/autoronto_interview', 'merge_install': False, 'path': '/home/theda/dev_ws/src/autoronto_interview', 'symlink_install': False, 'test_result_base': None}
[0.651s] INFO:colcon.colcon_core.executor:Executing jobs using 'parallel' executor
[0.656s] DEBUG:colcon.colcon_parallel_executor.executor.parallel:run_until_complete
[0.656s] INFO:colcon.colcon_ros.task.ament_cmake.build:Building ROS package in '/home/theda/dev_ws/src/autoronto_interview' with build type 'ament_cmake'
[0.656s] INFO:colcon.colcon_cmake.task.cmake.build:Building CMake package in '/home/theda/dev_ws/src/autoronto_interview'
[0.667s] INFO:colcon.colcon_core.plugin_system:Skipping extension 'colcon_core.shell.bat': Not used on non-Windows systems
[0.667s] INFO:colcon.colcon_core.shell:Skip shell extension 'powershell' for command environment: Not usable outside of PowerShell
[0.667s] DEBUG:colcon.colcon_core.shell:Skip shell extension 'dsv' for command environment
[0.687s] DEBUG:colcon.colcon_core.event_handler.log_command:Invoking command in '/home/theda/dev_ws/src/autoronto_interview/build/autoronto_interview': CMAKE_PREFIX_PATH=${CMAKE_PREFIX_PATH}:/opt/ros/humble /usr/bin/cmake --build /home/theda/dev_ws/src/autoronto_interview/build/autoronto_interview -- -j4 -l4
[13.372s] DEBUG:colcon.colcon_core.event_handler.log_command:Invoked command in '/home/theda/dev_ws/src/autoronto_interview/build/autoronto_interview' returned '0': CMAKE_PREFIX_PATH=${CMAKE_PREFIX_PATH}:/opt/ros/humble /usr/bin/cmake --build /home/theda/dev_ws/src/autoronto_interview/build/autoronto_interview -- -j4 -l4
[13.405s] DEBUG:colcon.colcon_core.event_handler.log_command:Invoking command in '/home/theda/dev_ws/src/autoronto_interview/build/autoronto_interview': CMAKE_PREFIX_PATH=${CMAKE_PREFIX_PATH}:/opt/ros/humble /usr/bin/cmake --install /home/theda/dev_ws/src/autoronto_interview/build/autoronto_interview
[13.424s] Level 1:colcon.colcon_core.environment:create_environment_scripts_only(autoronto_interview)
[13.434s] DEBUG:colcon.colcon_core.event_handler.log_command:Invoked command in '/home/theda/dev_ws/src/autoronto_interview/build/autoronto_interview' returned '0': CMAKE_PREFIX_PATH=${CMAKE_PREFIX_PATH}:/opt/ros/humble /usr/bin/cmake --install /home/theda/dev_ws/src/autoronto_interview/build/autoronto_interview
[13.435s] Level 1:colcon.colcon_core.environment:checking '/home/theda/dev_ws/src/autoronto_interview/install/autoronto_interview' for CMake module files
[13.437s] Level 1:colcon.colcon_core.environment:checking '/home/theda/dev_ws/src/autoronto_interview/install/autoronto_interview' for CMake config files
[13.437s] Level 1:colcon.colcon_core.shell:create_environment_hook('autoronto_interview', 'cmake_prefix_path')
[13.440s] INFO:colcon.colcon_core.shell:Creating environment hook '/home/theda/dev_ws/src/autoronto_interview/install/autoronto_interview/share/autoronto_interview/hook/cmake_prefix_path.ps1'
[13.441s] INFO:colcon.colcon_core.shell:Creating environment descriptor '/home/theda/dev_ws/src/autoronto_interview/install/autoronto_interview/share/autoronto_interview/hook/cmake_prefix_path.dsv'
[13.441s] INFO:colcon.colcon_core.shell:Creating environment hook '/home/theda/dev_ws/src/autoronto_interview/install/autoronto_interview/share/autoronto_interview/hook/cmake_prefix_path.sh'
[13.442s] Level 1:colcon.colcon_core.environment:checking '/home/theda/dev_ws/src/autoronto_interview/install/autoronto_interview/lib'
[13.443s] Level 1:colcon.colcon_core.environment:checking '/home/theda/dev_ws/src/autoronto_interview/install/autoronto_interview/bin'
[13.443s] Level 1:colcon.colcon_core.environment:checking '/home/theda/dev_ws/src/autoronto_interview/install/autoronto_interview/lib/pkgconfig/autoronto_interview.pc'
[13.443s] Level 1:colcon.colcon_core.environment:checking '/home/theda/dev_ws/src/autoronto_interview/install/autoronto_interview/lib/python3.10/site-packages'
[13.444s] Level 1:colcon.colcon_core.environment:checking '/home/theda/dev_ws/src/autoronto_interview/install/autoronto_interview/bin'
[13.445s] INFO:colcon.colcon_core.shell:Creating package script '/home/theda/dev_ws/src/autoronto_interview/install/autoronto_interview/share/autoronto_interview/package.ps1'
[13.446s] INFO:colcon.colcon_core.shell:Creating package descriptor '/home/theda/dev_ws/src/autoronto_interview/install/autoronto_interview/share/autoronto_interview/package.dsv'
[13.447s] INFO:colcon.colcon_core.shell:Creating package script '/home/theda/dev_ws/src/autoronto_interview/install/autoronto_interview/share/autoronto_interview/package.sh'
[13.448s] INFO:colcon.colcon_core.shell:Creating package script '/home/theda/dev_ws/src/autoronto_interview/install/autoronto_interview/share/autoronto_interview/package.bash'
[13.449s] INFO:colcon.colcon_core.shell:Creating package script '/home/theda/dev_ws/src/autoronto_interview/install/autoronto_interview/share/autoronto_interview/package.zsh'
[13.450s] Level 1:colcon.colcon_core.environment:create_file_with_runtime_dependencies(/home/theda/dev_ws/src/autoronto_interview/install/autoronto_interview/share/colcon-core/packages/autoronto_interview)
[13.478s] Level 1:colcon.colcon_core.environment:create_environment_scripts_only(autoronto_interview)
[13.480s] Level 1:colcon.colcon_core.environment:checking '/home/theda/dev_ws/src/autoronto_interview/install/autoronto_interview' for CMake module files
[13.481s] Level 1:colcon.colcon_core.environment:checking '/home/theda/dev_ws/src/autoronto_interview/install/autoronto_interview' for CMake config files
[13.481s] Level 1:colcon.colcon_core.shell:create_environment_hook('autoronto_interview', 'cmake_prefix_path')
[13.482s] INFO:colcon.colcon_core.shell:Creating environment hook '/home/theda/dev_ws/src/autoronto_interview/install/autoronto_interview/share/autoronto_interview/hook/cmake_prefix_path.ps1'
[13.483s] INFO:colcon.colcon_core.shell:Creating environment descriptor '/home/theda/dev_ws/src/autoronto_interview/install/autoronto_interview/share/autoronto_interview/hook/cmake_prefix_path.dsv'
[13.484s] INFO:colcon.colcon_core.shell:Creating environment hook '/home/theda/dev_ws/src/autoronto_interview/install/autoronto_interview/share/autoronto_interview/hook/cmake_prefix_path.sh'
[13.484s] Level 1:colcon.colcon_core.environment:checking '/home/theda/dev_ws/src/autoronto_interview/install/autoronto_interview/lib'
[13.485s] Level 1:colcon.colcon_core.environment:checking '/home/theda/dev_ws/src/autoronto_interview/install/autoronto_interview/bin'
[13.485s] Level 1:colcon.colcon_core.environment:checking '/home/theda/dev_ws/src/autoronto_interview/install/autoronto_interview/lib/pkgconfig/autoronto_interview.pc'
[13.485s] Level 1:colcon.colcon_core.environment:checking '/home/theda/dev_ws/src/autoronto_interview/install/autoronto_interview/lib/python3.10/site-packages'
[13.485s] Level 1:colcon.colcon_core.environment:checking '/home/theda/dev_ws/src/autoronto_interview/install/autoronto_interview/bin'
[13.487s] INFO:colcon.colcon_core.shell:Creating package script '/home/theda/dev_ws/src/autoronto_interview/install/autoronto_interview/share/autoronto_interview/package.ps1'
[13.488s] INFO:colcon.colcon_core.shell:Creating package descriptor '/home/theda/dev_ws/src/autoronto_interview/install/autoronto_interview/share/autoronto_interview/package.dsv'
[13.489s] INFO:colcon.colcon_core.shell:Creating package script '/home/theda/dev_ws/src/autoronto_interview/install/autoronto_interview/share/autoronto_interview/package.sh'
[13.489s] INFO:colcon.colcon_core.shell:Creating package script '/home/theda/dev_ws/src/autoronto_interview/install/autoronto_interview/share/autoronto_interview/package.bash'
[13.490s] INFO:colcon.colcon_core.shell:Creating package script '/home/theda/dev_ws/src/autoronto_interview/install/autoronto_interview/share/autoronto_interview/package.zsh'
[13.491s] Level 1:colcon.colcon_core.environment:create_file_with_runtime_dependencies(/home/theda/dev_ws/src/autoronto_interview/install/autoronto_interview/share/colcon-core/packages/autoronto_interview)
[13.491s] DEBUG:colcon.colcon_parallel_executor.executor.parallel:closing loop
[13.492s] DEBUG:colcon.colcon_parallel_executor.executor.parallel:loop closed
[13.492s] DEBUG:colcon.colcon_parallel_executor.executor.parallel:run_until_complete finished with '0'
[13.492s] DEBUG:colcon.colcon_core.event_reactor:joining thread
[13.556s] INFO:colcon.colcon_core.plugin_system:Skipping extension 'colcon_notification.desktop_notification.notify_send': Could not find 'notify-send'
[13.556s] INFO:colcon.colcon_core.plugin_system:Skipping extension 'colcon_notification.desktop_notification.terminal_notifier': Not used on non-Darwin systems
[13.556s] INFO:colcon.colcon_core.plugin_system:Skipping extension 'colcon_notification.desktop_notification.win32': Not used on non-Windows systems
[13.556s] INFO:colcon.colcon_notification.desktop_notification:Sending desktop notification using 'notify2'
[13.556s] DEBUG:colcon.colcon_notification.desktop_notification.notify2:Failed to initialize notify2: org.freedesktop.DBus.Error.NotSupported: Unable to autolaunch a dbus-daemon without a $DISPLAY for X11
[13.557s] DEBUG:colcon.colcon_core.event_reactor:joined thread
[13.558s] INFO:colcon.colcon_core.shell:Creating prefix script '/home/theda/dev_ws/src/autoronto_interview/install/local_setup.ps1'
[13.559s] INFO:colcon.colcon_core.shell:Creating prefix util module '/home/theda/dev_ws/src/autoronto_interview/install/_local_setup_util_ps1.py'
[13.560s] INFO:colcon.colcon_core.shell:Creating prefix chain script '/home/theda/dev_ws/src/autoronto_interview/install/setup.ps1'
[13.562s] INFO:colcon.colcon_core.shell:Creating prefix script '/home/theda/dev_ws/src/autoronto_interview/install/local_setup.sh'
[13.563s] INFO:colcon.colcon_core.shell:Creating prefix util module '/home/theda/dev_ws/src/autoronto_interview/install/_local_setup_util_sh.py'
[13.563s] INFO:colcon.colcon_core.shell:Creating prefix chain script '/home/theda/dev_ws/src/autoronto_interview/install/setup.sh'
[13.565s] INFO:colcon.colcon_core.shell:Creating prefix script '/home/theda/dev_ws/src/autoronto_interview/install/local_setup.bash'
[13.566s] INFO:colcon.colcon_core.shell:Creating prefix chain script '/home/theda/dev_ws/src/autoronto_interview/install/setup.bash'
[13.567s] INFO:colcon.colcon_core.shell:Creating prefix script '/home/theda/dev_ws/src/autoronto_interview/install/local_setup.zsh'
[13.568s] INFO:colcon.colcon_core.shell:Creating prefix chain script '/home/theda/dev_ws/src/autoronto_interview/install/setup.zsh'
